#
# There is insufficient memory for the Java Runtime Environment to continue.
# Native memory allocation (malloc) failed to allocate 132120576 bytes for committing reserved memory.
# Possible reasons:
#   The system is out of physical RAM or swap space
#   In 32 bit mode, the process size limit was hit
# Possible solutions:
#   Reduce memory load on the system
#   Increase physical memory or swap space
#   Check if swap backing store is full
#   Use 64 bit Java on a 64 bit OS
#   Decrease Java heap size (-Xmx/-Xms)
#   Decrease number of Java threads
#   Decrease Java thread stack sizes (-Xss)
#   Set larger code cache with -XX:ReservedCodeCacheSize=
# This output file may be truncated or incomplete.
#
#  Out of Memory Error (os_linux.cpp:2827), pid=8816, tid=140257412937472
#
# JRE version: OpenJDK Runtime Environment (7.0_101) (build 1.7.0_101-b00)
# Java VM: OpenJDK 64-Bit Server VM (24.95-b01 mixed mode linux-amd64 compressed oops)
# Derivative: IcedTea 2.6.6
# Distribution: Ubuntu 15.10, package 7u101-2.6.6-0ubuntu0.15.10.1
# Failed to write core dump. Core dumps have been disabled. To enable core dumping, try "ulimit -c unlimited" before starting Java again
#

---------------  T H R E A D  ---------------

Current thread (0x00007f9040071800):  VMThread [stack: 0x00007f9039367000,0x00007f9039468000] [id=8829]

Stack: [0x00007f9039367000,0x00007f9039468000],  sp=0x00007f90394664f0,  free space=1021k
Native frames: (J=compiled Java code, j=interpreted, Vv=VM code, C=native code)
V  [libjvm.so+0x996303]
V  [libjvm.so+0x48b94f]
V  [libjvm.so+0x802a2b]
V  [libjvm.so+0x7fce1e]
V  [libjvm.so+0x872f2b]
V  [libjvm.so+0x874873]
V  [libjvm.so+0x870af8]
V  [libjvm.so+0x870ddc]
V  [libjvm.so+0x8263e3]
V  [libjvm.so+0x997da2]
V  [libjvm.so+0x99cae7]
V  [libjvm.so+0x99a378]
V  [libjvm.so+0x99b6ef]
V  [libjvm.so+0x99bbe1]
V  [libjvm.so+0x7ff952]

VM_Operation (0x00007f90473ecd30): ParallelGCFailedAllocation, mode: safepoint, requested by thread 0x00007f904000a800


---------------  P R O C E S S  ---------------

Java Threads: ( => current thread )
  0x00007f90400ad800 JavaThread "Service Thread" daemon [_thread_blocked, id=8838, stack(0x00007f903867e000,0x00007f903877f000)]
  0x00007f90400ab000 JavaThread "C2 CompilerThread1" daemon [_thread_blocked, id=8837, stack(0x00007f903877f000,0x00007f9038880000)]
  0x00007f90400a8000 JavaThread "C2 CompilerThread0" daemon [_thread_blocked, id=8836, stack(0x00007f9038880000,0x00007f9038981000)]
  0x00007f90400a6000 JavaThread "Signal Dispatcher" daemon [_thread_blocked, id=8835, stack(0x00007f9038981000,0x00007f9038a82000)]
  0x00007f9040078000 JavaThread "Finalizer" daemon [_thread_blocked, id=8833, stack(0x00007f9039165000,0x00007f9039266000)]
  0x00007f9040076000 JavaThread "Reference Handler" daemon [_thread_blocked, id=8831, stack(0x00007f9039266000,0x00007f9039367000)]
  0x00007f904000a800 JavaThread "main" [_thread_blocked, id=8823, stack(0x00007f90472ee000,0x00007f90473ef000)]

Other Threads:
=>0x00007f9040071800 VMThread [stack: 0x00007f9039367000,0x00007f9039468000] [id=8829]
  0x00007f90400b8000 WatcherThread [stack: 0x00007f903857d000,0x00007f903867e000] [id=8839]

VM state:at safepoint (normal execution)

VM Mutex/Monitor currently owned by a thread:  ([mutex/lock_event])
[0x00007f9040006ae0] Threads_lock - owner thread: 0x00007f9040071800
[0x00007f9040006fe0] Heap_lock - owner thread: 0x00007f904000a800

Heap
 PSYoungGen      total 126464K, used 13796K [0x00000000eaa80000, 0x00000000f3580000, 0x0000000100000000)
  eden space 112640K, 0% used [0x00000000eaa80000,0x00000000eaa80000,0x00000000f1880000)
  from space 13824K, 99% used [0x00000000f1880000,0x00000000f25f9078,0x00000000f2600000)
  to   space 11776K, 0% used [0x00000000f2600000,0x00000000f2600000,0x00000000f3180000)
 ParOldGen       total 37376K, used 36567K [0x00000000c0000000, 0x00000000c2480000, 0x00000000eaa80000)
  object space 37376K, 97% used [0x00000000c0000000,0x00000000c23b5f68,0x00000000c2480000)
 PSPermGen       total 21504K, used 6077K [0x00000000b5a00000, 0x00000000b6f00000, 0x00000000c0000000)
  object space 21504K, 28% used [0x00000000b5a00000,0x00000000b5fef760,0x00000000b6f00000)

Card table byte_map: [0x00007f903cba3000,0x00007f903cdf7000] byte_map_base: 0x00007f903c5f6000

Polling page: 0x00007f9047414000

Code Cache  [0x00007f903cdf7000, 0x00007f903d0b7000, 0x00007f903fdf7000)
 total_blobs=877 nmethods=650 adapters=181 free_code_cache=46417Kb largest_free_block=47471616

Compilation events (10 events):
Event: 16,244 Thread 0x00007f90400a8000 nmethod 671 0x00007f903d08be90 code [0x00007f903d08bfe0, 0x00007f903d08c198]
Event: 16,318 Thread 0x00007f90400ab000 nmethod 660 0x00007f903d0a0f50 code [0x00007f903d0a2b60, 0x00007f903d0a95a8]
Event: 16,371 Thread 0x00007f90400a8000  672             com.android.dx.util.IntList::indexOf (16 bytes)
Event: 16,378 Thread 0x00007f90400a8000 nmethod 672 0x00007f903d08b990 code [0x00007f903d08bae0, 0x00007f903d08bcb8]
Event: 16,378 Thread 0x00007f90400a8000  673 % !         com.android.dx.cf.code.Ropper::processBlock @ 1035 (1101 bytes)
Event: 16,404 Thread 0x00007f90400a8000 nmethod 673% 0x00007f903cf7add0 code [0x00007f903cf7afa0, 0x00007f903cf7b8b8]
Event: 16,405 Thread 0x00007f90400ab000  674   !         com.android.dx.cf.code.Ropper::processBlock (1101 bytes)
Event: 16,412 Thread 0x00007f90400a8000  675             com.android.dx.ssa.LiteralOpUpgrader::access$000 (6 bytes)
Event: 16,421 Thread 0x00007f90400a8000 nmethod 675 0x00007f903d08acd0 code [0x00007f903d08aec0, 0x00007f903d08b230]
Event: 16,450 Thread 0x00007f90400a8000  676   !         com.android.dx.cf.code.BytecodeArray::parseInstruction (2764 bytes)

GC Heap History (10 events):
Event: 5,002 GC heap after
Heap after GC invocations=2 (full 0):
 PSYoungGen      total 30720K, used 2039K [0x00000000eaa80000, 0x00000000eca80000, 0x0000000100000000)
  eden space 28672K, 0% used [0x00000000eaa80000,0x00000000eaa80000,0x00000000ec680000)
  from space 2048K, 99% used [0x00000000ec880000,0x00000000eca7dc88,0x00000000eca80000)
  to   space 2048K, 0% used [0x00000000ec680000,0x00000000ec680000,0x00000000ec880000)
 ParOldGen       total 36352K, used 4133K [0x00000000c0000000, 0x00000000c2380000, 0x00000000eaa80000)
  object space 36352K, 11% used [0x00000000c0000000,0x00000000c0409740,0x00000000c2380000)
 PSPermGen       total 21504K, used 5852K [0x00000000b5a00000, 0x00000000b6f00000, 0x00000000c0000000)
  object space 21504K, 27% used [0x00000000b5a00000,0x00000000b5fb7258,0x00000000b6f00000)
}
Event: 7,590 GC heap before
{Heap before GC invocations=3 (full 0):
 PSYoungGen      total 30720K, used 30711K [0x00000000eaa80000, 0x00000000eca80000, 0x0000000100000000)
  eden space 28672K, 100% used [0x00000000eaa80000,0x00000000ec680000,0x00000000ec680000)
  from space 2048K, 99% used [0x00000000ec880000,0x00000000eca7dc88,0x00000000eca80000)
  to   space 2048K, 0% used [0x00000000ec680000,0x00000000ec680000,0x00000000ec880000)
 ParOldGen       total 36352K, used 4133K [0x00000000c0000000, 0x00000000c2380000, 0x00000000eaa80000)
  object space 36352K, 11% used [0x00000000c0000000,0x00000000c0409740,0x00000000c2380000)
 PSPermGen       total 21504K, used 5911K [0x00000000b5a00000, 0x00000000b6f00000, 0x00000000c0000000)
  object space 21504K, 27% used [0x00000000b5a00000,0x00000000b5fc5f00,0x00000000b6f00000)
Event: 7,664 GC heap after
Heap after GC invocations=3 (full 0):
 PSYoungGen      total 30720K, used 2036K [0x00000000eaa80000, 0x00000000ee680000, 0x0000000100000000)
  eden space 28672K, 0% used [0x00000000eaa80000,0x00000000eaa80000,0x00000000ec680000)
  from space 2048K, 99% used [0x00000000ec680000,0x00000000ec87d018,0x00000000ec880000)
  to   space 2048K, 0% used [0x00000000ee480000,0x00000000ee480000,0x00000000ee680000)
 ParOldGen       total 36352K, used 8768K [0x00000000c0000000, 0x00000000c2380000, 0x00000000eaa80000)
  object space 36352K, 24% used [0x00000000c0000000,0x00000000c0890368,0x00000000c2380000)
 PSPermGen       total 21504K, used 5911K [0x00000000b5a00000, 0x00000000b6f00000, 0x00000000c0000000)
  object space 21504K, 27% used [0x00000000b5a00000,0x00000000b5fc5f00,0x00000000b6f00000)
}
Event: 9,810 GC heap before
{Heap before GC invocations=4 (full 0):
 PSYoungGen      total 30720K, used 30708K [0x00000000eaa80000, 0x00000000ee680000, 0x0000000100000000)
  eden space 28672K, 100% used [0x00000000eaa80000,0x00000000ec680000,0x00000000ec680000)
  from space 2048K, 99% used [0x00000000ec680000,0x00000000ec87d018,0x00000000ec880000)
  to   space 2048K, 0% used [0x00000000ee480000,0x00000000ee480000,0x00000000ee680000)
 ParOldGen       total 36352K, used 8768K [0x00000000c0000000, 0x00000000c2380000, 0x00000000eaa80000)
  object space 36352K, 24% used [0x00000000c0000000,0x00000000c0890368,0x00000000c2380000)
 PSPermGen       total 21504K, used 5934K [0x00000000b5a00000, 0x00000000b6f00000, 0x00000000c0000000)
  object space 21504K, 27% used [0x00000000b5a00000,0x00000000b5fcba58,0x00000000b6f00000)
Event: 9,941 GC heap after
Heap after GC invocations=4 (full 0):
 PSYoungGen      total 59392K, used 2036K [0x00000000eaa80000, 0x00000000ee680000, 0x0000000100000000)
  eden space 57344K, 0% used [0x00000000eaa80000,0x00000000eaa80000,0x00000000ee280000)
  from space 2048K, 99% used [0x00000000ee480000,0x00000000ee67d018,0x00000000ee680000)
  to   space 2048K, 0% used [0x00000000ee280000,0x00000000ee280000,0x00000000ee480000)
 ParOldGen       total 36352K, used 12701K [0x00000000c0000000, 0x00000000c2380000, 0x00000000eaa80000)
  object space 36352K, 34% used [0x00000000c0000000,0x00000000c0c676f8,0x00000000c2380000)
 PSPermGen       total 21504K, used 5934K [0x00000000b5a00000, 0x00000000b6f00000, 0x00000000c0000000)
  object space 21504K, 27% used [0x00000000b5a00000,0x00000000b5fcba58,0x00000000b6f00000)
}
Event: 13,304 GC heap before
{Heap before GC invocations=5 (full 0):
 PSYoungGen      total 59392K, used 59380K [0x00000000eaa80000, 0x00000000ee680000, 0x0000000100000000)
  eden space 57344K, 100% used [0x00000000eaa80000,0x00000000ee280000,0x00000000ee280000)
  from space 2048K, 99% used [0x00000000ee480000,0x00000000ee67d018,0x00000000ee680000)
  to   space 2048K, 0% used [0x00000000ee280000,0x00000000ee280000,0x00000000ee480000)
 ParOldGen       total 36352K, used 12701K [0x00000000c0000000, 0x00000000c2380000, 0x00000000eaa80000)
  object space 36352K, 34% used [0x00000000c0000000,0x00000000c0c676f8,0x00000000c2380000)
 PSPermGen       total 21504K, used 5972K [0x00000000b5a00000, 0x00000000b6f00000, 0x00000000c0000000)
  object space 21504K, 27% used [0x00000000b5a00000,0x00000000b5fd53d8,0x00000000b6f00000)
Event: 13,389 GC heap after
Heap after GC invocations=5 (full 0):
 PSYoungGen      total 59392K, used 2036K [0x00000000eaa80000, 0x00000000f3180000, 0x0000000100000000)
  eden space 57344K, 0% used [0x00000000eaa80000,0x00000000eaa80000,0x00000000ee280000)
  from space 2048K, 99% used [0x00000000ee280000,0x00000000ee47d018,0x00000000ee480000)
  to   space 11776K, 0% used [0x00000000f2600000,0x00000000f2600000,0x00000000f3180000)
 ParOldGen       total 36352K, used 22397K [0x00000000c0000000, 0x00000000c2380000, 0x00000000eaa80000)
  object space 36352K, 61% used [0x00000000c0000000,0x00000000c15df448,0x00000000c2380000)
 PSPermGen       total 21504K, used 5972K [0x00000000b5a00000, 0x00000000b6f00000, 0x00000000c0000000)
  object space 21504K, 27% used [0x00000000b5a00000,0x00000000b5fd53d8,0x00000000b6f00000)
}
Event: 15,108 GC heap before
{Heap before GC invocations=6 (full 0):
 PSYoungGen      total 59392K, used 59380K [0x00000000eaa80000, 0x00000000f3180000, 0x0000000100000000)
  eden space 57344K, 100% used [0x00000000eaa80000,0x00000000ee280000,0x00000000ee280000)
  from space 2048K, 99% used [0x00000000ee280000,0x00000000ee47d018,0x00000000ee480000)
  to   space 11776K, 0% used [0x00000000f2600000,0x00000000f2600000,0x00000000f3180000)
 ParOldGen       total 36352K, used 22397K [0x00000000c0000000, 0x00000000c2380000, 0x00000000eaa80000)
  object space 36352K, 61% used [0x00000000c0000000,0x00000000c15df448,0x00000000c2380000)
 PSPermGen       total 21504K, used 6010K [0x00000000b5a00000, 0x00000000b6f00000, 0x00000000c0000000)
  object space 21504K, 27% used [0x00000000b5a00000,0x00000000b5fdea50,0x00000000b6f00000)
Event: 15,181 GC heap after
Heap after GC invocations=6 (full 0):
 PSYoungGen      total 124416K, used 11515K [0x00000000eaa80000, 0x00000000f3580000, 0x0000000100000000)
  eden space 112640K, 0% used [0x00000000eaa80000,0x00000000eaa80000,0x00000000f1880000)
  from space 11776K, 97% used [0x00000000f2600000,0x00000000f313ed28,0x00000000f3180000)
  to   space 13824K, 0% used [0x00000000f1880000,0x00000000f1880000,0x00000000f2600000)
 ParOldGen       total 36352K, used 22397K [0x00000000c0000000, 0x00000000c2380000, 0x00000000eaa80000)
  object space 36352K, 61% used [0x00000000c0000000,0x00000000c15df448,0x00000000c2380000)
 PSPermGen       total 21504K, used 6010K [0x00000000b5a00000, 0x00000000b6f00000, 0x00000000c0000000)
  object space 21504K, 27% used [0x00000000b5a00000,0x00000000b5fdea50,0x00000000b6f00000)
}
Event: 16,625 GC heap before
{Heap before GC invocations=7 (full 0):
 PSYoungGen      total 124416K, used 124155K [0x00000000eaa80000, 0x00000000f3580000, 0x0000000100000000)
  eden space 112640K, 100% used [0x00000000eaa80000,0x00000000f1880000,0x00000000f1880000)
  from space 11776K, 97% used [0x00000000f2600000,0x00000000f313ed28,0x00000000f3180000)
  to   space 13824K, 0% used [0x00000000f1880000,0x00000000f1880000,0x00000000f2600000)
 ParOldGen       total 36352K, used 22397K [0x00000000c0000000, 0x00000000c2380000, 0x00000000eaa80000)
  object space 36352K, 61% used [0x00000000c0000000,0x00000000c15df448,0x00000000c2380000)
 PSPermGen       total 21504K, used 6077K [0x00000000b5a00000, 0x00000000b6f00000, 0x00000000c0000000)
  object space 21504K, 28% used [0x00000000b5a00000,0x00000000b5fef760,0x00000000b6f00000)

Deoptimization events (10 events):
Event: 16,289 Thread 0x00007f904000a800 Uncommon trap: reason=unstable_if action=reinterpret pc=0x00007f903cfe2d0c method=com.android.dx.cf.code.Ropper.isSynchronized()Z @ 12
Event: 16,290 Thread 0x00007f904000a800 Uncommon trap: reason=unstable_if action=reinterpret pc=0x00007f903d04116c method=com.android.dx.cf.code.Ropper.isSynchronized()Z @ 12
Event: 16,290 Thread 0x00007f904000a800 Uncommon trap: reason=unstable_if action=reinterpret pc=0x00007f903cfd4470 method=com.android.dx.cf.code.Ropper.isSynchronized()Z @ 12
Event: 16,290 Thread 0x00007f904000a800 Uncommon trap: reason=unstable_if action=reinterpret pc=0x00007f903cf099ac method=com.android.dx.ssa.MoveParamCombiner$1.visitNonMoveInsn(Lcom/android/dx/ssa/NormalSsaInsn;)V @ 27
Event: 16,293 Thread 0x00007f904000a800 Uncommon trap: reason=unstable_if action=reinterpret pc=0x00007f903d065e28 method=com.android.dx.cf.code.Ropper.isSynchronized()Z @ 12
Event: 16,296 Thread 0x00007f904000a800 Uncommon trap: reason=unstable_if action=reinterpret pc=0x00007f903d09751c method=com.android.dx.ssa.LiteralOpUpgrader$1.visitNonMoveInsn(Lcom/android/dx/ssa/NormalSsaInsn;)V @ 176
Event: 16,310 Thread 0x00007f904000a800 Uncommon trap: reason=bimorphic action=maybe_recompile pc=0x00007f903ceae854 method=com.android.dx.ssa.LiteralOpUpgrader.tryReplacingWithConstant(Lcom/android/dx/ssa/NormalSsaInsn;)Z @ 62
Event: 16,317 Thread 0x00007f904000a800 Uncommon trap: reason=bimorphic action=maybe_recompile pc=0x00007f903ceae854 method=com.android.dx.ssa.LiteralOpUpgrader.tryReplacingWithConstant(Lcom/android/dx/ssa/NormalSsaInsn;)Z @ 62
Event: 16,339 Thread 0x00007f904000a800 Uncommon trap: reason=bimorphic action=maybe_recompile pc=0x00007f903d0a4a00 method=com.android.dx.cf.code.BytecodeArray.parseInstruction(ILcom/android/dx/cf/code/BytecodeArray$Visitor;)I @ 1357
Event: 16,339 Thread 0x00007f904000a800 Uncommon trap: reason=bimorphic action=maybe_recompile pc=0x00007f903d0a4a00 method=com.android.dx.cf.code.BytecodeArray.parseInstruction(ILcom/android/dx/cf/code/BytecodeArray$Visitor;)I @ 1357

Internal exceptions (10 events):
Event: 4,267 Thread 0x00007f904000a800 Threw 0x00000000eb43fee8 at /build/openjdk-7-hZgspp/openjdk-7-7u101-2.6.6/build/openjdk/hotspot/src/share/vm/prims/jvm.cpp:1322
Event: 4,268 Thread 0x00007f904000a800 Threw 0x00000000eb446370 at /build/openjdk-7-hZgspp/openjdk-7-7u101-2.6.6/build/openjdk/hotspot/src/share/vm/prims/jvm.cpp:1322
Event: 4,916 Thread 0x00007f904000a800 Implicit null exception at 0x00007f903ceb51d3 to 0x00007f903ceb58bd
Event: 8,501 Thread 0x00007f904000a800 Threw 0x00000000eb9492b0 at /build/openjdk-7-hZgspp/openjdk-7-7u101-2.6.6/build/openjdk/hotspot/src/share/vm/prims/jvm.cpp:1322
Event: 10,708 Thread 0x00007f904000a800 Implicit null exception at 0x00007f903ceacda3 to 0x00007f903ceadfcd
Event: 12,850 Thread 0x00007f904000a800 Implicit null exception at 0x00007f903cfe6b34 to 0x00007f903cfea44d
Event: 13,617 Thread 0x00007f904000a800 Implicit null exception at 0x00007f903d00921f to 0x00007f903d0093f1
Event: 13,617 Thread 0x00007f904000a800 Implicit null exception at 0x00007f903cfa506b to 0x00007f903cfa5221
Event: 13,782 Thread 0x00007f904000a800 Implicit null exception at 0x00007f903cf5c879 to 0x00007f903cf5c935
Event: 13,916 Thread 0x00007f904000a800 Threw 0x00000000ec9ed690 at /build/openjdk-7-hZgspp/openjdk-7-7u101-2.6.6/build/openjdk/hotspot/src/share/vm/prims/jvm.cpp:1322

Events (10 events):
Event: 16,317 Thread 0x00007f904000a800 Uncommon trap: trap_request=0xffffffc6 fr.pc=0x00007f903ceae854
Event: 16,317 Thread 0x00007f904000a800 DEOPT PACKING pc=0x00007f903ceae854 sp=0x00007f90473ecd50
Event: 16,317 Thread 0x00007f904000a800 DEOPT UNPACKING pc=0x00007f903ce30045 sp=0x00007f90473ecc90 mode 2
Event: 16,339 Thread 0x00007f904000a800 Uncommon trap: trap_request=0xffffffc6 fr.pc=0x00007f903d0a4a00
Event: 16,339 Thread 0x00007f904000a800 DEOPT PACKING pc=0x00007f903d0a4a00 sp=0x00007f90473ecd40
Event: 16,339 Thread 0x00007f904000a800 DEOPT UNPACKING pc=0x00007f903ce30045 sp=0x00007f90473ecd00 mode 2
Event: 16,339 Thread 0x00007f904000a800 Uncommon trap: trap_request=0xffffffc6 fr.pc=0x00007f903d0a4a00
Event: 16,339 Thread 0x00007f904000a800 DEOPT PACKING pc=0x00007f903d0a4a00 sp=0x00007f90473ecd20
Event: 16,339 Thread 0x00007f904000a800 DEOPT UNPACKING pc=0x00007f903ce30045 sp=0x00007f90473ecce0 mode 2
Event: 16,625 Executing VM operation: ParallelGCFailedAllocation


Dynamic libraries:
00400000-00401000 r-xp 00000000 08:03 2368412                            /usr/lib/jvm/java-7-openjdk-amd64/jre/bin/java
00600000-00601000 r--p 00000000 08:03 2368412                            /usr/lib/jvm/java-7-openjdk-amd64/jre/bin/java
00601000-00602000 rw-p 00001000 08:03 2368412                            /usr/lib/jvm/java-7-openjdk-amd64/jre/bin/java
01c6c000-01c8d000 rw-p 00000000 00:00 0                                  [heap]
b5a00000-b6f00000 rw-p 00000000 00:00 0 
b6f00000-c0000000 rw-p 00000000 00:00 0 
c0000000-c2480000 rw-p 00000000 00:00 0 
c2480000-eaa80000 rw-p 00000000 00:00 0 
eaa80000-f3580000 rw-p 00000000 00:00 0 
fb380000-100000000 rw-p 00000000 00:00 0 
7f900c000000-7f900c021000 rw-p 00000000 00:00 0 
7f900c021000-7f9010000000 ---p 00000000 00:00 0 
7f9012963000-7f9012c64000 rw-p 00000000 00:00 0 
7f9012c64000-7f9012cd0000 r-xp 00000000 08:03 2501218                    /lib/x86_64-linux-gnu/libpcre.so.3.13.1
7f9012cd0000-7f9012ed0000 ---p 0006c000 08:03 2501218                    /lib/x86_64-linux-gnu/libpcre.so.3.13.1
7f9012ed0000-7f9012ed1000 r--p 0006c000 08:03 2501218                    /lib/x86_64-linux-gnu/libpcre.so.3.13.1
7f9012ed1000-7f9012ed2000 rw-p 0006d000 08:03 2501218                    /lib/x86_64-linux-gnu/libpcre.so.3.13.1
7f9012ed2000-7f9012ed9000 r-xp 00000000 08:03 403597                     /usr/lib/x86_64-linux-gnu/libffi.so.6.0.4
7f9012ed9000-7f90130d8000 ---p 00007000 08:03 403597                     /usr/lib/x86_64-linux-gnu/libffi.so.6.0.4
7f90130d8000-7f90130d9000 r--p 00006000 08:03 403597                     /usr/lib/x86_64-linux-gnu/libffi.so.6.0.4
7f90130d9000-7f90130da000 rw-p 00007000 08:03 403597                     /usr/lib/x86_64-linux-gnu/libffi.so.6.0.4
7f90130da000-7f90130f1000 r-xp 00000000 08:03 2495369                    /lib/x86_64-linux-gnu/libresolv-2.21.so
7f90130f1000-7f90132f1000 ---p 00017000 08:03 2495369                    /lib/x86_64-linux-gnu/libresolv-2.21.so
7f90132f1000-7f90132f2000 r--p 00017000 08:03 2495369                    /lib/x86_64-linux-gnu/libresolv-2.21.so
7f90132f2000-7f90132f3000 rw-p 00018000 08:03 2495369                    /lib/x86_64-linux-gnu/libresolv-2.21.so
7f90132f3000-7f90132f5000 rw-p 00000000 00:00 0 
7f90132f5000-7f9013316000 r-xp 00000000 08:03 2495219                    /lib/x86_64-linux-gnu/libselinux.so.1
7f9013316000-7f9013515000 ---p 00021000 08:03 2495219                    /lib/x86_64-linux-gnu/libselinux.so.1
7f9013515000-7f9013516000 r--p 00020000 08:03 2495219                    /lib/x86_64-linux-gnu/libselinux.so.1
7f9013516000-7f9013517000 rw-p 00021000 08:03 2495219                    /lib/x86_64-linux-gnu/libselinux.so.1
7f9013517000-7f9013519000 rw-p 00000000 00:00 0 
7f9013519000-7f901351c000 r-xp 00000000 08:03 394930                     /usr/lib/x86_64-linux-gnu/libgmodule-2.0.so.0.4600.2
7f901351c000-7f901371b000 ---p 00003000 08:03 394930                     /usr/lib/x86_64-linux-gnu/libgmodule-2.0.so.0.4600.2
7f901371b000-7f901371c000 r--p 00002000 08:03 394930                     /usr/lib/x86_64-linux-gnu/libgmodule-2.0.so.0.4600.2
7f901371c000-7f901371d000 rw-p 00003000 08:03 394930                     /usr/lib/x86_64-linux-gnu/libgmodule-2.0.so.0.4600.2
7f901371d000-7f901382a000 r-xp 00000000 08:03 2499120                    /lib/x86_64-linux-gnu/libglib-2.0.so.0.4600.2
7f901382a000-7f9013a29000 ---p 0010d000 08:03 2499120                    /lib/x86_64-linux-gnu/libglib-2.0.so.0.4600.2
7f9013a29000-7f9013a2a000 r--p 0010c000 08:03 2499120                    /lib/x86_64-linux-gnu/libglib-2.0.so.0.4600.2
7f9013a2a000-7f9013a2b000 rw-p 0010d000 08:03 2499120                    /lib/x86_64-linux-gnu/libglib-2.0.so.0.4600.2
7f9013a2b000-7f9013a2c000 rw-p 00000000 00:00 0 
7f9013a2c000-7f9013a7e000 r-xp 00000000 08:03 394928                     /usr/lib/x86_64-linux-gnu/libgobject-2.0.so.0.4600.2
7f9013a7e000-7f9013c7d000 ---p 00052000 08:03 394928                     /usr/lib/x86_64-linux-gnu/libgobject-2.0.so.0.4600.2
7f9013c7d000-7f9013c7e000 r--p 00051000 08:03 394928                     /usr/lib/x86_64-linux-gnu/libgobject-2.0.so.0.4600.2
7f9013c7e000-7f9013c7f000 rw-p 00052000 08:03 394928                     /usr/lib/x86_64-linux-gnu/libgobject-2.0.so.0.4600.2
7f9013c7f000-7f9013df9000 r-xp 00000000 08:03 394924                     /usr/lib/x86_64-linux-gnu/libgio-2.0.so.0.4600.2
7f9013df9000-7f9013ff8000 ---p 0017a000 08:03 394924                     /usr/lib/x86_64-linux-gnu/libgio-2.0.so.0.4600.2
7f9013ff8000-7f9013ffc000 r--p 00179000 08:03 394924                     /usr/lib/x86_64-linux-gnu/libgio-2.0.so.0.4600.2
7f9013ffc000-7f9013ffe000 rw-p 0017d000 08:03 394924                     /usr/lib/x86_64-linux-gnu/libgio-2.0.so.0.4600.2
7f9013ffe000-7f9014000000 rw-p 00000000 00:00 0 
7f9014000000-7f90150ee000 rw-p 00000000 00:00 0 
7f90150ee000-7f9018000000 ---p 00000000 00:00 0 
7f9018000000-7f9018021000 rw-p 00000000 00:00 0 
7f9018021000-7f901c000000 ---p 00000000 00:00 0 
7f901c000000-7f901c021000 rw-p 00000000 00:00 0 
7f901c021000-7f9020000000 ---p 00000000 00:00 0 
7f9020000000-7f9020ee5000 rw-p 00000000 00:00 0 
7f9020ee5000-7f9024000000 ---p 00000000 00:00 0 
7f9024000000-7f9024021000 rw-p 00000000 00:00 0 
7f9024021000-7f9028000000 ---p 00000000 00:00 0 
7f9028000000-7f9028021000 rw-p 00000000 00:00 0 
7f9028021000-7f902c000000 ---p 00000000 00:00 0 
7f902c000000-7f902c021000 rw-p 00000000 00:00 0 
7f902c021000-7f9030000000 ---p 00000000 00:00 0 
7f9030000000-7f9030021000 rw-p 00000000 00:00 0 
7f9030021000-7f9034000000 ---p 00000000 00:00 0 
7f9034000000-7f9034021000 rw-p 00000000 00:00 0 
7f9034021000-7f9038000000 ---p 00000000 00:00 0 
7f9038152000-7f9038169000 r-xp 00000000 08:03 2368446                    /usr/lib/jvm/java-7-openjdk-amd64/jre/lib/amd64/libnet.so
7f9038169000-7f9038369000 ---p 00017000 08:03 2368446                    /usr/lib/jvm/java-7-openjdk-amd64/jre/lib/amd64/libnet.so
7f9038369000-7f903836a000 r--p 00017000 08:03 2368446                    /usr/lib/jvm/java-7-openjdk-amd64/jre/lib/amd64/libnet.so
7f903836a000-7f903836b000 rw-p 00018000 08:03 2368446                    /usr/lib/jvm/java-7-openjdk-amd64/jre/lib/amd64/libnet.so
7f903836b000-7f903837c000 r-xp 00000000 08:03 2368467                    /usr/lib/jvm/java-7-openjdk-amd64/jre/lib/amd64/libnio.so
7f903837c000-7f903857b000 ---p 00011000 08:03 2368467                    /usr/lib/jvm/java-7-openjdk-amd64/jre/lib/amd64/libnio.so
7f903857b000-7f903857c000 r--p 00010000 08:03 2368467                    /usr/lib/jvm/java-7-openjdk-amd64/jre/lib/amd64/libnio.so
7f903857c000-7f903857d000 rw-p 00011000 08:03 2368467                    /usr/lib/jvm/java-7-openjdk-amd64/jre/lib/amd64/libnio.so
7f903857d000-7f903857e000 ---p 00000000 00:00 0 
7f903857e000-7f903867e000 rw-p 00000000 00:00 0 
7f903867e000-7f9038681000 ---p 00000000 00:00 0 
7f9038681000-7f903877f000 rw-p 00000000 00:00 0 
7f903877f000-7f9038782000 ---p 00000000 00:00 0 
7f9038782000-7f9038880000 rw-p 00000000 00:00 0 
7f9038880000-7f9038883000 ---p 00000000 00:00 0 
7f9038883000-7f9038981000 rw-p 00000000 00:00 0 
7f9038981000-7f9038984000 ---p 00000000 00:00 0 
7f9038984000-7f9038a82000 rw-p 00000000 00:00 0 
7f9038a82000-7f9039165000 r--p 00000000 08:03 401745                     /usr/lib/locale/locale-archive
7f9039165000-7f9039168000 ---p 00000000 00:00 0 
7f9039168000-7f9039266000 rw-p 00000000 00:00 0 
7f9039266000-7f9039269000 ---p 00000000 00:00 0 
7f9039269000-7f9039367000 rw-p 00000000 00:00 0 
7f9039367000-7f9039368000 ---p 00000000 00:00 0 
7f9039368000-7f9039e1d000 rw-p 00000000 00:00 0 
7f9039e1d000-7f9039fcf000 r--s 01d32000 08:03 2371841                    /usr/lib/jvm/java-7-openjdk-amd64/jre/lib/rt.jar
7f9039fcf000-7f903c84b000 rw-p 00000000 00:00 0 
7f903c84b000-7f903c84c000 ---p 00000000 00:00 0 
7f903c84c000-7f903c94c000 rw-p 00000000 00:00 0 
7f903c94c000-7f903c94d000 ---p 00000000 00:00 0 
7f903c94d000-7f903ca60000 rw-p 00000000 00:00 0 
7f903ca60000-7f903cba3000 rw-p 00000000 00:00 0 
7f903cba3000-7f903cbae000 rw-p 00000000 00:00 0 
7f903cbae000-7f903cbf6000 rw-p 00000000 00:00 0 
7f903cbf6000-7f903cc09000 rw-p 00000000 00:00 0 
7f903cc09000-7f903cd4b000 rw-p 00000000 00:00 0 
7f903cd4b000-7f903cd91000 rw-p 00000000 00:00 0 
7f903cd91000-7f903cdf6000 rw-p 00000000 00:00 0 
7f903cdf6000-7f903cdf7000 rw-p 00000000 00:00 0 
7f903cdf7000-7f903d0b7000 rwxp 00000000 00:00 0 
7f903d0b7000-7f903fdf7000 rw-p 00000000 00:00 0 
7f903fdf7000-7f903fdff000 r-xp 00000000 08:03 2368451                    /usr/lib/jvm/java-7-openjdk-amd64/jre/lib/amd64/libzip.so
7f903fdff000-7f903fffe000 ---p 00008000 08:03 2368451                    /usr/lib/jvm/java-7-openjdk-amd64/jre/lib/amd64/libzip.so
7f903fffe000-7f903ffff000 r--p 00007000 08:03 2368451                    /usr/lib/jvm/java-7-openjdk-amd64/jre/lib/amd64/libzip.so
7f903ffff000-7f9040000000 rw-p 00008000 08:03 2368451                    /usr/lib/jvm/java-7-openjdk-amd64/jre/lib/amd64/libzip.so
7f9040000000-7f9040219000 rw-p 00000000 00:00 0 
7f9040219000-7f9044000000 ---p 00000000 00:00 0 
7f904400c000-7f904401e000 r--s 000c6000 08:05 35937                      /media/r/Dados/UFC/S5/Desenvolvimento Mobile/TP's/MyNotes/MyNotes/app/build/intermediates/exploded-aar/com.android.support/support-v4/22.2.1/jars/classes.jar
7f904401e000-7f9044041000 rw-p 00000000 00:00 0 
7f9044041000-7f9044089000 rw-p 00000000 00:00 0 
7f9044089000-7f9044095000 r-xp 00000000 08:03 2495110                    /lib/x86_64-linux-gnu/libnss_files-2.21.so
7f9044095000-7f9044294000 ---p 0000c000 08:03 2495110                    /lib/x86_64-linux-gnu/libnss_files-2.21.so
7f9044294000-7f9044295000 r--p 0000b000 08:03 2495110                    /lib/x86_64-linux-gnu/libnss_files-2.21.so
7f9044295000-7f9044296000 rw-p 0000c000 08:03 2495110                    /lib/x86_64-linux-gnu/libnss_files-2.21.so
7f9044296000-7f90442a1000 r-xp 00000000 08:03 2495363                    /lib/x86_64-linux-gnu/libnss_nis-2.21.so
7f90442a1000-7f90444a0000 ---p 0000b000 08:03 2495363                    /lib/x86_64-linux-gnu/libnss_nis-2.21.so
7f90444a0000-7f90444a1000 r--p 0000a000 08:03 2495363                    /lib/x86_64-linux-gnu/libnss_nis-2.21.so
7f90444a1000-7f90444a2000 rw-p 0000b000 08:03 2495363                    /lib/x86_64-linux-gnu/libnss_nis-2.21.so
7f90444a2000-7f90444b9000 r-xp 00000000 08:03 2495209                    /lib/x86_64-linux-gnu/libnsl-2.21.so
7f90444b9000-7f90446b8000 ---p 00017000 08:03 2495209                    /lib/x86_64-linux-gnu/libnsl-2.21.so
7f90446b8000-7f90446b9000 r--p 00016000 08:03 2495209                    /lib/x86_64-linux-gnu/libnsl-2.21.so
7f90446b9000-7f90446ba000 rw-p 00017000 08:03 2495209                    /lib/x86_64-linux-gnu/libnsl-2.21.so
7f90446ba000-7f90446bc000 rw-p 00000000 00:00 0 
7f90446bc000-7f90446c4000 r-xp 00000000 08:03 2495111                    /lib/x86_64-linux-gnu/libnss_compat-2.21.so
7f90446c4000-7f90448c3000 ---p 00008000 08:03 2495111                    /lib/x86_64-linux-gnu/libnss_compat-2.21.so
7f90448c3000-7f90448c4000 r--p 00007000 08:03 2495111                    /lib/x86_64-linux-gnu/libnss_compat-2.21.so
7f90448c4000-7f90448c5000 rw-p 00008000 08:03 2495111                    /lib/x86_64-linux-gnu/libnss_compat-2.21.so
7f90448c5000-7f90448f1000 r-xp 00000000 08:03 2368437                    /usr/lib/jvm/java-7-openjdk-amd64/jre/lib/amd64/libjava.so
7f90448f1000-7f9044af0000 ---p 0002c000 08:03 2368437                    /usr/lib/jvm/java-7-openjdk-amd64/jre/lib/amd64/libjava.so
7f9044af0000-7f9044af1000 r--p 0002b000 08:03 2368437                    /usr/lib/jvm/java-7-openjdk-amd64/jre/lib/amd64/libjava.so
7f9044af1000-7f9044af3000 rw-p 0002c000 08:03 2368437                    /usr/lib/jvm/java-7-openjdk-amd64/jre/lib/amd64/libjava.so
7f9044af3000-7f9044b02000 r-xp 00000000 08:03 2368438                    /usr/lib/jvm/java-7-openjdk-amd64/jre/lib/amd64/libverify.so
7f9044b02000-7f9044d01000 ---p 0000f000 08:03 2368438                    /usr/lib/jvm/java-7-openjdk-amd64/jre/lib/amd64/libverify.so
7f9044d01000-7f9044d03000 r--p 0000e000 08:03 2368438                    /usr/lib/jvm/java-7-openjdk-amd64/jre/lib/amd64/libverify.so
7f9044d03000-7f9044d04000 rw-p 00010000 08:03 2368438                    /usr/lib/jvm/java-7-openjdk-amd64/jre/lib/amd64/libverify.so
7f9044d04000-7f9044d0b000 r-xp 00000000 08:03 2495039                    /lib/x86_64-linux-gnu/librt-2.21.so
7f9044d0b000-7f9044f0a000 ---p 00007000 08:03 2495039                    /lib/x86_64-linux-gnu/librt-2.21.so
7f9044f0a000-7f9044f0b000 r--p 00006000 08:03 2495039                    /lib/x86_64-linux-gnu/librt-2.21.so
7f9044f0b000-7f9044f0c000 rw-p 00007000 08:03 2495039                    /lib/x86_64-linux-gnu/librt-2.21.so
7f9044f0c000-7f9044f22000 r-xp 00000000 08:03 2495103                    /lib/x86_64-linux-gnu/libgcc_s.so.1
7f9044f22000-7f9045121000 ---p 00016000 08:03 2495103                    /lib/x86_64-linux-gnu/libgcc_s.so.1
7f9045121000-7f9045122000 r--p 00015000 08:03 2495103                    /lib/x86_64-linux-gnu/libgcc_s.so.1
7f9045122000-7f9045123000 rw-p 00016000 08:03 2495103                    /lib/x86_64-linux-gnu/libgcc_s.so.1
7f9045123000-7f904522a000 r-xp 00000000 08:03 2495365                    /lib/x86_64-linux-gnu/libm-2.21.so
7f904522a000-7f9045429000 ---p 00107000 08:03 2495365                    /lib/x86_64-linux-gnu/libm-2.21.so
7f9045429000-7f904542a000 r--p 00106000 08:03 2495365                    /lib/x86_64-linux-gnu/libm-2.21.so
7f904542a000-7f904542b000 rw-p 00107000 08:03 2495365                    /lib/x86_64-linux-gnu/libm-2.21.so
7f904542b000-7f904559e000 r-xp 00000000 08:03 404217                     /usr/lib/x86_64-linux-gnu/libstdc++.so.6.0.21
7f904559e000-7f904579d000 ---p 00173000 08:03 404217                     /usr/lib/x86_64-linux-gnu/libstdc++.so.6.0.21
7f904579d000-7f90457a7000 r--p 00172000 08:03 404217                     /usr/lib/x86_64-linux-gnu/libstdc++.so.6.0.21
7f90457a7000-7f90457a9000 rw-p 0017c000 08:03 404217                     /usr/lib/x86_64-linux-gnu/libstdc++.so.6.0.21
7f90457a9000-7f90457ad000 rw-p 00000000 00:00 0 
7f90457ad000-7f9046300000 r-xp 00000000 08:03 2368449                    /usr/lib/jvm/java-7-openjdk-amd64/jre/lib/amd64/server/libjvm.so
7f9046300000-7f90464ff000 ---p 00b53000 08:03 2368449                    /usr/lib/jvm/java-7-openjdk-amd64/jre/lib/amd64/server/libjvm.so
7f90464ff000-7f9046590000 r--p 00b52000 08:03 2368449                    /usr/lib/jvm/java-7-openjdk-amd64/jre/lib/amd64/server/libjvm.so
7f9046590000-7f90465b3000 rw-p 00be3000 08:03 2368449                    /usr/lib/jvm/java-7-openjdk-amd64/jre/lib/amd64/server/libjvm.so
7f90465b3000-7f90465e0000 rw-p 00000000 00:00 0 
7f90465e0000-7f90465f9000 r-xp 00000000 08:03 2495249                    /lib/x86_64-linux-gnu/libz.so.1.2.8
7f90465f9000-7f90467f8000 ---p 00019000 08:03 2495249                    /lib/x86_64-linux-gnu/libz.so.1.2.8
7f90467f8000-7f90467f9000 r--p 00018000 08:03 2495249                    /lib/x86_64-linux-gnu/libz.so.1.2.8
7f90467f9000-7f90467fa000 rw-p 00019000 08:03 2495249                    /lib/x86_64-linux-gnu/libz.so.1.2.8
7f90467fa000-7f9046812000 r-xp 00000000 08:03 2495087                    /lib/x86_64-linux-gnu/libpthread-2.21.so
7f9046812000-7f9046a12000 ---p 00018000 08:03 2495087                    /lib/x86_64-linux-gnu/libpthread-2.21.so
7f9046a12000-7f9046a13000 r--p 00018000 08:03 2495087                    /lib/x86_64-linux-gnu/libpthread-2.21.so
7f9046a13000-7f9046a14000 rw-p 00019000 08:03 2495087                    /lib/x86_64-linux-gnu/libpthread-2.21.so
7f9046a14000-7f9046a18000 rw-p 00000000 00:00 0 
7f9046a18000-7f9046a1b000 r-xp 00000000 08:03 2495362                    /lib/x86_64-linux-gnu/libdl-2.21.so
7f9046a1b000-7f9046c1a000 ---p 00003000 08:03 2495362                    /lib/x86_64-linux-gnu/libdl-2.21.so
7f9046c1a000-7f9046c1b000 r--p 00002000 08:03 2495362                    /lib/x86_64-linux-gnu/libdl-2.21.so
7f9046c1b000-7f9046c1c000 rw-p 00003000 08:03 2495362                    /lib/x86_64-linux-gnu/libdl-2.21.so
7f9046c1c000-7f9046ddc000 r-xp 00000000 08:03 2495366                    /lib/x86_64-linux-gnu/libc-2.21.so
7f9046ddc000-7f9046fdc000 ---p 001c0000 08:03 2495366                    /lib/x86_64-linux-gnu/libc-2.21.so
7f9046fdc000-7f9046fe0000 r--p 001c0000 08:03 2495366                    /lib/x86_64-linux-gnu/libc-2.21.so
7f9046fe0000-7f9046fe2000 rw-p 001c4000 08:03 2495366                    /lib/x86_64-linux-gnu/libc-2.21.so
7f9046fe2000-7f9046fe6000 rw-p 00000000 00:00 0 
7f9046fe6000-7f9046ff3000 r-xp 00000000 08:03 2368464                    /usr/lib/jvm/java-7-openjdk-amd64/jre/lib/amd64/jli/libjli.so
7f9046ff3000-7f90471f2000 ---p 0000d000 08:03 2368464                    /usr/lib/jvm/java-7-openjdk-amd64/jre/lib/amd64/jli/libjli.so
7f90471f2000-7f90471f3000 r--p 0000c000 08:03 2368464                    /usr/lib/jvm/java-7-openjdk-amd64/jre/lib/amd64/jli/libjli.so
7f90471f3000-7f90471f4000 rw-p 0000d000 08:03 2368464                    /usr/lib/jvm/java-7-openjdk-amd64/jre/lib/amd64/jli/libjli.so
7f90471f4000-7f9047218000 r-xp 00000000 08:03 2495360                    /lib/x86_64-linux-gnu/ld-2.21.so
7f904721f000-7f904722e000 r--s 000dd000 08:03 2637194                    /root/Android/Sdk/build-tools/22.0.1/lib/dx.jar
7f904722e000-7f9047239000 rw-p 00000000 00:00 0 
7f9047239000-7f90472ee000 rw-p 00000000 00:00 0 
7f90472ee000-7f90472f1000 ---p 00000000 00:00 0 
7f90472f1000-7f90473f4000 rw-p 00000000 00:00 0 
7f90473f6000-7f90473f7000 rw-p 00000000 00:00 0 
7f90473f7000-7f90473fb000 r--s 00034000 08:03 2371853                    /usr/lib/jvm/java-7-openjdk-amd64/jre/lib/ext/sunjce_provider.jar
7f90473fb000-7f90473fc000 r--s 00002000 08:03 2371851                    /usr/lib/jvm/java-7-openjdk-amd64/jre/lib/ext/dnsns.jar
7f90473fc000-7f9047400000 r--s 0003c000 08:03 2371856                    /usr/lib/jvm/java-7-openjdk-amd64/jre/lib/ext/sunpkcs11.jar
7f9047400000-7f9047402000 r--s 00012000 08:03 2371852                    /usr/lib/jvm/java-7-openjdk-amd64/jre/lib/ext/zipfs.jar
7f9047402000-7f9047406000 r--s 00085000 08:03 2371855                    /usr/lib/jvm/java-7-openjdk-amd64/jre/lib/ext/localedata.jar
7f9047406000-7f9047408000 r--s 00007000 08:03 806455                     /usr/share/java/java-atk-wrapper.jar
7f9047408000-7f904740b000 r--s 0000f000 08:03 2371854                    /usr/lib/jvm/java-7-openjdk-amd64/jre/lib/ext/icedtea-sound.jar
7f904740b000-7f9047413000 rw-s 00000000 08:03 416587                     /tmp/hsperfdata_root/8816
7f9047413000-7f9047414000 rw-p 00000000 00:00 0 
7f9047414000-7f9047415000 ---p 00000000 00:00 0 
7f9047415000-7f9047417000 rw-p 00000000 00:00 0 
7f9047417000-7f9047418000 r--p 00023000 08:03 2495360                    /lib/x86_64-linux-gnu/ld-2.21.so
7f9047418000-7f9047419000 rw-p 00024000 08:03 2495360                    /lib/x86_64-linux-gnu/ld-2.21.so
7f9047419000-7f904741a000 rw-p 00000000 00:00 0 
7ffd01a37000-7ffd01a58000 rw-p 00000000 00:00 0                          [stack]
7ffd01ac2000-7ffd01ac4000 r--p 00000000 00:00 0                          [vvar]
7ffd01ac4000-7ffd01ac6000 r-xp 00000000 00:00 0                          [vdso]
ffffffffff600000-ffffffffff601000 r-xp 00000000 00:00 0                  [vsyscall]

VM Arguments:
jvm_args: -Djava.awt.headless=true -Xmx1024M -Dfile.encoding=UTF-8 -Duser.country=US -Duser.language=en -Duser.variant 
java_command: com.android.dx.command.Main --dex --force-jumbo --multi-dex --output /media/r/Dados/UFC/S5/Desenvolvimento Mobile/TP's/MyNotes/MyNotes/app/build/intermediates/transforms/dex/debug/folders/1000/10/com.android.support-support-v4-22.2.1_3b6f53b621a254cd338038de46183d688990f5a2 /media/r/Dados/UFC/S5/Desenvolvimento Mobile/TP's/MyNotes/MyNotes/app/build/intermediates/exploded-aar/com.android.support/support-v4/22.2.1/jars/classes.jar
Launcher Type: SUN_STANDARD

Environment Variables:
PATH=/root/.rbenv/plugins/ruby-build/bin:/root/.rbenv/shims:/root/.rbenv/bin:/usr/local/sbin:/usr/local/bin:/usr/sbin:/usr/bin:/sbin:/bin:/usr/games:/usr/local/games
USERNAME=root
LD_LIBRARY_PATH=.:
SHELL=/bin/bash
DISPLAY=:1

Signal Handlers:
SIGSEGV: [libjvm.so+0x996e60], sa_mask[0]=0x7ffbfeff, sa_flags=0x10000004
SIGBUS: [libjvm.so+0x996e60], sa_mask[0]=0x7ffbfeff, sa_flags=0x10000004
SIGFPE: [libjvm.so+0x7fdc90], sa_mask[0]=0x7ffbfeff, sa_flags=0x10000004
SIGPIPE: [libjvm.so+0x7fdc90], sa_mask[0]=0x7ffbfeff, sa_flags=0x10000004
SIGXFSZ: [libjvm.so+0x7fdc90], sa_mask[0]=0x7ffbfeff, sa_flags=0x10000004
SIGILL: [libjvm.so+0x7fdc90], sa_mask[0]=0x7ffbfeff, sa_flags=0x10000004
SIGUSR1: SIG_DFL, sa_mask[0]=0x00000000, sa_flags=0x00000000
SIGUSR2: [libjvm.so+0x7fdb10], sa_mask[0]=0x00000004, sa_flags=0x10000004
SIGHUP: [libjvm.so+0x7fdca0], sa_mask[0]=0x7ffbfeff, sa_flags=0x10000004
SIGINT: [libjvm.so+0x7fdca0], sa_mask[0]=0x7ffbfeff, sa_flags=0x10000004
SIGTERM: [libjvm.so+0x7fdca0], sa_mask[0]=0x7ffbfeff, sa_flags=0x10000004
SIGQUIT: [libjvm.so+0x7fdca0], sa_mask[0]=0x7ffbfeff, sa_flags=0x10000004
SIGTRAP: SIG_DFL, sa_mask[0]=0x00000000, sa_flags=0x00000000


---------------  S Y S T E M  ---------------

OS:Ubuntu 15.10 (wily)
uname:Linux 4.2.0-36-generic #42-Ubuntu SMP Thu May 12 22:05:35 UTC 2016 x86_64
libc:glibc 2.21 NPTL 2.21 
rlimit: STACK 8192k, CORE 0k, NPROC 13522, NOFILE 65536, AS infinity
load average:3,93 3,49 2,38

/proc/meminfo:
MemTotal:        3498560 kB
MemFree:           30128 kB
MemAvailable:     126400 kB
Buffers:            7796 kB
Cached:            95076 kB
SwapCached:            0 kB
Active:          3225188 kB
Inactive:          58552 kB
Active(anon):    3183916 kB
Inactive(anon):    26232 kB
Active(file):      41272 kB
Inactive(file):    32320 kB
Unevictable:          16 kB
Mlocked:              16 kB
SwapTotal:             0 kB
SwapFree:              0 kB
Dirty:               220 kB
Writeback:             0 kB
AnonPages:       3180992 kB
Mapped:            82148 kB
Shmem:             29204 kB
Slab:              94260 kB
SReclaimable:      50292 kB
SUnreclaim:        43968 kB
KernelStack:       10160 kB
PageTables:        38444 kB
NFS_Unstable:          0 kB
Bounce:                0 kB
WritebackTmp:          0 kB
CommitLimit:     1749280 kB
Committed_AS:    7001808 kB
VmallocTotal:   34359738367 kB
VmallocUsed:      288344 kB
VmallocChunk:   34358947836 kB
HardwareCorrupted:     0 kB
AnonHugePages:   1550336 kB
CmaTotal:              0 kB
CmaFree:               0 kB
HugePages_Total:       0
HugePages_Free:        0
HugePages_Rsvd:        0
HugePages_Surp:        0
Hugepagesize:       2048 kB
DirectMap4k:      250424 kB
DirectMap2M:     3387392 kB
DirectMap1G:           0 kB


CPU:total 2 (2 cores per cpu, 1 threads per core) family 18 model 1 stepping 0, cmov, cx8, fxsr, mmx, sse, sse2, sse3, popcnt, mmxext, 3dnowpref, lzcnt, sse4a, tsc, tscinvbit, tscinv

/proc/cpuinfo:
processor	: 0
vendor_id	: AuthenticAMD
cpu family	: 18
model		: 1
model name	: AMD A4-3310MX APU with Radeon(tm) HD Graphics
stepping	: 0
microcode	: 0x3000027
cpu MHz		: 1800.000
cache size	: 1024 KB
physical id	: 0
siblings	: 2
core id		: 0
cpu cores	: 2
apicid		: 0
initial apicid	: 0
fpu		: yes
fpu_exception	: yes
cpuid level	: 6
wp		: yes
flags		: fpu vme de pse tsc msr pae mce cx8 apic sep mtrr pge mca cmov pat pse36 clflush mmx fxsr sse sse2 ht syscall nx mmxext fxsr_opt pdpe1gb rdtscp lm 3dnowext 3dnow constant_tsc rep_good nopl nonstop_tsc extd_apicid aperfmperf pni monitor cx16 popcnt lahf_lm cmp_legacy svm extapic cr8_legacy abm sse4a misalignsse 3dnowprefetch osvw ibs skinit wdt arat cpb hw_pstate npt lbrv svm_lock nrip_save pausefilter vmmcall
bugs		: fxsave_leak sysret_ss_attrs
bogomips	: 4192.35
TLB size	: 1536 4K pages
clflush size	: 64
cache_alignment	: 64
address sizes	: 40 bits physical, 48 bits virtual
power management: ts ttp tm stc 100mhzsteps hwpstate cpb

processor	: 1
vendor_id	: AuthenticAMD
cpu family	: 18
model		: 1
model name	: AMD A4-3310MX APU with Radeon(tm) HD Graphics
stepping	: 0
microcode	: 0x3000027
cpu MHz		: 1200.000
cache size	: 1024 KB
physical id	: 0
siblings	: 2
core id		: 1
cpu cores	: 2
apicid		: 1
initial apicid	: 1
fpu		: yes
fpu_exception	: yes
cpuid level	: 6
wp		: yes
flags		: fpu vme de pse tsc msr pae mce cx8 apic sep mtrr pge mca cmov pat pse36 clflush mmx fxsr sse sse2 ht syscall nx mmxext fxsr_opt pdpe1gb rdtscp lm 3dnowext 3dnow constant_tsc rep_good nopl nonstop_tsc extd_apicid aperfmperf pni monitor cx16 popcnt lahf_lm cmp_legacy svm extapic cr8_legacy abm sse4a misalignsse 3dnowprefetch osvw ibs skinit wdt arat cpb hw_pstate npt lbrv svm_lock nrip_save pausefilter vmmcall
bugs		: fxsave_leak sysret_ss_attrs
bogomips	: 4192.35
TLB size	: 1536 4K pages
clflush size	: 64
cache_alignment	: 64
address sizes	: 40 bits physical, 48 bits virtual
power management: ts ttp tm stc 100mhzsteps hwpstate cpb



Memory: 4k page, physical 3498560k(30036k free), swap 0k(0k free)

vm_info: OpenJDK 64-Bit Server VM (24.95-b01) for linux-amd64 JRE (1.7.0_101-b00), built on Apr 24 2016 20:35:58 by "buildd" with gcc 5.2.1 20151010

time: Sun May 22 22:43:48 2016
elapsed time: 17 seconds

