#
# There is insufficient memory for the Java Runtime Environment to continue.
# Native memory allocation (malloc) failed to allocate 121634816 bytes for committing reserved memory.
# Possible reasons:
#   The system is out of physical RAM or swap space
#   In 32 bit mode, the process size limit was hit
# Possible solutions:
#   Reduce memory load on the system
#   Increase physical memory or swap space
#   Check if swap backing store is full
#   Use 64 bit Java on a 64 bit OS
#   Decrease Java heap size (-Xmx/-Xms)
#   Decrease number of Java threads
#   Decrease Java thread stack sizes (-Xss)
#   Set larger code cache with -XX:ReservedCodeCacheSize=
# This output file may be truncated or incomplete.
#
#  Out of Memory Error (os_linux.cpp:2827), pid=8486, tid=139644171077376
#
# JRE version: OpenJDK Runtime Environment (7.0_101) (build 1.7.0_101-b00)
# Java VM: OpenJDK 64-Bit Server VM (24.95-b01 mixed mode linux-amd64 compressed oops)
# Derivative: IcedTea 2.6.6
# Distribution: Ubuntu 15.10, package 7u101-2.6.6-0ubuntu0.15.10.1
# Failed to write core dump. Core dumps have been disabled. To enable core dumping, try "ulimit -c unlimited" before starting Java again
#

---------------  T H R E A D  ---------------

Current thread (0x00007f016c071800):  VMThread [stack: 0x00007f0171264000,0x00007f0171365000] [id=8493]

Stack: [0x00007f0171264000,0x00007f0171365000],  sp=0x00007f01713634f0,  free space=1021k
Native frames: (J=compiled Java code, j=interpreted, Vv=VM code, C=native code)
V  [libjvm.so+0x996303]
V  [libjvm.so+0x48b94f]
V  [libjvm.so+0x802a2b]
V  [libjvm.so+0x7fce1e]
V  [libjvm.so+0x872f2b]
V  [libjvm.so+0x874873]
V  [libjvm.so+0x870af8]
V  [libjvm.so+0x870ddc]
V  [libjvm.so+0x8263e3]
V  [libjvm.so+0x997da2]
V  [libjvm.so+0x99cae7]
V  [libjvm.so+0x99a378]
V  [libjvm.so+0x99b6ef]
V  [libjvm.so+0x99bbe1]
V  [libjvm.so+0x7ff952]

VM_Operation (0x00007f0175d9c280): ParallelGCFailedAllocation, mode: safepoint, requested by thread 0x00007f016c00a800


---------------  P R O C E S S  ---------------

Java Threads: ( => current thread )
  0x00007f016c0ad800 JavaThread "Service Thread" daemon [_thread_blocked, id=8499, stack(0x00007f017057b000,0x00007f017067c000)]
  0x00007f016c0ab000 JavaThread "C2 CompilerThread1" daemon [_thread_blocked, id=8498, stack(0x00007f017067c000,0x00007f017077d000)]
  0x00007f016c0a8000 JavaThread "C2 CompilerThread0" daemon [_thread_blocked, id=8497, stack(0x00007f017077d000,0x00007f017087e000)]
  0x00007f016c0a6000 JavaThread "Signal Dispatcher" daemon [_thread_blocked, id=8496, stack(0x00007f017087e000,0x00007f017097f000)]
  0x00007f016c078000 JavaThread "Finalizer" daemon [_thread_blocked, id=8495, stack(0x00007f0171062000,0x00007f0171163000)]
  0x00007f016c076000 JavaThread "Reference Handler" daemon [_thread_blocked, id=8494, stack(0x00007f0171163000,0x00007f0171264000)]
  0x00007f016c00a800 JavaThread "main" [_thread_blocked, id=8488, stack(0x00007f0175c9d000,0x00007f0175d9e000)]

Other Threads:
=>0x00007f016c071800 VMThread [stack: 0x00007f0171264000,0x00007f0171365000] [id=8493]
  0x00007f016c0b8000 WatcherThread [stack: 0x00007f017047a000,0x00007f017057b000] [id=8500]

VM state:at safepoint (normal execution)

VM Mutex/Monitor currently owned by a thread:  ([mutex/lock_event])
[0x00007f016c006ae0] Threads_lock - owner thread: 0x00007f016c071800
[0x00007f016c006fe0] Heap_lock - owner thread: 0x00007f016c00a800

Heap
 PSYoungGen      total 125952K, used 13281K [0x00000000eaa80000, 0x00000000f3480000, 0x0000000100000000)
  eden space 112640K, 0% used [0x00000000eaa80000,0x00000000eaa80000,0x00000000f1880000)
  from space 13312K, 99% used [0x00000000f1880000,0x00000000f25786c0,0x00000000f2580000)
  to   space 11264K, 0% used [0x00000000f2580000,0x00000000f2580000,0x00000000f3080000)
 ParOldGen       total 36352K, used 25910K [0x00000000c0000000, 0x00000000c2380000, 0x00000000eaa80000)
  object space 36352K, 71% used [0x00000000c0000000,0x00000000c194da18,0x00000000c2380000)
 PSPermGen       total 21504K, used 6311K [0x00000000b5a00000, 0x00000000b6f00000, 0x00000000c0000000)
  object space 21504K, 29% used [0x00000000b5a00000,0x00000000b6029f40,0x00000000b6f00000)

Card table byte_map: [0x00007f01725db000,0x00007f017282f000] byte_map_base: 0x00007f017202e000

Polling page: 0x00007f0175dc3000

Code Cache  [0x00007f0169000000, 0x00007f01692e0000, 0x00007f016c000000)
 total_blobs=1013 nmethods=785 adapters=182 free_code_cache=46402Kb largest_free_block=47350144

Compilation events (10 events):
Event: 18,193 Thread 0x00007f016c0a8000 nmethod 836 0x00007f01692cbf90 code [0x00007f01692cc120, 0x00007f01692cc548]
Event: 18,214 Thread 0x00007f016c0ab000  837             com.android.dx.dex.code.LocalList$Entry::getRegister (8 bytes)
Event: 18,215 Thread 0x00007f016c0ab000 nmethod 837 0x00007f01692c4990 code [0x00007f01692c4ac0, 0x00007f01692c4b38]
Event: 18,218 Thread 0x00007f016c0ab000  838             com.android.dx.dex.code.LocalList::get (9 bytes)
Event: 18,219 Thread 0x00007f016c0ab000 nmethod 838 0x00007f01690cb810 code [0x00007f01690cb960, 0x00007f01690cba38]
Event: 18,238 Thread 0x00007f016c0ab000  839             com.android.dx.dex.code.LocalList$Entry::getAddress (5 bytes)
Event: 18,239 Thread 0x00007f016c0ab000 nmethod 839 0x00007f01692d0dd0 code [0x00007f01692d0f00, 0x00007f01692d0f58]
Event: 18,259 Thread 0x00007f016c0ab000  840             com.android.dex.Leb128::writeUnsignedLeb128 (46 bytes)
Event: 18,264 Thread 0x00007f016c0ab000 nmethod 840 0x00007f01692cb910 code [0x00007f01692cba80, 0x00007f01692cbcf8]
Event: 18,269 Thread 0x00007f016c0a8000  841             com.android.dx.dex.file.DebugInfoEncoder::emitHeader (530 bytes)

GC Heap History (10 events):
Event: 3,247 GC heap after
Heap after GC invocations=2 (full 0):
 PSYoungGen      total 30720K, used 2023K [0x00000000eaa80000, 0x00000000eca80000, 0x0000000100000000)
  eden space 28672K, 0% used [0x00000000eaa80000,0x00000000eaa80000,0x00000000ec680000)
  from space 2048K, 98% used [0x00000000ec880000,0x00000000eca79c88,0x00000000eca80000)
  to   space 2048K, 0% used [0x00000000ec680000,0x00000000ec680000,0x00000000ec880000)
 ParOldGen       total 36352K, used 3971K [0x00000000c0000000, 0x00000000c2380000, 0x00000000eaa80000)
  object space 36352K, 10% used [0x00000000c0000000,0x00000000c03e0d50,0x00000000c2380000)
 PSPermGen       total 21504K, used 5843K [0x00000000b5a00000, 0x00000000b6f00000, 0x00000000c0000000)
  object space 21504K, 27% used [0x00000000b5a00000,0x00000000b5fb4ea0,0x00000000b6f00000)
}
Event: 5,529 GC heap before
{Heap before GC invocations=3 (full 0):
 PSYoungGen      total 30720K, used 30695K [0x00000000eaa80000, 0x00000000eca80000, 0x0000000100000000)
  eden space 28672K, 100% used [0x00000000eaa80000,0x00000000ec680000,0x00000000ec680000)
  from space 2048K, 98% used [0x00000000ec880000,0x00000000eca79c88,0x00000000eca80000)
  to   space 2048K, 0% used [0x00000000ec680000,0x00000000ec680000,0x00000000ec880000)
 ParOldGen       total 36352K, used 3971K [0x00000000c0000000, 0x00000000c2380000, 0x00000000eaa80000)
  object space 36352K, 10% used [0x00000000c0000000,0x00000000c03e0d50,0x00000000c2380000)
 PSPermGen       total 21504K, used 5910K [0x00000000b5a00000, 0x00000000b6f00000, 0x00000000c0000000)
  object space 21504K, 27% used [0x00000000b5a00000,0x00000000b5fc58d0,0x00000000b6f00000)
Event: 5,600 GC heap after
Heap after GC invocations=3 (full 0):
 PSYoungGen      total 30720K, used 2018K [0x00000000eaa80000, 0x00000000ee680000, 0x0000000100000000)
  eden space 28672K, 0% used [0x00000000eaa80000,0x00000000eaa80000,0x00000000ec680000)
  from space 2048K, 98% used [0x00000000ec680000,0x00000000ec878820,0x00000000ec880000)
  to   space 2048K, 0% used [0x00000000ee480000,0x00000000ee480000,0x00000000ee680000)
 ParOldGen       total 36352K, used 8688K [0x00000000c0000000, 0x00000000c2380000, 0x00000000eaa80000)
  object space 36352K, 23% used [0x00000000c0000000,0x00000000c087c338,0x00000000c2380000)
 PSPermGen       total 21504K, used 5910K [0x00000000b5a00000, 0x00000000b6f00000, 0x00000000c0000000)
  object space 21504K, 27% used [0x00000000b5a00000,0x00000000b5fc58d0,0x00000000b6f00000)
}
Event: 7,080 GC heap before
{Heap before GC invocations=4 (full 0):
 PSYoungGen      total 30720K, used 30690K [0x00000000eaa80000, 0x00000000ee680000, 0x0000000100000000)
  eden space 28672K, 100% used [0x00000000eaa80000,0x00000000ec680000,0x00000000ec680000)
  from space 2048K, 98% used [0x00000000ec680000,0x00000000ec878820,0x00000000ec880000)
  to   space 2048K, 0% used [0x00000000ee480000,0x00000000ee480000,0x00000000ee680000)
 ParOldGen       total 36352K, used 8688K [0x00000000c0000000, 0x00000000c2380000, 0x00000000eaa80000)
  object space 36352K, 23% used [0x00000000c0000000,0x00000000c087c338,0x00000000c2380000)
 PSPermGen       total 21504K, used 5943K [0x00000000b5a00000, 0x00000000b6f00000, 0x00000000c0000000)
  object space 21504K, 27% used [0x00000000b5a00000,0x00000000b5fcdee0,0x00000000b6f00000)
Event: 7,120 GC heap after
Heap after GC invocations=4 (full 0):
 PSYoungGen      total 59392K, used 2037K [0x00000000eaa80000, 0x00000000ee680000, 0x0000000100000000)
  eden space 57344K, 0% used [0x00000000eaa80000,0x00000000eaa80000,0x00000000ee280000)
  from space 2048K, 99% used [0x00000000ee480000,0x00000000ee67d7d8,0x00000000ee680000)
  to   space 2048K, 0% used [0x00000000ee280000,0x00000000ee280000,0x00000000ee480000)
 ParOldGen       total 36352K, used 12893K [0x00000000c0000000, 0x00000000c2380000, 0x00000000eaa80000)
  object space 36352K, 35% used [0x00000000c0000000,0x00000000c0c97708,0x00000000c2380000)
 PSPermGen       total 21504K, used 5943K [0x00000000b5a00000, 0x00000000b6f00000, 0x00000000c0000000)
  object space 21504K, 27% used [0x00000000b5a00000,0x00000000b5fcdee0,0x00000000b6f00000)
}
Event: 10,125 GC heap before
{Heap before GC invocations=5 (full 0):
 PSYoungGen      total 59392K, used 59381K [0x00000000eaa80000, 0x00000000ee680000, 0x0000000100000000)
  eden space 57344K, 100% used [0x00000000eaa80000,0x00000000ee280000,0x00000000ee280000)
  from space 2048K, 99% used [0x00000000ee480000,0x00000000ee67d7d8,0x00000000ee680000)
  to   space 2048K, 0% used [0x00000000ee280000,0x00000000ee280000,0x00000000ee480000)
 ParOldGen       total 36352K, used 12893K [0x00000000c0000000, 0x00000000c2380000, 0x00000000eaa80000)
  object space 36352K, 35% used [0x00000000c0000000,0x00000000c0c97708,0x00000000c2380000)
 PSPermGen       total 21504K, used 5985K [0x00000000b5a00000, 0x00000000b6f00000, 0x00000000c0000000)
  object space 21504K, 27% used [0x00000000b5a00000,0x00000000b5fd8760,0x00000000b6f00000)
Event: 10,192 GC heap after
Heap after GC invocations=5 (full 0):
 PSYoungGen      total 59392K, used 2045K [0x00000000eaa80000, 0x00000000f3080000, 0x0000000100000000)
  eden space 57344K, 0% used [0x00000000eaa80000,0x00000000eaa80000,0x00000000ee280000)
  from space 2048K, 99% used [0x00000000ee280000,0x00000000ee47f5e8,0x00000000ee480000)
  to   space 11264K, 0% used [0x00000000f2580000,0x00000000f2580000,0x00000000f3080000)
 ParOldGen       total 36352K, used 21769K [0x00000000c0000000, 0x00000000c2380000, 0x00000000eaa80000)
  object space 36352K, 59% used [0x00000000c0000000,0x00000000c1542688,0x00000000c2380000)
 PSPermGen       total 21504K, used 5985K [0x00000000b5a00000, 0x00000000b6f00000, 0x00000000c0000000)
  object space 21504K, 27% used [0x00000000b5a00000,0x00000000b5fd8760,0x00000000b6f00000)
}
Event: 12,454 GC heap before
{Heap before GC invocations=6 (full 0):
 PSYoungGen      total 59392K, used 59389K [0x00000000eaa80000, 0x00000000f3080000, 0x0000000100000000)
  eden space 57344K, 100% used [0x00000000eaa80000,0x00000000ee280000,0x00000000ee280000)
  from space 2048K, 99% used [0x00000000ee280000,0x00000000ee47f5e8,0x00000000ee480000)
  to   space 11264K, 0% used [0x00000000f2580000,0x00000000f2580000,0x00000000f3080000)
 ParOldGen       total 36352K, used 21769K [0x00000000c0000000, 0x00000000c2380000, 0x00000000eaa80000)
  object space 36352K, 59% used [0x00000000c0000000,0x00000000c1542688,0x00000000c2380000)
 PSPermGen       total 21504K, used 6018K [0x00000000b5a00000, 0x00000000b6f00000, 0x00000000c0000000)
  object space 21504K, 27% used [0x00000000b5a00000,0x00000000b5fe0a08,0x00000000b6f00000)
Event: 12,576 GC heap after
Heap after GC invocations=6 (full 0):
 PSYoungGen      total 123904K, used 11252K [0x00000000eaa80000, 0x00000000f3480000, 0x0000000100000000)
  eden space 112640K, 0% used [0x00000000eaa80000,0x00000000eaa80000,0x00000000f1880000)
  from space 11264K, 99% used [0x00000000f2580000,0x00000000f307d098,0x00000000f3080000)
  to   space 13312K, 0% used [0x00000000f1880000,0x00000000f1880000,0x00000000f2580000)
 ParOldGen       total 36352K, used 22003K [0x00000000c0000000, 0x00000000c2380000, 0x00000000eaa80000)
  object space 36352K, 60% used [0x00000000c0000000,0x00000000c157cf20,0x00000000c2380000)
 PSPermGen       total 21504K, used 6018K [0x00000000b5a00000, 0x00000000b6f00000, 0x00000000c0000000)
  object space 21504K, 27% used [0x00000000b5a00000,0x00000000b5fe0a08,0x00000000b6f00000)
}
Event: 18,279 GC heap before
{Heap before GC invocations=7 (full 0):
 PSYoungGen      total 123904K, used 123892K [0x00000000eaa80000, 0x00000000f3480000, 0x0000000100000000)
  eden space 112640K, 100% used [0x00000000eaa80000,0x00000000f1880000,0x00000000f1880000)
  from space 11264K, 99% used [0x00000000f2580000,0x00000000f307d098,0x00000000f3080000)
  to   space 13312K, 0% used [0x00000000f1880000,0x00000000f1880000,0x00000000f2580000)
 ParOldGen       total 36352K, used 22003K [0x00000000c0000000, 0x00000000c2380000, 0x00000000eaa80000)
  object space 36352K, 60% used [0x00000000c0000000,0x00000000c157cf20,0x00000000c2380000)
 PSPermGen       total 21504K, used 6311K [0x00000000b5a00000, 0x00000000b6f00000, 0x00000000c0000000)
  object space 21504K, 29% used [0x00000000b5a00000,0x00000000b6029f40,0x00000000b6f00000)

Deoptimization events (10 events):
Event: 17,084 Thread 0x00007f016c00a800 Uncommon trap: reason=unstable_if action=reinterpret pc=0x00007f0169159ce8 method=com.android.dx.rop.code.RegisterSpecSet.equals(Ljava/lang/Object;)Z @ 30
Event: 17,086 Thread 0x00007f016c00a800 Uncommon trap: reason=null_check action=make_not_entrant pc=0x00007f01692b3860 method=com.android.dx.dex.code.LocalList$MakeState.finish()Lcom/android/dx/dex/code/LocalList; @ 81
Event: 17,087 Thread 0x00007f016c00a800 Uncommon trap: reason=unstable_if action=reinterpret pc=0x00007f01690eb39c method=java.util.TreeMap.put(Ljava/lang/Object;Ljava/lang/Object;)Ljava/lang/Object; @ 163
Event: 17,142 Thread 0x00007f016c00a800 Uncommon trap: reason=unstable_if action=reinterpret pc=0x00007f01691184f0 method=com.android.dx.rop.code.RegisterSpec.matchesVariable(Lcom/android/dx/rop/code/RegisterSpec;)Z @ 59
Event: 17,147 Thread 0x00007f016c00a800 Uncommon trap: reason=class_check action=maybe_recompile pc=0x00007f0169118f98 method=com.android.dx.dex.code.OutputFinisher.massageInstructions([Lcom/android/dx/dex/code/Dop;)V @ 63
Event: 17,227 Thread 0x00007f016c00a800 Uncommon trap: reason=class_check action=maybe_recompile pc=0x00007f0169118f98 method=com.android.dx.dex.code.OutputFinisher.massageInstructions([Lcom/android/dx/dex/code/Dop;)V @ 63
Event: 17,305 Thread 0x00007f016c00a800 Uncommon trap: reason=class_check action=maybe_recompile pc=0x00007f0169118f98 method=com.android.dx.dex.code.OutputFinisher.massageInstructions([Lcom/android/dx/dex/code/Dop;)V @ 63
Event: 17,305 Thread 0x00007f016c00a800 Uncommon trap: reason=class_check action=maybe_recompile pc=0x00007f0169118f98 method=com.android.dx.dex.code.OutputFinisher.massageInstructions([Lcom/android/dx/dex/code/Dop;)V @ 63
Event: 17,430 Thread 0x00007f016c00a800 Uncommon trap: reason=unstable_if action=reinterpret pc=0x00007f0169117c70 method=com.android.dx.dex.code.form.Form35c.wordCount(Lcom/android/dx/rop/code/RegisterSpecList;)I @ 65
Event: 17,733 Thread 0x00007f016c00a800 Uncommon trap: reason=unstable_if action=reinterpret pc=0x00007f01692affc8 method=com.android.dx.rop.code.RegisterSpec.matchesVariable(Lcom/android/dx/rop/code/RegisterSpec;)Z @ 59

Internal exceptions (10 events):
Event: 16,664 Thread 0x00007f016c00a800 Threw 0x00000000f0d52ec8 at /build/openjdk-7-hZgspp/openjdk-7-7u101-2.6.6/build/openjdk/hotspot/src/share/vm/prims/jvm.cpp:1322
Event: 16,665 Thread 0x00007f016c00a800 Threw 0x00000000f0d57a18 at /build/openjdk-7-hZgspp/openjdk-7-7u101-2.6.6/build/openjdk/hotspot/src/share/vm/prims/jvm.cpp:1322
Event: 16,687 Thread 0x00007f016c00a800 Threw 0x00000000f0d68900 at /build/openjdk-7-hZgspp/openjdk-7-7u101-2.6.6/build/openjdk/hotspot/src/share/vm/prims/jvm.cpp:1322
Event: 16,688 Thread 0x00007f016c00a800 Threw 0x00000000f0d6c1b0 at /build/openjdk-7-hZgspp/openjdk-7-7u101-2.6.6/build/openjdk/hotspot/src/share/vm/prims/jvm.cpp:1322
Event: 16,688 Thread 0x00007f016c00a800 Threw 0x00000000f0d6f9b0 at /build/openjdk-7-hZgspp/openjdk-7-7u101-2.6.6/build/openjdk/hotspot/src/share/vm/prims/jvm.cpp:1322
Event: 16,701 Thread 0x00007f016c00a800 Threw 0x00000000f0d812b8 at /build/openjdk-7-hZgspp/openjdk-7-7u101-2.6.6/build/openjdk/hotspot/src/share/vm/prims/jvm.cpp:1322
Event: 17,086 Thread 0x00007f016c00a800 Implicit null exception at 0x00007f01692b2f18 to 0x00007f01692b3855
Event: 18,114 Thread 0x00007f016c00a800 Threw 0x00000000f1679740 at /build/openjdk-7-hZgspp/openjdk-7-7u101-2.6.6/build/openjdk/hotspot/src/share/vm/prims/jvm.cpp:1322
Event: 18,115 Thread 0x00007f016c00a800 Threw 0x00000000f16859e8 at /build/openjdk-7-hZgspp/openjdk-7-7u101-2.6.6/build/openjdk/hotspot/src/share/vm/prims/jvm.cpp:1322
Event: 18,116 Thread 0x00007f016c00a800 Threw 0x00000000f1688c98 at /build/openjdk-7-hZgspp/openjdk-7-7u101-2.6.6/build/openjdk/hotspot/src/share/vm/prims/jvm.cpp:1322

Events (10 events):
Event: 18,095 Thread 0x00007f016c0ab000 flushing nmethod 0x00007f0169209b50
Event: 18,100 Thread 0x00007f016c0a8000 flushing nmethod 0x00007f016924d890
Event: 18,100 Thread 0x00007f016c0a8000 flushing nmethod 0x00007f016925ef10
Event: 18,114 loading class 0x00007f016c1d8760
Event: 18,114 loading class 0x00007f016c1d8760 done
Event: 18,115 loading class 0x00007f016c1fd410
Event: 18,115 loading class 0x00007f016c1fd410 done
Event: 18,116 loading class 0x00007f016c1fd450
Event: 18,116 loading class 0x00007f016c1fd450 done
Event: 18,279 Executing VM operation: ParallelGCFailedAllocation


Dynamic libraries:
00400000-00401000 r-xp 00000000 08:03 2368412                            /usr/lib/jvm/java-7-openjdk-amd64/jre/bin/java
00600000-00601000 r--p 00000000 08:03 2368412                            /usr/lib/jvm/java-7-openjdk-amd64/jre/bin/java
00601000-00602000 rw-p 00001000 08:03 2368412                            /usr/lib/jvm/java-7-openjdk-amd64/jre/bin/java
01740000-01761000 rw-p 00000000 00:00 0                                  [heap]
b5a00000-b6f00000 rw-p 00000000 00:00 0 
b6f00000-c0000000 rw-p 00000000 00:00 0 
c0000000-c2380000 rw-p 00000000 00:00 0 
c2380000-eaa80000 rw-p 00000000 00:00 0 
eaa80000-f3480000 rw-p 00000000 00:00 0 
fa880000-100000000 rw-p 00000000 00:00 0 
7f0138000000-7f0138021000 rw-p 00000000 00:00 0 
7f0138021000-7f013c000000 ---p 00000000 00:00 0 
7f0140000000-7f0140c56000 rw-p 00000000 00:00 0 
7f0140c56000-7f0144000000 ---p 00000000 00:00 0 
7f0144000000-7f0144021000 rw-p 00000000 00:00 0 
7f0144021000-7f0148000000 ---p 00000000 00:00 0 
7f0148000000-7f0148021000 rw-p 00000000 00:00 0 
7f0148021000-7f014c000000 ---p 00000000 00:00 0 
7f014c000000-7f014d0bb000 rw-p 00000000 00:00 0 
7f014d0bb000-7f0150000000 ---p 00000000 00:00 0 
7f0150000000-7f0150021000 rw-p 00000000 00:00 0 
7f0150021000-7f0154000000 ---p 00000000 00:00 0 
7f0154000000-7f0154021000 rw-p 00000000 00:00 0 
7f0154021000-7f0158000000 ---p 00000000 00:00 0 
7f0158000000-7f0158021000 rw-p 00000000 00:00 0 
7f0158021000-7f015c000000 ---p 00000000 00:00 0 
7f015c000000-7f015c021000 rw-p 00000000 00:00 0 
7f015c021000-7f0160000000 ---p 00000000 00:00 0 
7f0160000000-7f0160021000 rw-p 00000000 00:00 0 
7f0160021000-7f0164000000 ---p 00000000 00:00 0 
7f0165433000-7f0165734000 rw-p 00000000 00:00 0 
7f0165734000-7f01657a0000 r-xp 00000000 08:03 2501218                    /lib/x86_64-linux-gnu/libpcre.so.3.13.1
7f01657a0000-7f01659a0000 ---p 0006c000 08:03 2501218                    /lib/x86_64-linux-gnu/libpcre.so.3.13.1
7f01659a0000-7f01659a1000 r--p 0006c000 08:03 2501218                    /lib/x86_64-linux-gnu/libpcre.so.3.13.1
7f01659a1000-7f01659a2000 rw-p 0006d000 08:03 2501218                    /lib/x86_64-linux-gnu/libpcre.so.3.13.1
7f01659a2000-7f01659a9000 r-xp 00000000 08:03 403597                     /usr/lib/x86_64-linux-gnu/libffi.so.6.0.4
7f01659a9000-7f0165ba8000 ---p 00007000 08:03 403597                     /usr/lib/x86_64-linux-gnu/libffi.so.6.0.4
7f0165ba8000-7f0165ba9000 r--p 00006000 08:03 403597                     /usr/lib/x86_64-linux-gnu/libffi.so.6.0.4
7f0165ba9000-7f0165baa000 rw-p 00007000 08:03 403597                     /usr/lib/x86_64-linux-gnu/libffi.so.6.0.4
7f0165baa000-7f0165bc1000 r-xp 00000000 08:03 2495369                    /lib/x86_64-linux-gnu/libresolv-2.21.so
7f0165bc1000-7f0165dc1000 ---p 00017000 08:03 2495369                    /lib/x86_64-linux-gnu/libresolv-2.21.so
7f0165dc1000-7f0165dc2000 r--p 00017000 08:03 2495369                    /lib/x86_64-linux-gnu/libresolv-2.21.so
7f0165dc2000-7f0165dc3000 rw-p 00018000 08:03 2495369                    /lib/x86_64-linux-gnu/libresolv-2.21.so
7f0165dc3000-7f0165dc5000 rw-p 00000000 00:00 0 
7f0165dc5000-7f0165de6000 r-xp 00000000 08:03 2495219                    /lib/x86_64-linux-gnu/libselinux.so.1
7f0165de6000-7f0165fe5000 ---p 00021000 08:03 2495219                    /lib/x86_64-linux-gnu/libselinux.so.1
7f0165fe5000-7f0165fe6000 r--p 00020000 08:03 2495219                    /lib/x86_64-linux-gnu/libselinux.so.1
7f0165fe6000-7f0165fe7000 rw-p 00021000 08:03 2495219                    /lib/x86_64-linux-gnu/libselinux.so.1
7f0165fe7000-7f0165fe9000 rw-p 00000000 00:00 0 
7f0165fe9000-7f0165fec000 r-xp 00000000 08:03 394930                     /usr/lib/x86_64-linux-gnu/libgmodule-2.0.so.0.4600.2
7f0165fec000-7f01661eb000 ---p 00003000 08:03 394930                     /usr/lib/x86_64-linux-gnu/libgmodule-2.0.so.0.4600.2
7f01661eb000-7f01661ec000 r--p 00002000 08:03 394930                     /usr/lib/x86_64-linux-gnu/libgmodule-2.0.so.0.4600.2
7f01661ec000-7f01661ed000 rw-p 00003000 08:03 394930                     /usr/lib/x86_64-linux-gnu/libgmodule-2.0.so.0.4600.2
7f01661ed000-7f01662fa000 r-xp 00000000 08:03 2499120                    /lib/x86_64-linux-gnu/libglib-2.0.so.0.4600.2
7f01662fa000-7f01664f9000 ---p 0010d000 08:03 2499120                    /lib/x86_64-linux-gnu/libglib-2.0.so.0.4600.2
7f01664f9000-7f01664fa000 r--p 0010c000 08:03 2499120                    /lib/x86_64-linux-gnu/libglib-2.0.so.0.4600.2
7f01664fa000-7f01664fb000 rw-p 0010d000 08:03 2499120                    /lib/x86_64-linux-gnu/libglib-2.0.so.0.4600.2
7f01664fb000-7f01664fc000 rw-p 00000000 00:00 0 
7f01664fc000-7f016654e000 r-xp 00000000 08:03 394928                     /usr/lib/x86_64-linux-gnu/libgobject-2.0.so.0.4600.2
7f016654e000-7f016674d000 ---p 00052000 08:03 394928                     /usr/lib/x86_64-linux-gnu/libgobject-2.0.so.0.4600.2
7f016674d000-7f016674e000 r--p 00051000 08:03 394928                     /usr/lib/x86_64-linux-gnu/libgobject-2.0.so.0.4600.2
7f016674e000-7f016674f000 rw-p 00052000 08:03 394928                     /usr/lib/x86_64-linux-gnu/libgobject-2.0.so.0.4600.2
7f016674f000-7f01668c9000 r-xp 00000000 08:03 394924                     /usr/lib/x86_64-linux-gnu/libgio-2.0.so.0.4600.2
7f01668c9000-7f0166ac8000 ---p 0017a000 08:03 394924                     /usr/lib/x86_64-linux-gnu/libgio-2.0.so.0.4600.2
7f0166ac8000-7f0166acc000 r--p 00179000 08:03 394924                     /usr/lib/x86_64-linux-gnu/libgio-2.0.so.0.4600.2
7f0166acc000-7f0166ace000 rw-p 0017d000 08:03 394924                     /usr/lib/x86_64-linux-gnu/libgio-2.0.so.0.4600.2
7f0166ace000-7f0169000000 rw-p 00000000 00:00 0 
7f0169000000-7f01692e0000 rwxp 00000000 00:00 0 
7f01692e0000-7f016c206000 rw-p 00000000 00:00 0 
7f016c206000-7f0170000000 ---p 00000000 00:00 0 
7f0170045000-7f017005c000 r-xp 00000000 08:03 2368446                    /usr/lib/jvm/java-7-openjdk-amd64/jre/lib/amd64/libnet.so
7f017005c000-7f017025c000 ---p 00017000 08:03 2368446                    /usr/lib/jvm/java-7-openjdk-amd64/jre/lib/amd64/libnet.so
7f017025c000-7f017025d000 r--p 00017000 08:03 2368446                    /usr/lib/jvm/java-7-openjdk-amd64/jre/lib/amd64/libnet.so
7f017025d000-7f017025e000 rw-p 00018000 08:03 2368446                    /usr/lib/jvm/java-7-openjdk-amd64/jre/lib/amd64/libnet.so
7f017025e000-7f017026f000 r-xp 00000000 08:03 2368467                    /usr/lib/jvm/java-7-openjdk-amd64/jre/lib/amd64/libnio.so
7f017026f000-7f017046e000 ---p 00011000 08:03 2368467                    /usr/lib/jvm/java-7-openjdk-amd64/jre/lib/amd64/libnio.so
7f017046e000-7f017046f000 r--p 00010000 08:03 2368467                    /usr/lib/jvm/java-7-openjdk-amd64/jre/lib/amd64/libnio.so
7f017046f000-7f0170470000 rw-p 00011000 08:03 2368467                    /usr/lib/jvm/java-7-openjdk-amd64/jre/lib/amd64/libnio.so
7f017047a000-7f017047b000 ---p 00000000 00:00 0 
7f017047b000-7f017057b000 rw-p 00000000 00:00 0 
7f017057b000-7f017057e000 ---p 00000000 00:00 0 
7f017057e000-7f017067c000 rw-p 00000000 00:00 0 
7f017067c000-7f017067f000 ---p 00000000 00:00 0 
7f017067f000-7f017077d000 rw-p 00000000 00:00 0 
7f017077d000-7f0170780000 ---p 00000000 00:00 0 
7f0170780000-7f017087e000 rw-p 00000000 00:00 0 
7f017087e000-7f0170881000 ---p 00000000 00:00 0 
7f0170881000-7f017097f000 rw-p 00000000 00:00 0 
7f017097f000-7f0171062000 r--p 00000000 08:03 401745                     /usr/lib/locale/locale-archive
7f0171062000-7f0171065000 ---p 00000000 00:00 0 
7f0171065000-7f0171163000 rw-p 00000000 00:00 0 
7f0171163000-7f0171166000 ---p 00000000 00:00 0 
7f0171166000-7f0171264000 rw-p 00000000 00:00 0 
7f0171264000-7f0171265000 ---p 00000000 00:00 0 
7f0171265000-7f0171d1a000 rw-p 00000000 00:00 0 
7f0171d1a000-7f0171ecc000 r--s 01d32000 08:03 2371841                    /usr/lib/jvm/java-7-openjdk-amd64/jre/lib/rt.jar
7f0171ecc000-7f0172230000 rw-p 00000000 00:00 0 
7f0172230000-7f0172231000 ---p 00000000 00:00 0 
7f0172231000-7f0172331000 rw-p 00000000 00:00 0 
7f0172331000-7f0172332000 ---p 00000000 00:00 0 
7f0172332000-7f017243d000 rw-p 00000000 00:00 0 
7f017243d000-7f0172485000 rw-p 00000000 00:00 0 
7f0172485000-7f0172497000 rw-p 00000000 00:00 0 
7f0172497000-7f01725db000 rw-p 00000000 00:00 0 
7f01725db000-7f01725e6000 rw-p 00000000 00:00 0 
7f01725e6000-7f017262e000 rw-p 00000000 00:00 0 
7f017262e000-7f0172640000 rw-p 00000000 00:00 0 
7f0172640000-7f0172783000 rw-p 00000000 00:00 0 
7f0172783000-7f01727c9000 rw-p 00000000 00:00 0 
7f01727c9000-7f017282e000 rw-p 00000000 00:00 0 
7f017282e000-7f017282f000 rw-p 00000000 00:00 0 
7f017282f000-7f0172837000 r-xp 00000000 08:03 2368451                    /usr/lib/jvm/java-7-openjdk-amd64/jre/lib/amd64/libzip.so
7f0172837000-7f0172a36000 ---p 00008000 08:03 2368451                    /usr/lib/jvm/java-7-openjdk-amd64/jre/lib/amd64/libzip.so
7f0172a36000-7f0172a37000 r--p 00007000 08:03 2368451                    /usr/lib/jvm/java-7-openjdk-amd64/jre/lib/amd64/libzip.so
7f0172a37000-7f0172a38000 rw-p 00008000 08:03 2368451                    /usr/lib/jvm/java-7-openjdk-amd64/jre/lib/amd64/libzip.so
7f0172a38000-7f0172a44000 r-xp 00000000 08:03 2495110                    /lib/x86_64-linux-gnu/libnss_files-2.21.so
7f0172a44000-7f0172c43000 ---p 0000c000 08:03 2495110                    /lib/x86_64-linux-gnu/libnss_files-2.21.so
7f0172c43000-7f0172c44000 r--p 0000b000 08:03 2495110                    /lib/x86_64-linux-gnu/libnss_files-2.21.so
7f0172c44000-7f0172c45000 rw-p 0000c000 08:03 2495110                    /lib/x86_64-linux-gnu/libnss_files-2.21.so
7f0172c45000-7f0172c50000 r-xp 00000000 08:03 2495363                    /lib/x86_64-linux-gnu/libnss_nis-2.21.so
7f0172c50000-7f0172e4f000 ---p 0000b000 08:03 2495363                    /lib/x86_64-linux-gnu/libnss_nis-2.21.so
7f0172e4f000-7f0172e50000 r--p 0000a000 08:03 2495363                    /lib/x86_64-linux-gnu/libnss_nis-2.21.so
7f0172e50000-7f0172e51000 rw-p 0000b000 08:03 2495363                    /lib/x86_64-linux-gnu/libnss_nis-2.21.so
7f0172e51000-7f0172e68000 r-xp 00000000 08:03 2495209                    /lib/x86_64-linux-gnu/libnsl-2.21.so
7f0172e68000-7f0173067000 ---p 00017000 08:03 2495209                    /lib/x86_64-linux-gnu/libnsl-2.21.so
7f0173067000-7f0173068000 r--p 00016000 08:03 2495209                    /lib/x86_64-linux-gnu/libnsl-2.21.so
7f0173068000-7f0173069000 rw-p 00017000 08:03 2495209                    /lib/x86_64-linux-gnu/libnsl-2.21.so
7f0173069000-7f017306b000 rw-p 00000000 00:00 0 
7f017306b000-7f0173073000 r-xp 00000000 08:03 2495111                    /lib/x86_64-linux-gnu/libnss_compat-2.21.so
7f0173073000-7f0173272000 ---p 00008000 08:03 2495111                    /lib/x86_64-linux-gnu/libnss_compat-2.21.so
7f0173272000-7f0173273000 r--p 00007000 08:03 2495111                    /lib/x86_64-linux-gnu/libnss_compat-2.21.so
7f0173273000-7f0173274000 rw-p 00008000 08:03 2495111                    /lib/x86_64-linux-gnu/libnss_compat-2.21.so
7f0173274000-7f01732a0000 r-xp 00000000 08:03 2368437                    /usr/lib/jvm/java-7-openjdk-amd64/jre/lib/amd64/libjava.so
7f01732a0000-7f017349f000 ---p 0002c000 08:03 2368437                    /usr/lib/jvm/java-7-openjdk-amd64/jre/lib/amd64/libjava.so
7f017349f000-7f01734a0000 r--p 0002b000 08:03 2368437                    /usr/lib/jvm/java-7-openjdk-amd64/jre/lib/amd64/libjava.so
7f01734a0000-7f01734a2000 rw-p 0002c000 08:03 2368437                    /usr/lib/jvm/java-7-openjdk-amd64/jre/lib/amd64/libjava.so
7f01734a2000-7f01734b1000 r-xp 00000000 08:03 2368438                    /usr/lib/jvm/java-7-openjdk-amd64/jre/lib/amd64/libverify.so
7f01734b1000-7f01736b0000 ---p 0000f000 08:03 2368438                    /usr/lib/jvm/java-7-openjdk-amd64/jre/lib/amd64/libverify.so
7f01736b0000-7f01736b2000 r--p 0000e000 08:03 2368438                    /usr/lib/jvm/java-7-openjdk-amd64/jre/lib/amd64/libverify.so
7f01736b2000-7f01736b3000 rw-p 00010000 08:03 2368438                    /usr/lib/jvm/java-7-openjdk-amd64/jre/lib/amd64/libverify.so
7f01736b3000-7f01736ba000 r-xp 00000000 08:03 2495039                    /lib/x86_64-linux-gnu/librt-2.21.so
7f01736ba000-7f01738b9000 ---p 00007000 08:03 2495039                    /lib/x86_64-linux-gnu/librt-2.21.so
7f01738b9000-7f01738ba000 r--p 00006000 08:03 2495039                    /lib/x86_64-linux-gnu/librt-2.21.so
7f01738ba000-7f01738bb000 rw-p 00007000 08:03 2495039                    /lib/x86_64-linux-gnu/librt-2.21.so
7f01738bb000-7f01738d1000 r-xp 00000000 08:03 2495103                    /lib/x86_64-linux-gnu/libgcc_s.so.1
7f01738d1000-7f0173ad0000 ---p 00016000 08:03 2495103                    /lib/x86_64-linux-gnu/libgcc_s.so.1
7f0173ad0000-7f0173ad1000 r--p 00015000 08:03 2495103                    /lib/x86_64-linux-gnu/libgcc_s.so.1
7f0173ad1000-7f0173ad2000 rw-p 00016000 08:03 2495103                    /lib/x86_64-linux-gnu/libgcc_s.so.1
7f0173ad2000-7f0173bd9000 r-xp 00000000 08:03 2495365                    /lib/x86_64-linux-gnu/libm-2.21.so
7f0173bd9000-7f0173dd8000 ---p 00107000 08:03 2495365                    /lib/x86_64-linux-gnu/libm-2.21.so
7f0173dd8000-7f0173dd9000 r--p 00106000 08:03 2495365                    /lib/x86_64-linux-gnu/libm-2.21.so
7f0173dd9000-7f0173dda000 rw-p 00107000 08:03 2495365                    /lib/x86_64-linux-gnu/libm-2.21.so
7f0173dda000-7f0173f4d000 r-xp 00000000 08:03 404217                     /usr/lib/x86_64-linux-gnu/libstdc++.so.6.0.21
7f0173f4d000-7f017414c000 ---p 00173000 08:03 404217                     /usr/lib/x86_64-linux-gnu/libstdc++.so.6.0.21
7f017414c000-7f0174156000 r--p 00172000 08:03 404217                     /usr/lib/x86_64-linux-gnu/libstdc++.so.6.0.21
7f0174156000-7f0174158000 rw-p 0017c000 08:03 404217                     /usr/lib/x86_64-linux-gnu/libstdc++.so.6.0.21
7f0174158000-7f017415c000 rw-p 00000000 00:00 0 
7f017415c000-7f0174caf000 r-xp 00000000 08:03 2368449                    /usr/lib/jvm/java-7-openjdk-amd64/jre/lib/amd64/server/libjvm.so
7f0174caf000-7f0174eae000 ---p 00b53000 08:03 2368449                    /usr/lib/jvm/java-7-openjdk-amd64/jre/lib/amd64/server/libjvm.so
7f0174eae000-7f0174f3f000 r--p 00b52000 08:03 2368449                    /usr/lib/jvm/java-7-openjdk-amd64/jre/lib/amd64/server/libjvm.so
7f0174f3f000-7f0174f62000 rw-p 00be3000 08:03 2368449                    /usr/lib/jvm/java-7-openjdk-amd64/jre/lib/amd64/server/libjvm.so
7f0174f62000-7f0174f8f000 rw-p 00000000 00:00 0 
7f0174f8f000-7f0174fa8000 r-xp 00000000 08:03 2495249                    /lib/x86_64-linux-gnu/libz.so.1.2.8
7f0174fa8000-7f01751a7000 ---p 00019000 08:03 2495249                    /lib/x86_64-linux-gnu/libz.so.1.2.8
7f01751a7000-7f01751a8000 r--p 00018000 08:03 2495249                    /lib/x86_64-linux-gnu/libz.so.1.2.8
7f01751a8000-7f01751a9000 rw-p 00019000 08:03 2495249                    /lib/x86_64-linux-gnu/libz.so.1.2.8
7f01751a9000-7f01751c1000 r-xp 00000000 08:03 2495087                    /lib/x86_64-linux-gnu/libpthread-2.21.so
7f01751c1000-7f01753c1000 ---p 00018000 08:03 2495087                    /lib/x86_64-linux-gnu/libpthread-2.21.so
7f01753c1000-7f01753c2000 r--p 00018000 08:03 2495087                    /lib/x86_64-linux-gnu/libpthread-2.21.so
7f01753c2000-7f01753c3000 rw-p 00019000 08:03 2495087                    /lib/x86_64-linux-gnu/libpthread-2.21.so
7f01753c3000-7f01753c7000 rw-p 00000000 00:00 0 
7f01753c7000-7f01753ca000 r-xp 00000000 08:03 2495362                    /lib/x86_64-linux-gnu/libdl-2.21.so
7f01753ca000-7f01755c9000 ---p 00003000 08:03 2495362                    /lib/x86_64-linux-gnu/libdl-2.21.so
7f01755c9000-7f01755ca000 r--p 00002000 08:03 2495362                    /lib/x86_64-linux-gnu/libdl-2.21.so
7f01755ca000-7f01755cb000 rw-p 00003000 08:03 2495362                    /lib/x86_64-linux-gnu/libdl-2.21.so
7f01755cb000-7f017578b000 r-xp 00000000 08:03 2495366                    /lib/x86_64-linux-gnu/libc-2.21.so
7f017578b000-7f017598b000 ---p 001c0000 08:03 2495366                    /lib/x86_64-linux-gnu/libc-2.21.so
7f017598b000-7f017598f000 r--p 001c0000 08:03 2495366                    /lib/x86_64-linux-gnu/libc-2.21.so
7f017598f000-7f0175991000 rw-p 001c4000 08:03 2495366                    /lib/x86_64-linux-gnu/libc-2.21.so
7f0175991000-7f0175995000 rw-p 00000000 00:00 0 
7f0175995000-7f01759a2000 r-xp 00000000 08:03 2368464                    /usr/lib/jvm/java-7-openjdk-amd64/jre/lib/amd64/jli/libjli.so
7f01759a2000-7f0175ba1000 ---p 0000d000 08:03 2368464                    /usr/lib/jvm/java-7-openjdk-amd64/jre/lib/amd64/jli/libjli.so
7f0175ba1000-7f0175ba2000 r--p 0000c000 08:03 2368464                    /usr/lib/jvm/java-7-openjdk-amd64/jre/lib/amd64/jli/libjli.so
7f0175ba2000-7f0175ba3000 rw-p 0000d000 08:03 2368464                    /usr/lib/jvm/java-7-openjdk-amd64/jre/lib/amd64/jli/libjli.so
7f0175ba3000-7f0175bc7000 r-xp 00000000 08:03 2495360                    /lib/x86_64-linux-gnu/ld-2.21.so
7f0175bce000-7f0175bdd000 r--s 000dd000 08:03 2637194                    /root/Android/Sdk/build-tools/22.0.1/lib/dx.jar
7f0175bdd000-7f0175be9000 rw-p 00000000 00:00 0 
7f0175be9000-7f0175c9d000 rw-p 00000000 00:00 0 
7f0175c9d000-7f0175ca0000 ---p 00000000 00:00 0 
7f0175ca0000-7f0175da3000 rw-p 00000000 00:00 0 
7f0175da5000-7f0175da6000 rw-p 00000000 00:00 0 
7f0175da6000-7f0175daa000 r--s 00034000 08:03 2371853                    /usr/lib/jvm/java-7-openjdk-amd64/jre/lib/ext/sunjce_provider.jar
7f0175daa000-7f0175dab000 r--s 00002000 08:03 2371851                    /usr/lib/jvm/java-7-openjdk-amd64/jre/lib/ext/dnsns.jar
7f0175dab000-7f0175daf000 r--s 0003c000 08:03 2371856                    /usr/lib/jvm/java-7-openjdk-amd64/jre/lib/ext/sunpkcs11.jar
7f0175daf000-7f0175db1000 r--s 00012000 08:03 2371852                    /usr/lib/jvm/java-7-openjdk-amd64/jre/lib/ext/zipfs.jar
7f0175db1000-7f0175db5000 r--s 00085000 08:03 2371855                    /usr/lib/jvm/java-7-openjdk-amd64/jre/lib/ext/localedata.jar
7f0175db5000-7f0175db7000 r--s 00007000 08:03 806455                     /usr/share/java/java-atk-wrapper.jar
7f0175db7000-7f0175dba000 r--s 0000f000 08:03 2371854                    /usr/lib/jvm/java-7-openjdk-amd64/jre/lib/ext/icedtea-sound.jar
7f0175dba000-7f0175dc2000 rw-s 00000000 08:03 416586                     /tmp/hsperfdata_root/8486
7f0175dc2000-7f0175dc3000 rw-p 00000000 00:00 0 
7f0175dc3000-7f0175dc4000 ---p 00000000 00:00 0 
7f0175dc4000-7f0175dc6000 rw-p 00000000 00:00 0 
7f0175dc6000-7f0175dc7000 r--p 00023000 08:03 2495360                    /lib/x86_64-linux-gnu/ld-2.21.so
7f0175dc7000-7f0175dc8000 rw-p 00024000 08:03 2495360                    /lib/x86_64-linux-gnu/ld-2.21.so
7f0175dc8000-7f0175dc9000 rw-p 00000000 00:00 0 
7ffce4c94000-7ffce4cb5000 rw-p 00000000 00:00 0                          [stack]
7ffce4dbf000-7ffce4dc1000 r--p 00000000 00:00 0                          [vvar]
7ffce4dc1000-7ffce4dc3000 r-xp 00000000 00:00 0                          [vdso]
ffffffffff600000-ffffffffff601000 r-xp 00000000 00:00 0                  [vsyscall]

VM Arguments:
jvm_args: -Djava.awt.headless=true -Xmx1024M -Dfile.encoding=UTF-8 -Duser.country=US -Duser.language=en -Duser.variant 
java_command: com.android.dx.command.Main --dex --force-jumbo --multi-dex --output /media/r/Dados/UFC/S5/Desenvolvimento Mobile/TP's/MyNotes/MyNotes/app/build/intermediates/transforms/dex/debug/folders/1000/10/com.android.support-appcompat-v7-22.2.1_6be14beb9cd9181fc469bcecf477e446f2059819 /media/r/Dados/UFC/S5/Desenvolvimento Mobile/TP's/MyNotes/MyNotes/app/build/intermediates/exploded-aar/com.android.support/appcompat-v7/22.2.1/jars/classes.jar
Launcher Type: SUN_STANDARD

Environment Variables:
PATH=/root/.rbenv/plugins/ruby-build/bin:/root/.rbenv/shims:/root/.rbenv/bin:/usr/local/sbin:/usr/local/bin:/usr/sbin:/usr/bin:/sbin:/bin:/usr/games:/usr/local/games
USERNAME=root
LD_LIBRARY_PATH=.:
SHELL=/bin/bash
DISPLAY=:1

Signal Handlers:
SIGSEGV: [libjvm.so+0x996e60], sa_mask[0]=0x7ffbfeff, sa_flags=0x10000004
SIGBUS: [libjvm.so+0x996e60], sa_mask[0]=0x7ffbfeff, sa_flags=0x10000004
SIGFPE: [libjvm.so+0x7fdc90], sa_mask[0]=0x7ffbfeff, sa_flags=0x10000004
SIGPIPE: [libjvm.so+0x7fdc90], sa_mask[0]=0x7ffbfeff, sa_flags=0x10000004
SIGXFSZ: [libjvm.so+0x7fdc90], sa_mask[0]=0x7ffbfeff, sa_flags=0x10000004
SIGILL: [libjvm.so+0x7fdc90], sa_mask[0]=0x7ffbfeff, sa_flags=0x10000004
SIGUSR1: SIG_DFL, sa_mask[0]=0x00000000, sa_flags=0x00000000
SIGUSR2: [libjvm.so+0x7fdb10], sa_mask[0]=0x00000004, sa_flags=0x10000004
SIGHUP: [libjvm.so+0x7fdca0], sa_mask[0]=0x7ffbfeff, sa_flags=0x10000004
SIGINT: [libjvm.so+0x7fdca0], sa_mask[0]=0x7ffbfeff, sa_flags=0x10000004
SIGTERM: [libjvm.so+0x7fdca0], sa_mask[0]=0x7ffbfeff, sa_flags=0x10000004
SIGQUIT: [libjvm.so+0x7fdca0], sa_mask[0]=0x7ffbfeff, sa_flags=0x10000004
SIGTRAP: SIG_DFL, sa_mask[0]=0x00000000, sa_flags=0x00000000


---------------  S Y S T E M  ---------------

OS:Ubuntu 15.10 (wily)
uname:Linux 4.2.0-36-generic #42-Ubuntu SMP Thu May 12 22:05:35 UTC 2016 x86_64
libc:glibc 2.21 NPTL 2.21 
rlimit: STACK 8192k, CORE 0k, NPROC 13522, NOFILE 65536, AS infinity
load average:5,12 3,61 2,31

/proc/meminfo:
MemTotal:        3498560 kB
MemFree:           27300 kB
MemAvailable:     100924 kB
Buffers:            3172 kB
Cached:            77440 kB
SwapCached:            0 kB
Active:          3234292 kB
Inactive:          51312 kB
Active(anon):    3208300 kB
Inactive(anon):    26220 kB
Active(file):      25992 kB
Inactive(file):    25092 kB
Unevictable:          16 kB
Mlocked:              16 kB
SwapTotal:             0 kB
SwapFree:              0 kB
Dirty:              1304 kB
Writeback:             0 kB
AnonPages:       3205348 kB
Mapped:            72312 kB
Shmem:             29192 kB
Slab:              94156 kB
SReclaimable:      50152 kB
SUnreclaim:        44004 kB
KernelStack:       10256 kB
PageTables:        38692 kB
NFS_Unstable:          0 kB
Bounce:                0 kB
WritebackTmp:          0 kB
CommitLimit:     1749280 kB
Committed_AS:    7056412 kB
VmallocTotal:   34359738367 kB
VmallocUsed:      288344 kB
VmallocChunk:   34358947836 kB
HardwareCorrupted:     0 kB
AnonHugePages:   1558528 kB
CmaTotal:              0 kB
CmaFree:               0 kB
HugePages_Total:       0
HugePages_Free:        0
HugePages_Rsvd:        0
HugePages_Surp:        0
Hugepagesize:       2048 kB
DirectMap4k:      250424 kB
DirectMap2M:     3387392 kB
DirectMap1G:           0 kB


CPU:total 2 (2 cores per cpu, 1 threads per core) family 18 model 1 stepping 0, cmov, cx8, fxsr, mmx, sse, sse2, sse3, popcnt, mmxext, 3dnowpref, lzcnt, sse4a, tsc, tscinvbit, tscinv

/proc/cpuinfo:
processor	: 0
vendor_id	: AuthenticAMD
cpu family	: 18
model		: 1
model name	: AMD A4-3310MX APU with Radeon(tm) HD Graphics
stepping	: 0
microcode	: 0x3000027
cpu MHz		: 2100.000
cache size	: 1024 KB
physical id	: 0
siblings	: 2
core id		: 0
cpu cores	: 2
apicid		: 0
initial apicid	: 0
fpu		: yes
fpu_exception	: yes
cpuid level	: 6
wp		: yes
flags		: fpu vme de pse tsc msr pae mce cx8 apic sep mtrr pge mca cmov pat pse36 clflush mmx fxsr sse sse2 ht syscall nx mmxext fxsr_opt pdpe1gb rdtscp lm 3dnowext 3dnow constant_tsc rep_good nopl nonstop_tsc extd_apicid aperfmperf pni monitor cx16 popcnt lahf_lm cmp_legacy svm extapic cr8_legacy abm sse4a misalignsse 3dnowprefetch osvw ibs skinit wdt arat cpb hw_pstate npt lbrv svm_lock nrip_save pausefilter vmmcall
bugs		: fxsave_leak sysret_ss_attrs
bogomips	: 4192.35
TLB size	: 1536 4K pages
clflush size	: 64
cache_alignment	: 64
address sizes	: 40 bits physical, 48 bits virtual
power management: ts ttp tm stc 100mhzsteps hwpstate cpb

processor	: 1
vendor_id	: AuthenticAMD
cpu family	: 18
model		: 1
model name	: AMD A4-3310MX APU with Radeon(tm) HD Graphics
stepping	: 0
microcode	: 0x3000027
cpu MHz		: 2100.000
cache size	: 1024 KB
physical id	: 0
siblings	: 2
core id		: 1
cpu cores	: 2
apicid		: 1
initial apicid	: 1
fpu		: yes
fpu_exception	: yes
cpuid level	: 6
wp		: yes
flags		: fpu vme de pse tsc msr pae mce cx8 apic sep mtrr pge mca cmov pat pse36 clflush mmx fxsr sse sse2 ht syscall nx mmxext fxsr_opt pdpe1gb rdtscp lm 3dnowext 3dnow constant_tsc rep_good nopl nonstop_tsc extd_apicid aperfmperf pni monitor cx16 popcnt lahf_lm cmp_legacy svm extapic cr8_legacy abm sse4a misalignsse 3dnowprefetch osvw ibs skinit wdt arat cpb hw_pstate npt lbrv svm_lock nrip_save pausefilter vmmcall
bugs		: fxsave_leak sysret_ss_attrs
bogomips	: 4192.35
TLB size	: 1536 4K pages
clflush size	: 64
cache_alignment	: 64
address sizes	: 40 bits physical, 48 bits virtual
power management: ts ttp tm stc 100mhzsteps hwpstate cpb



Memory: 4k page, physical 3498560k(27300k free), swap 0k(0k free)

vm_info: OpenJDK 64-Bit Server VM (24.95-b01) for linux-amd64 JRE (1.7.0_101-b00), built on Apr 24 2016 20:35:58 by "buildd" with gcc 5.2.1 20151010

time: Sun May 22 22:42:18 2016
elapsed time: 19 seconds

