#
# There is insufficient memory for the Java Runtime Environment to continue.
# Native memory allocation (malloc) failed to allocate 80216064 bytes for committing reserved memory.
# Possible reasons:
#   The system is out of physical RAM or swap space
#   In 32 bit mode, the process size limit was hit
# Possible solutions:
#   Reduce memory load on the system
#   Increase physical memory or swap space
#   Check if swap backing store is full
#   Use 64 bit Java on a 64 bit OS
#   Decrease Java heap size (-Xmx/-Xms)
#   Decrease number of Java threads
#   Decrease Java thread stack sizes (-Xss)
#   Set larger code cache with -XX:ReservedCodeCacheSize=
# This output file may be truncated or incomplete.
#
#  Out of Memory Error (os_linux.cpp:2827), pid=9311, tid=139938839197440
#
# JRE version: OpenJDK Runtime Environment (7.0_101) (build 1.7.0_101-b00)
# Java VM: OpenJDK 64-Bit Server VM (24.95-b01 mixed mode linux-amd64 compressed oops)
# Derivative: IcedTea 2.6.6
# Distribution: Ubuntu 15.10, package 7u101-2.6.6-0ubuntu0.15.10.1
# Failed to write core dump. Core dumps have been disabled. To enable core dumping, try "ulimit -c unlimited" before starting Java again
#

---------------  T H R E A D  ---------------

Current thread (0x00007f4614071800):  VMThread [stack: 0x00007f460cbcf000,0x00007f460ccd0000] [id=9322]

Stack: [0x00007f460cbcf000,0x00007f460ccd0000],  sp=0x00007f460ccce4f0,  free space=1021k
Native frames: (J=compiled Java code, j=interpreted, Vv=VM code, C=native code)
V  [libjvm.so+0x996303]
V  [libjvm.so+0x48b94f]
V  [libjvm.so+0x802a2b]
V  [libjvm.so+0x7fce1e]
V  [libjvm.so+0x872f2b]
V  [libjvm.so+0x874873]
V  [libjvm.so+0x870af8]
V  [libjvm.so+0x870ddc]
V  [libjvm.so+0x8263e3]
V  [libjvm.so+0x997da2]
V  [libjvm.so+0x99cae7]
V  [libjvm.so+0x99a378]
V  [libjvm.so+0x99b6ef]
V  [libjvm.so+0x99bbe1]
V  [libjvm.so+0x7ff952]

VM_Operation (0x00007f461ac4ce40): ParallelGCFailedAllocation, mode: safepoint, requested by thread 0x00007f461400a800


---------------  P R O C E S S  ---------------

Java Threads: ( => current thread )
  0x00007f46140ad800 JavaThread "Service Thread" daemon [_thread_blocked, id=9331, stack(0x00007f45f7dfe000,0x00007f45f7eff000)]
  0x00007f46140ab000 JavaThread "C2 CompilerThread1" daemon [_thread_blocked, id=9330, stack(0x00007f45f7eff000,0x00007f45f8000000)]
  0x00007f46140a8000 JavaThread "C2 CompilerThread0" daemon [_thread_blocked, id=9329, stack(0x00007f460c0e8000,0x00007f460c1e9000)]
  0x00007f46140a6000 JavaThread "Signal Dispatcher" daemon [_thread_blocked, id=9328, stack(0x00007f460c1e9000,0x00007f460c2ea000)]
  0x00007f4614078000 JavaThread "Finalizer" daemon [_thread_blocked, id=9325, stack(0x00007f460c9cd000,0x00007f460cace000)]
  0x00007f4614076000 JavaThread "Reference Handler" daemon [_thread_blocked, id=9324, stack(0x00007f460cace000,0x00007f460cbcf000)]
  0x00007f461400a800 JavaThread "main" [_thread_blocked, id=9317, stack(0x00007f461ab4e000,0x00007f461ac4f000)]

Other Threads:
=>0x00007f4614071800 VMThread [stack: 0x00007f460cbcf000,0x00007f460ccd0000] [id=9322]
  0x00007f46140b8000 WatcherThread [stack: 0x00007f45f7cfd000,0x00007f45f7dfe000] [id=9332]

VM state:at safepoint (normal execution)

VM Mutex/Monitor currently owned by a thread:  ([mutex/lock_event])
[0x00007f4614006ae0] Threads_lock - owner thread: 0x00007f4614071800
[0x00007f4614006fe0] Heap_lock - owner thread: 0x00007f461400a800

Heap
 PSYoungGen      total 124928K, used 15328K [0x00000000eaa80000, 0x00000000f3680000, 0x0000000100000000)
  eden space 109568K, 0% used [0x00000000eaa80000,0x00000000eaa80000,0x00000000f1580000)
  from space 15360K, 99% used [0x00000000f1580000,0x00000000f2478148,0x00000000f2480000)
  to   space 12288K, 0% used [0x00000000f2480000,0x00000000f2480000,0x00000000f3080000)
 ParOldGen       total 38400K, used 38322K [0x00000000c0000000, 0x00000000c2580000, 0x00000000eaa80000)
  object space 38400K, 99% used [0x00000000c0000000,0x00000000c256cba8,0x00000000c2580000)
 PSPermGen       total 21504K, used 6081K [0x00000000b5a00000, 0x00000000b6f00000, 0x00000000c0000000)
  object space 21504K, 28% used [0x00000000b5a00000,0x00000000b5ff0738,0x00000000b6f00000)

Card table byte_map: [0x00007f4610367000,0x00007f46105bb000] byte_map_base: 0x00007f460fdba000

Polling page: 0x00007f461ac74000

Code Cache  [0x00007f46105bb000, 0x00007f461087b000, 0x00007f46135bb000)
 total_blobs=899 nmethods=672 adapters=181 free_code_cache=46507Kb largest_free_block=47485632

Compilation events (10 events):
Event: 17,699 Thread 0x00007f46140a8000  703 % !         com.android.dx.cf.code.Ropper::doit @ 21 (126 bytes)
Event: 18,010 Thread 0x00007f46140a8000 nmethod 703% 0x00007f46107ab6d0 code [0x00007f46107abba0, 0x00007f46107ad828]
Event: 18,010 Thread 0x00007f46140a8000  704             com.android.dx.cf.iface.StdMethod::getEffectiveDescriptor (5 bytes)
Event: 18,022 Thread 0x00007f46140a8000 nmethod 704 0x00007f461078aa10 code [0x00007f461078ab40, 0x00007f461078ab98]
Event: 18,022 Thread 0x00007f46140a8000  705   !         com.android.dx.cf.code.Ropper::doit (126 bytes)
Event: 18,362 Thread 0x00007f46140a8000 nmethod 705 0x00007f46107c3150 code [0x00007f46107c3660, 0x00007f46107c5700]
Event: 18,363 Thread 0x00007f46140a8000  706   !         com.android.dx.cf.code.RopperMachine::run (1550 bytes)
Event: 18,396 Thread 0x00007f46140ab000 nmethod 697 0x00007f46107dcd10 code [0x00007f46107dd2e0, 0x00007f46107e1830]
Event: 18,397 Thread 0x00007f46140ab000  707             com.android.dx.ssa.PhiInsn::predBlockIndexForSourcesIndex (15 bytes)
Event: 18,398 Thread 0x00007f46140ab000 nmethod 707 0x00007f46107db110 code [0x00007f46107db260, 0x00007f46107db358]

GC Heap History (10 events):
Event: 6,868 GC heap after
Heap after GC invocations=4 (full 0):
 PSYoungGen      total 30720K, used 2046K [0x00000000eaa80000, 0x00000000eca80000, 0x0000000100000000)
  eden space 28672K, 0% used [0x00000000eaa80000,0x00000000eaa80000,0x00000000ec680000)
  from space 2048K, 99% used [0x00000000ec880000,0x00000000eca7f988,0x00000000eca80000)
  to   space 2048K, 0% used [0x00000000ec680000,0x00000000ec680000,0x00000000ec880000)
 ParOldGen       total 36352K, used 9042K [0x00000000c0000000, 0x00000000c2380000, 0x00000000eaa80000)
  object space 36352K, 24% used [0x00000000c0000000,0x00000000c08d4b08,0x00000000c2380000)
 PSPermGen       total 21504K, used 5909K [0x00000000b5a00000, 0x00000000b6f00000, 0x00000000c0000000)
  object space 21504K, 27% used [0x00000000b5a00000,0x00000000b5fc5680,0x00000000b6f00000)
}
Event: 8,779 GC heap before
{Heap before GC invocations=5 (full 0):
 PSYoungGen      total 30720K, used 30718K [0x00000000eaa80000, 0x00000000eca80000, 0x0000000100000000)
  eden space 28672K, 100% used [0x00000000eaa80000,0x00000000ec680000,0x00000000ec680000)
  from space 2048K, 99% used [0x00000000ec880000,0x00000000eca7f988,0x00000000eca80000)
  to   space 2048K, 0% used [0x00000000ec680000,0x00000000ec680000,0x00000000ec880000)
 ParOldGen       total 36352K, used 9042K [0x00000000c0000000, 0x00000000c2380000, 0x00000000eaa80000)
  object space 36352K, 24% used [0x00000000c0000000,0x00000000c08d4b08,0x00000000c2380000)
 PSPermGen       total 21504K, used 5934K [0x00000000b5a00000, 0x00000000b6f00000, 0x00000000c0000000)
  object space 21504K, 27% used [0x00000000b5a00000,0x00000000b5fcb830,0x00000000b6f00000)
Event: 8,841 GC heap after
Heap after GC invocations=5 (full 0):
 PSYoungGen      total 30720K, used 2046K [0x00000000eaa80000, 0x00000000eee80000, 0x0000000100000000)
  eden space 28672K, 0% used [0x00000000eaa80000,0x00000000eaa80000,0x00000000ec680000)
  from space 2048K, 99% used [0x00000000ec680000,0x00000000ec87f988,0x00000000ec880000)
  to   space 6144K, 0% used [0x00000000ee880000,0x00000000ee880000,0x00000000eee80000)
 ParOldGen       total 36352K, used 13011K [0x00000000c0000000, 0x00000000c2380000, 0x00000000eaa80000)
  object space 36352K, 35% used [0x00000000c0000000,0x00000000c0cb4f00,0x00000000c2380000)
 PSPermGen       total 21504K, used 5934K [0x00000000b5a00000, 0x00000000b6f00000, 0x00000000c0000000)
  object space 21504K, 27% used [0x00000000b5a00000,0x00000000b5fcb830,0x00000000b6f00000)
}
Event: 10,238 GC heap before
{Heap before GC invocations=6 (full 0):
 PSYoungGen      total 30720K, used 30718K [0x00000000eaa80000, 0x00000000eee80000, 0x0000000100000000)
  eden space 28672K, 100% used [0x00000000eaa80000,0x00000000ec680000,0x00000000ec680000)
  from space 2048K, 99% used [0x00000000ec680000,0x00000000ec87f988,0x00000000ec880000)
  to   space 6144K, 0% used [0x00000000ee880000,0x00000000ee880000,0x00000000eee80000)
 ParOldGen       total 36352K, used 13011K [0x00000000c0000000, 0x00000000c2380000, 0x00000000eaa80000)
  object space 36352K, 35% used [0x00000000c0000000,0x00000000c0cb4f00,0x00000000c2380000)
 PSPermGen       total 21504K, used 5950K [0x00000000b5a00000, 0x00000000b6f00000, 0x00000000c0000000)
  object space 21504K, 27% used [0x00000000b5a00000,0x00000000b5fcf960,0x00000000b6f00000)
Event: 10,284 GC heap after
Heap after GC invocations=6 (full 0):
 PSYoungGen      total 62464K, used 6121K [0x00000000eaa80000, 0x00000000ef080000, 0x0000000100000000)
  eden space 56320K, 0% used [0x00000000eaa80000,0x00000000eaa80000,0x00000000ee180000)
  from space 6144K, 99% used [0x00000000ee880000,0x00000000eee7a6a8,0x00000000eee80000)
  to   space 7168K, 0% used [0x00000000ee180000,0x00000000ee180000,0x00000000ee880000)
 ParOldGen       total 36352K, used 13919K [0x00000000c0000000, 0x00000000c2380000, 0x00000000eaa80000)
  object space 36352K, 38% used [0x00000000c0000000,0x00000000c0d97f08,0x00000000c2380000)
 PSPermGen       total 21504K, used 5950K [0x00000000b5a00000, 0x00000000b6f00000, 0x00000000c0000000)
  object space 21504K, 27% used [0x00000000b5a00000,0x00000000b5fcf960,0x00000000b6f00000)
}
Event: 12,039 GC heap before
{Heap before GC invocations=7 (full 0):
 PSYoungGen      total 62464K, used 62441K [0x00000000eaa80000, 0x00000000ef080000, 0x0000000100000000)
  eden space 56320K, 100% used [0x00000000eaa80000,0x00000000ee180000,0x00000000ee180000)
  from space 6144K, 99% used [0x00000000ee880000,0x00000000eee7a6a8,0x00000000eee80000)
  to   space 7168K, 0% used [0x00000000ee180000,0x00000000ee180000,0x00000000ee880000)
 ParOldGen       total 36352K, used 13919K [0x00000000c0000000, 0x00000000c2380000, 0x00000000eaa80000)
  object space 36352K, 38% used [0x00000000c0000000,0x00000000c0d97f08,0x00000000c2380000)
 PSPermGen       total 21504K, used 5997K [0x00000000b5a00000, 0x00000000b6f00000, 0x00000000c0000000)
  object space 21504K, 27% used [0x00000000b5a00000,0x00000000b5fdb550,0x00000000b6f00000)
Event: 12,149 GC heap after
Heap after GC invocations=7 (full 0):
 PSYoungGen      total 63488K, used 7151K [0x00000000eaa80000, 0x00000000f3080000, 0x0000000100000000)
  eden space 56320K, 0% used [0x00000000eaa80000,0x00000000eaa80000,0x00000000ee180000)
  from space 7168K, 99% used [0x00000000ee180000,0x00000000ee87bd90,0x00000000ee880000)
  to   space 12288K, 0% used [0x00000000f2480000,0x00000000f2480000,0x00000000f3080000)
 ParOldGen       total 36352K, used 21992K [0x00000000c0000000, 0x00000000c2380000, 0x00000000eaa80000)
  object space 36352K, 60% used [0x00000000c0000000,0x00000000c157a1c0,0x00000000c2380000)
 PSPermGen       total 21504K, used 5997K [0x00000000b5a00000, 0x00000000b6f00000, 0x00000000c0000000)
  object space 21504K, 27% used [0x00000000b5a00000,0x00000000b5fdb550,0x00000000b6f00000)
}
Event: 13,975 GC heap before
{Heap before GC invocations=8 (full 0):
 PSYoungGen      total 63488K, used 63471K [0x00000000eaa80000, 0x00000000f3080000, 0x0000000100000000)
  eden space 56320K, 100% used [0x00000000eaa80000,0x00000000ee180000,0x00000000ee180000)
  from space 7168K, 99% used [0x00000000ee180000,0x00000000ee87bd90,0x00000000ee880000)
  to   space 12288K, 0% used [0x00000000f2480000,0x00000000f2480000,0x00000000f3080000)
 ParOldGen       total 36352K, used 21992K [0x00000000c0000000, 0x00000000c2380000, 0x00000000eaa80000)
  object space 36352K, 60% used [0x00000000c0000000,0x00000000c157a1c0,0x00000000c2380000)
 PSPermGen       total 21504K, used 6014K [0x00000000b5a00000, 0x00000000b6f00000, 0x00000000c0000000)
  object space 21504K, 27% used [0x00000000b5a00000,0x00000000b5fdfb18,0x00000000b6f00000)
Event: 14,091 GC heap after
Heap after GC invocations=8 (full 0):
 PSYoungGen      total 121856K, used 12284K [0x00000000eaa80000, 0x00000000f3680000, 0x0000000100000000)
  eden space 109568K, 0% used [0x00000000eaa80000,0x00000000eaa80000,0x00000000f1580000)
  from space 12288K, 99% used [0x00000000f2480000,0x00000000f307f030,0x00000000f3080000)
  to   space 15360K, 0% used [0x00000000f1580000,0x00000000f1580000,0x00000000f2480000)
 ParOldGen       total 36352K, used 25390K [0x00000000c0000000, 0x00000000c2380000, 0x00000000eaa80000)
  object space 36352K, 69% used [0x00000000c0000000,0x00000000c18cba40,0x00000000c2380000)
 PSPermGen       total 21504K, used 6014K [0x00000000b5a00000, 0x00000000b6f00000, 0x00000000c0000000)
  object space 21504K, 27% used [0x00000000b5a00000,0x00000000b5fdfb18,0x00000000b6f00000)
}
Event: 18,410 GC heap before
{Heap before GC invocations=9 (full 0):
 PSYoungGen      total 121856K, used 121852K [0x00000000eaa80000, 0x00000000f3680000, 0x0000000100000000)
  eden space 109568K, 100% used [0x00000000eaa80000,0x00000000f1580000,0x00000000f1580000)
  from space 12288K, 99% used [0x00000000f2480000,0x00000000f307f030,0x00000000f3080000)
  to   space 15360K, 0% used [0x00000000f1580000,0x00000000f1580000,0x00000000f2480000)
 ParOldGen       total 36352K, used 25390K [0x00000000c0000000, 0x00000000c2380000, 0x00000000eaa80000)
  object space 36352K, 69% used [0x00000000c0000000,0x00000000c18cba40,0x00000000c2380000)
 PSPermGen       total 21504K, used 6081K [0x00000000b5a00000, 0x00000000b6f00000, 0x00000000c0000000)
  object space 21504K, 28% used [0x00000000b5a00000,0x00000000b5ff0738,0x00000000b6f00000)

Deoptimization events (10 events):
Event: 16,014 Thread 0x00007f461400a800 Uncommon trap: reason=unstable_if action=reinterpret pc=0x00007f461079290c method=com.android.dx.cf.code.Ropper.isSynchronized()Z @ 12
Event: 16,014 Thread 0x00007f461400a800 Uncommon trap: reason=unstable_if action=reinterpret pc=0x00007f461080debc method=com.android.dx.cf.code.Ropper.isSynchronized()Z @ 12
Event: 16,014 Thread 0x00007f461400a800 Uncommon trap: reason=unstable_if action=reinterpret pc=0x00007f4610795330 method=com.android.dx.cf.code.Ropper.isSynchronized()Z @ 12
Event: 16,014 Thread 0x00007f461400a800 Uncommon trap: reason=unstable_if action=reinterpret pc=0x00007f46106d2aec method=com.android.dx.ssa.MoveParamCombiner$1.visitNonMoveInsn(Lcom/android/dx/ssa/NormalSsaInsn;)V @ 27
Event: 16,032 Thread 0x00007f461400a800 Uncommon trap: reason=unstable_if action=reinterpret pc=0x00007f461081c54c method=com.android.dx.cf.code.Ropper.isSynchronized()Z @ 12
Event: 16,044 Thread 0x00007f461400a800 Uncommon trap: reason=unstable_if action=reinterpret pc=0x00007f461073ef9c method=com.android.dx.ssa.LiteralOpUpgrader$1.visitNonMoveInsn(Lcom/android/dx/ssa/NormalSsaInsn;)V @ 176
Event: 16,110 Thread 0x00007f461400a800 Uncommon trap: reason=bimorphic action=maybe_recompile pc=0x00007f4610824d94 method=com.android.dx.ssa.LiteralOpUpgrader.tryReplacingWithConstant(Lcom/android/dx/ssa/NormalSsaInsn;)Z @ 62
Event: 16,138 Thread 0x00007f461400a800 Uncommon trap: reason=bimorphic action=maybe_recompile pc=0x00007f4610824d94 method=com.android.dx.ssa.LiteralOpUpgrader.tryReplacingWithConstant(Lcom/android/dx/ssa/NormalSsaInsn;)Z @ 62
Event: 18,395 Thread 0x00007f461400a800 Uncommon trap: reason=bimorphic action=maybe_recompile pc=0x00007f4610861d68 method=com.android.dx.cf.code.BytecodeArray.parseInstruction(ILcom/android/dx/cf/code/BytecodeArray$Visitor;)I @ 971
Event: 18,395 Thread 0x00007f461400a800 Uncommon trap: reason=bimorphic action=maybe_recompile pc=0x00007f4610861d68 method=com.android.dx.cf.code.BytecodeArray.parseInstruction(ILcom/android/dx/cf/code/BytecodeArray$Visitor;)I @ 971

Internal exceptions (10 events):
Event: 3,543 Thread 0x00007f461400a800 Threw 0x00000000eb419bc8 at /build/openjdk-7-hZgspp/openjdk-7-7u101-2.6.6/build/openjdk/hotspot/src/share/vm/prims/jvm.cpp:1322
Event: 3,544 Thread 0x00007f461400a800 Threw 0x00000000eb41f918 at /build/openjdk-7-hZgspp/openjdk-7-7u101-2.6.6/build/openjdk/hotspot/src/share/vm/prims/jvm.cpp:1322
Event: 4,150 Thread 0x00007f461400a800 Implicit null exception at 0x00007f4610679093 to 0x00007f461067977d
Event: 7,681 Thread 0x00007f461400a800 Threw 0x00000000eb8f8a28 at /build/openjdk-7-hZgspp/openjdk-7-7u101-2.6.6/build/openjdk/hotspot/src/share/vm/prims/jvm.cpp:1322
Event: 9,604 Thread 0x00007f461400a800 Implicit null exception at 0x00007f4610671342 to 0x00007f461067255d
Event: 11,077 Thread 0x00007f461400a800 Implicit null exception at 0x00007f46107a86bc to 0x00007f46107ac5b1
Event: 11,597 Thread 0x00007f461400a800 Implicit null exception at 0x00007f4610779968 to 0x00007f4610779a99
Event: 11,597 Thread 0x00007f461400a800 Implicit null exception at 0x00007f46107212f9 to 0x00007f46107213b5
Event: 12,337 Thread 0x00007f461400a800 Threw 0x00000000eaeb5e80 at /build/openjdk-7-hZgspp/openjdk-7-7u101-2.6.6/build/openjdk/hotspot/src/share/vm/prims/jvm.cpp:1322
Event: 14,342 Thread 0x00007f461400a800 Implicit null exception at 0x00007f46106e3f00 to 0x00007f46106e5f41

Events (10 events):
Event: 17,102 Thread 0x00007f46140a8000 flushing nmethod 0x00007f4610779750
Event: 17,121 Thread 0x00007f46140ab000 flushing nmethod 0x00007f46107bd910
Event: 17,122 Thread 0x00007f46140ab000 flushing nmethod 0x00007f46107da290
Event: 18,395 Thread 0x00007f461400a800 Uncommon trap: trap_request=0xffffffc6 fr.pc=0x00007f4610861d68
Event: 18,395 Thread 0x00007f461400a800 DEOPT PACKING pc=0x00007f4610861d68 sp=0x00007f461ac4cd60
Event: 18,395 Thread 0x00007f461400a800 DEOPT UNPACKING pc=0x00007f46105f4045 sp=0x00007f461ac4cd18 mode 2
Event: 18,395 Thread 0x00007f461400a800 Uncommon trap: trap_request=0xffffffc6 fr.pc=0x00007f4610861d68
Event: 18,395 Thread 0x00007f461400a800 DEOPT PACKING pc=0x00007f4610861d68 sp=0x00007f461ac4cd30
Event: 18,395 Thread 0x00007f461400a800 DEOPT UNPACKING pc=0x00007f46105f4045 sp=0x00007f461ac4cce8 mode 2
Event: 18,410 Executing VM operation: ParallelGCFailedAllocation


Dynamic libraries:
00400000-00401000 r-xp 00000000 08:03 2368412                            /usr/lib/jvm/java-7-openjdk-amd64/jre/bin/java
00600000-00601000 r--p 00000000 08:03 2368412                            /usr/lib/jvm/java-7-openjdk-amd64/jre/bin/java
00601000-00602000 rw-p 00001000 08:03 2368412                            /usr/lib/jvm/java-7-openjdk-amd64/jre/bin/java
02135000-02156000 rw-p 00000000 00:00 0                                  [heap]
b5a00000-b6f00000 rw-p 00000000 00:00 0 
b6f00000-c0000000 rw-p 00000000 00:00 0 
c0000000-c2580000 rw-p 00000000 00:00 0 
c2580000-eaa80000 rw-p 00000000 00:00 0 
eaa80000-f3680000 rw-p 00000000 00:00 0 
f8300000-100000000 rw-p 00000000 00:00 0 
7f45dc000000-7f45dc021000 rw-p 00000000 00:00 0 
7f45dc021000-7f45e0000000 ---p 00000000 00:00 0 
7f45e4000000-7f45e4f0d000 rw-p 00000000 00:00 0 
7f45e4f0d000-7f45e8000000 ---p 00000000 00:00 0 
7f45e8000000-7f45e8021000 rw-p 00000000 00:00 0 
7f45e8021000-7f45ec000000 ---p 00000000 00:00 0 
7f45ec000000-7f45ecd5a000 rw-p 00000000 00:00 0 
7f45ecd5a000-7f45f0000000 ---p 00000000 00:00 0 
7f45f0000000-7f45f0021000 rw-p 00000000 00:00 0 
7f45f0021000-7f45f4000000 ---p 00000000 00:00 0 
7f45f6235000-7f45f6536000 rw-p 00000000 00:00 0 
7f45f6536000-7f45f65a2000 r-xp 00000000 08:03 2501218                    /lib/x86_64-linux-gnu/libpcre.so.3.13.1
7f45f65a2000-7f45f67a2000 ---p 0006c000 08:03 2501218                    /lib/x86_64-linux-gnu/libpcre.so.3.13.1
7f45f67a2000-7f45f67a3000 r--p 0006c000 08:03 2501218                    /lib/x86_64-linux-gnu/libpcre.so.3.13.1
7f45f67a3000-7f45f67a4000 rw-p 0006d000 08:03 2501218                    /lib/x86_64-linux-gnu/libpcre.so.3.13.1
7f45f67a4000-7f45f67ab000 r-xp 00000000 08:03 403597                     /usr/lib/x86_64-linux-gnu/libffi.so.6.0.4
7f45f67ab000-7f45f69aa000 ---p 00007000 08:03 403597                     /usr/lib/x86_64-linux-gnu/libffi.so.6.0.4
7f45f69aa000-7f45f69ab000 r--p 00006000 08:03 403597                     /usr/lib/x86_64-linux-gnu/libffi.so.6.0.4
7f45f69ab000-7f45f69ac000 rw-p 00007000 08:03 403597                     /usr/lib/x86_64-linux-gnu/libffi.so.6.0.4
7f45f69ac000-7f45f69c3000 r-xp 00000000 08:03 2495369                    /lib/x86_64-linux-gnu/libresolv-2.21.so
7f45f69c3000-7f45f6bc3000 ---p 00017000 08:03 2495369                    /lib/x86_64-linux-gnu/libresolv-2.21.so
7f45f6bc3000-7f45f6bc4000 r--p 00017000 08:03 2495369                    /lib/x86_64-linux-gnu/libresolv-2.21.so
7f45f6bc4000-7f45f6bc5000 rw-p 00018000 08:03 2495369                    /lib/x86_64-linux-gnu/libresolv-2.21.so
7f45f6bc5000-7f45f6bc7000 rw-p 00000000 00:00 0 
7f45f6bc7000-7f45f6be8000 r-xp 00000000 08:03 2495219                    /lib/x86_64-linux-gnu/libselinux.so.1
7f45f6be8000-7f45f6de7000 ---p 00021000 08:03 2495219                    /lib/x86_64-linux-gnu/libselinux.so.1
7f45f6de7000-7f45f6de8000 r--p 00020000 08:03 2495219                    /lib/x86_64-linux-gnu/libselinux.so.1
7f45f6de8000-7f45f6de9000 rw-p 00021000 08:03 2495219                    /lib/x86_64-linux-gnu/libselinux.so.1
7f45f6de9000-7f45f6deb000 rw-p 00000000 00:00 0 
7f45f6deb000-7f45f6dee000 r-xp 00000000 08:03 394930                     /usr/lib/x86_64-linux-gnu/libgmodule-2.0.so.0.4600.2
7f45f6dee000-7f45f6fed000 ---p 00003000 08:03 394930                     /usr/lib/x86_64-linux-gnu/libgmodule-2.0.so.0.4600.2
7f45f6fed000-7f45f6fee000 r--p 00002000 08:03 394930                     /usr/lib/x86_64-linux-gnu/libgmodule-2.0.so.0.4600.2
7f45f6fee000-7f45f6fef000 rw-p 00003000 08:03 394930                     /usr/lib/x86_64-linux-gnu/libgmodule-2.0.so.0.4600.2
7f45f6fef000-7f45f70fc000 r-xp 00000000 08:03 2499120                    /lib/x86_64-linux-gnu/libglib-2.0.so.0.4600.2
7f45f70fc000-7f45f72fb000 ---p 0010d000 08:03 2499120                    /lib/x86_64-linux-gnu/libglib-2.0.so.0.4600.2
7f45f72fb000-7f45f72fc000 r--p 0010c000 08:03 2499120                    /lib/x86_64-linux-gnu/libglib-2.0.so.0.4600.2
7f45f72fc000-7f45f72fd000 rw-p 0010d000 08:03 2499120                    /lib/x86_64-linux-gnu/libglib-2.0.so.0.4600.2
7f45f72fd000-7f45f72fe000 rw-p 00000000 00:00 0 
7f45f72fe000-7f45f7350000 r-xp 00000000 08:03 394928                     /usr/lib/x86_64-linux-gnu/libgobject-2.0.so.0.4600.2
7f45f7350000-7f45f754f000 ---p 00052000 08:03 394928                     /usr/lib/x86_64-linux-gnu/libgobject-2.0.so.0.4600.2
7f45f754f000-7f45f7550000 r--p 00051000 08:03 394928                     /usr/lib/x86_64-linux-gnu/libgobject-2.0.so.0.4600.2
7f45f7550000-7f45f7551000 rw-p 00052000 08:03 394928                     /usr/lib/x86_64-linux-gnu/libgobject-2.0.so.0.4600.2
7f45f7551000-7f45f76cb000 r-xp 00000000 08:03 394924                     /usr/lib/x86_64-linux-gnu/libgio-2.0.so.0.4600.2
7f45f76cb000-7f45f78ca000 ---p 0017a000 08:03 394924                     /usr/lib/x86_64-linux-gnu/libgio-2.0.so.0.4600.2
7f45f78ca000-7f45f78ce000 r--p 00179000 08:03 394924                     /usr/lib/x86_64-linux-gnu/libgio-2.0.so.0.4600.2
7f45f78ce000-7f45f78d0000 rw-p 0017d000 08:03 394924                     /usr/lib/x86_64-linux-gnu/libgio-2.0.so.0.4600.2
7f45f78d0000-7f45f78d2000 rw-p 00000000 00:00 0 
7f45f78d2000-7f45f78e9000 r-xp 00000000 08:03 2368446                    /usr/lib/jvm/java-7-openjdk-amd64/jre/lib/amd64/libnet.so
7f45f78e9000-7f45f7ae9000 ---p 00017000 08:03 2368446                    /usr/lib/jvm/java-7-openjdk-amd64/jre/lib/amd64/libnet.so
7f45f7ae9000-7f45f7aea000 r--p 00017000 08:03 2368446                    /usr/lib/jvm/java-7-openjdk-amd64/jre/lib/amd64/libnet.so
7f45f7aea000-7f45f7aeb000 rw-p 00018000 08:03 2368446                    /usr/lib/jvm/java-7-openjdk-amd64/jre/lib/amd64/libnet.so
7f45f7aeb000-7f45f7afc000 r-xp 00000000 08:03 2368467                    /usr/lib/jvm/java-7-openjdk-amd64/jre/lib/amd64/libnio.so
7f45f7afc000-7f45f7cfb000 ---p 00011000 08:03 2368467                    /usr/lib/jvm/java-7-openjdk-amd64/jre/lib/amd64/libnio.so
7f45f7cfb000-7f45f7cfc000 r--p 00010000 08:03 2368467                    /usr/lib/jvm/java-7-openjdk-amd64/jre/lib/amd64/libnio.so
7f45f7cfc000-7f45f7cfd000 rw-p 00011000 08:03 2368467                    /usr/lib/jvm/java-7-openjdk-amd64/jre/lib/amd64/libnio.so
7f45f7cfd000-7f45f7cfe000 ---p 00000000 00:00 0 
7f45f7cfe000-7f45f7dfe000 rw-p 00000000 00:00 0 
7f45f7dfe000-7f45f7e01000 ---p 00000000 00:00 0 
7f45f7e01000-7f45f7eff000 rw-p 00000000 00:00 0 
7f45f7eff000-7f45f7f02000 ---p 00000000 00:00 0 
7f45f7f02000-7f45f8000000 rw-p 00000000 00:00 0 
7f45f8000000-7f45f8021000 rw-p 00000000 00:00 0 
7f45f8021000-7f45fc000000 ---p 00000000 00:00 0 
7f45fc000000-7f45fc021000 rw-p 00000000 00:00 0 
7f45fc021000-7f4600000000 ---p 00000000 00:00 0 
7f4600000000-7f4600021000 rw-p 00000000 00:00 0 
7f4600021000-7f4604000000 ---p 00000000 00:00 0 
7f4604000000-7f4604021000 rw-p 00000000 00:00 0 
7f4604021000-7f4608000000 ---p 00000000 00:00 0 
7f4608000000-7f4608021000 rw-p 00000000 00:00 0 
7f4608021000-7f460c000000 ---p 00000000 00:00 0 
7f460c0e8000-7f460c0eb000 ---p 00000000 00:00 0 
7f460c0eb000-7f460c1e9000 rw-p 00000000 00:00 0 
7f460c1e9000-7f460c1ec000 ---p 00000000 00:00 0 
7f460c1ec000-7f460c2ea000 rw-p 00000000 00:00 0 
7f460c2ea000-7f460c9cd000 r--p 00000000 08:03 401745                     /usr/lib/locale/locale-archive
7f460c9cd000-7f460c9d0000 ---p 00000000 00:00 0 
7f460c9d0000-7f460cace000 rw-p 00000000 00:00 0 
7f460cace000-7f460cad1000 ---p 00000000 00:00 0 
7f460cad1000-7f460cbcf000 rw-p 00000000 00:00 0 
7f460cbcf000-7f460cbd0000 ---p 00000000 00:00 0 
7f460cbd0000-7f460d664000 rw-p 00000000 00:00 0 
7f460d664000-7f460d816000 r--s 01d32000 08:03 2371841                    /usr/lib/jvm/java-7-openjdk-amd64/jre/lib/rt.jar
7f460d816000-7f461000f000 rw-p 00000000 00:00 0 
7f461000f000-7f4610010000 ---p 00000000 00:00 0 
7f4610010000-7f4610110000 rw-p 00000000 00:00 0 
7f4610110000-7f4610111000 ---p 00000000 00:00 0 
7f4610111000-7f4610224000 rw-p 00000000 00:00 0 
7f4610224000-7f4610367000 rw-p 00000000 00:00 0 
7f4610367000-7f4610372000 rw-p 00000000 00:00 0 
7f4610372000-7f46103ba000 rw-p 00000000 00:00 0 
7f46103ba000-7f46103cd000 rw-p 00000000 00:00 0 
7f46103cd000-7f461050f000 rw-p 00000000 00:00 0 
7f461050f000-7f4610556000 rw-p 00000000 00:00 0 
7f4610556000-7f46105ba000 rw-p 00000000 00:00 0 
7f46105ba000-7f46105bb000 rw-p 00000000 00:00 0 
7f46105bb000-7f461087b000 rwxp 00000000 00:00 0 
7f461087b000-7f46135bb000 rw-p 00000000 00:00 0 
7f46135bb000-7f46135c3000 r-xp 00000000 08:03 2368451                    /usr/lib/jvm/java-7-openjdk-amd64/jre/lib/amd64/libzip.so
7f46135c3000-7f46137c2000 ---p 00008000 08:03 2368451                    /usr/lib/jvm/java-7-openjdk-amd64/jre/lib/amd64/libzip.so
7f46137c2000-7f46137c3000 r--p 00007000 08:03 2368451                    /usr/lib/jvm/java-7-openjdk-amd64/jre/lib/amd64/libzip.so
7f46137c3000-7f46137c4000 rw-p 00008000 08:03 2368451                    /usr/lib/jvm/java-7-openjdk-amd64/jre/lib/amd64/libzip.so
7f46137c4000-7f46137d0000 r-xp 00000000 08:03 2495110                    /lib/x86_64-linux-gnu/libnss_files-2.21.so
7f46137d0000-7f46139cf000 ---p 0000c000 08:03 2495110                    /lib/x86_64-linux-gnu/libnss_files-2.21.so
7f46139cf000-7f46139d0000 r--p 0000b000 08:03 2495110                    /lib/x86_64-linux-gnu/libnss_files-2.21.so
7f46139d0000-7f46139d1000 rw-p 0000c000 08:03 2495110                    /lib/x86_64-linux-gnu/libnss_files-2.21.so
7f46139d1000-7f46139dc000 r-xp 00000000 08:03 2495363                    /lib/x86_64-linux-gnu/libnss_nis-2.21.so
7f46139dc000-7f4613bdb000 ---p 0000b000 08:03 2495363                    /lib/x86_64-linux-gnu/libnss_nis-2.21.so
7f4613bdb000-7f4613bdc000 r--p 0000a000 08:03 2495363                    /lib/x86_64-linux-gnu/libnss_nis-2.21.so
7f4613bdc000-7f4613bdd000 rw-p 0000b000 08:03 2495363                    /lib/x86_64-linux-gnu/libnss_nis-2.21.so
7f4613bdd000-7f4613bf4000 r-xp 00000000 08:03 2495209                    /lib/x86_64-linux-gnu/libnsl-2.21.so
7f4613bf4000-7f4613df3000 ---p 00017000 08:03 2495209                    /lib/x86_64-linux-gnu/libnsl-2.21.so
7f4613df3000-7f4613df4000 r--p 00016000 08:03 2495209                    /lib/x86_64-linux-gnu/libnsl-2.21.so
7f4613df4000-7f4613df5000 rw-p 00017000 08:03 2495209                    /lib/x86_64-linux-gnu/libnsl-2.21.so
7f4613df5000-7f4613df7000 rw-p 00000000 00:00 0 
7f4613df7000-7f4613dff000 r-xp 00000000 08:03 2495111                    /lib/x86_64-linux-gnu/libnss_compat-2.21.so
7f4613dff000-7f4613ffe000 ---p 00008000 08:03 2495111                    /lib/x86_64-linux-gnu/libnss_compat-2.21.so
7f4613ffe000-7f4613fff000 r--p 00007000 08:03 2495111                    /lib/x86_64-linux-gnu/libnss_compat-2.21.so
7f4613fff000-7f4614000000 rw-p 00008000 08:03 2495111                    /lib/x86_64-linux-gnu/libnss_compat-2.21.so
7f4614000000-7f4614208000 rw-p 00000000 00:00 0 
7f4614208000-7f4618000000 ---p 00000000 00:00 0 
7f4618004000-7f4618016000 r--s 000c6000 08:05 36441                      /media/r/Dados/UFC/S5/Desenvolvimento Mobile/TP's/MyNotes/MyNotes/app/build/intermediates/exploded-aar/com.android.support/support-v4/22.2.1/jars/classes.jar
7f4618016000-7f46180dd000 rw-p 00000000 00:00 0 
7f46180dd000-7f4618125000 rw-p 00000000 00:00 0 
7f4618125000-7f4618151000 r-xp 00000000 08:03 2368437                    /usr/lib/jvm/java-7-openjdk-amd64/jre/lib/amd64/libjava.so
7f4618151000-7f4618350000 ---p 0002c000 08:03 2368437                    /usr/lib/jvm/java-7-openjdk-amd64/jre/lib/amd64/libjava.so
7f4618350000-7f4618351000 r--p 0002b000 08:03 2368437                    /usr/lib/jvm/java-7-openjdk-amd64/jre/lib/amd64/libjava.so
7f4618351000-7f4618353000 rw-p 0002c000 08:03 2368437                    /usr/lib/jvm/java-7-openjdk-amd64/jre/lib/amd64/libjava.so
7f4618353000-7f4618362000 r-xp 00000000 08:03 2368438                    /usr/lib/jvm/java-7-openjdk-amd64/jre/lib/amd64/libverify.so
7f4618362000-7f4618561000 ---p 0000f000 08:03 2368438                    /usr/lib/jvm/java-7-openjdk-amd64/jre/lib/amd64/libverify.so
7f4618561000-7f4618563000 r--p 0000e000 08:03 2368438                    /usr/lib/jvm/java-7-openjdk-amd64/jre/lib/amd64/libverify.so
7f4618563000-7f4618564000 rw-p 00010000 08:03 2368438                    /usr/lib/jvm/java-7-openjdk-amd64/jre/lib/amd64/libverify.so
7f4618564000-7f461856b000 r-xp 00000000 08:03 2495039                    /lib/x86_64-linux-gnu/librt-2.21.so
7f461856b000-7f461876a000 ---p 00007000 08:03 2495039                    /lib/x86_64-linux-gnu/librt-2.21.so
7f461876a000-7f461876b000 r--p 00006000 08:03 2495039                    /lib/x86_64-linux-gnu/librt-2.21.so
7f461876b000-7f461876c000 rw-p 00007000 08:03 2495039                    /lib/x86_64-linux-gnu/librt-2.21.so
7f461876c000-7f4618782000 r-xp 00000000 08:03 2495103                    /lib/x86_64-linux-gnu/libgcc_s.so.1
7f4618782000-7f4618981000 ---p 00016000 08:03 2495103                    /lib/x86_64-linux-gnu/libgcc_s.so.1
7f4618981000-7f4618982000 r--p 00015000 08:03 2495103                    /lib/x86_64-linux-gnu/libgcc_s.so.1
7f4618982000-7f4618983000 rw-p 00016000 08:03 2495103                    /lib/x86_64-linux-gnu/libgcc_s.so.1
7f4618983000-7f4618a8a000 r-xp 00000000 08:03 2495365                    /lib/x86_64-linux-gnu/libm-2.21.so
7f4618a8a000-7f4618c89000 ---p 00107000 08:03 2495365                    /lib/x86_64-linux-gnu/libm-2.21.so
7f4618c89000-7f4618c8a000 r--p 00106000 08:03 2495365                    /lib/x86_64-linux-gnu/libm-2.21.so
7f4618c8a000-7f4618c8b000 rw-p 00107000 08:03 2495365                    /lib/x86_64-linux-gnu/libm-2.21.so
7f4618c8b000-7f4618dfe000 r-xp 00000000 08:03 404217                     /usr/lib/x86_64-linux-gnu/libstdc++.so.6.0.21
7f4618dfe000-7f4618ffd000 ---p 00173000 08:03 404217                     /usr/lib/x86_64-linux-gnu/libstdc++.so.6.0.21
7f4618ffd000-7f4619007000 r--p 00172000 08:03 404217                     /usr/lib/x86_64-linux-gnu/libstdc++.so.6.0.21
7f4619007000-7f4619009000 rw-p 0017c000 08:03 404217                     /usr/lib/x86_64-linux-gnu/libstdc++.so.6.0.21
7f4619009000-7f461900d000 rw-p 00000000 00:00 0 
7f461900d000-7f4619b60000 r-xp 00000000 08:03 2368449                    /usr/lib/jvm/java-7-openjdk-amd64/jre/lib/amd64/server/libjvm.so
7f4619b60000-7f4619d5f000 ---p 00b53000 08:03 2368449                    /usr/lib/jvm/java-7-openjdk-amd64/jre/lib/amd64/server/libjvm.so
7f4619d5f000-7f4619df0000 r--p 00b52000 08:03 2368449                    /usr/lib/jvm/java-7-openjdk-amd64/jre/lib/amd64/server/libjvm.so
7f4619df0000-7f4619e13000 rw-p 00be3000 08:03 2368449                    /usr/lib/jvm/java-7-openjdk-amd64/jre/lib/amd64/server/libjvm.so
7f4619e13000-7f4619e40000 rw-p 00000000 00:00 0 
7f4619e40000-7f4619e59000 r-xp 00000000 08:03 2495249                    /lib/x86_64-linux-gnu/libz.so.1.2.8
7f4619e59000-7f461a058000 ---p 00019000 08:03 2495249                    /lib/x86_64-linux-gnu/libz.so.1.2.8
7f461a058000-7f461a059000 r--p 00018000 08:03 2495249                    /lib/x86_64-linux-gnu/libz.so.1.2.8
7f461a059000-7f461a05a000 rw-p 00019000 08:03 2495249                    /lib/x86_64-linux-gnu/libz.so.1.2.8
7f461a05a000-7f461a072000 r-xp 00000000 08:03 2495087                    /lib/x86_64-linux-gnu/libpthread-2.21.so
7f461a072000-7f461a272000 ---p 00018000 08:03 2495087                    /lib/x86_64-linux-gnu/libpthread-2.21.so
7f461a272000-7f461a273000 r--p 00018000 08:03 2495087                    /lib/x86_64-linux-gnu/libpthread-2.21.so
7f461a273000-7f461a274000 rw-p 00019000 08:03 2495087                    /lib/x86_64-linux-gnu/libpthread-2.21.so
7f461a274000-7f461a278000 rw-p 00000000 00:00 0 
7f461a278000-7f461a27b000 r-xp 00000000 08:03 2495362                    /lib/x86_64-linux-gnu/libdl-2.21.so
7f461a27b000-7f461a47a000 ---p 00003000 08:03 2495362                    /lib/x86_64-linux-gnu/libdl-2.21.so
7f461a47a000-7f461a47b000 r--p 00002000 08:03 2495362                    /lib/x86_64-linux-gnu/libdl-2.21.so
7f461a47b000-7f461a47c000 rw-p 00003000 08:03 2495362                    /lib/x86_64-linux-gnu/libdl-2.21.so
7f461a47c000-7f461a63c000 r-xp 00000000 08:03 2495366                    /lib/x86_64-linux-gnu/libc-2.21.so
7f461a63c000-7f461a83c000 ---p 001c0000 08:03 2495366                    /lib/x86_64-linux-gnu/libc-2.21.so
7f461a83c000-7f461a840000 r--p 001c0000 08:03 2495366                    /lib/x86_64-linux-gnu/libc-2.21.so
7f461a840000-7f461a842000 rw-p 001c4000 08:03 2495366                    /lib/x86_64-linux-gnu/libc-2.21.so
7f461a842000-7f461a846000 rw-p 00000000 00:00 0 
7f461a846000-7f461a853000 r-xp 00000000 08:03 2368464                    /usr/lib/jvm/java-7-openjdk-amd64/jre/lib/amd64/jli/libjli.so
7f461a853000-7f461aa52000 ---p 0000d000 08:03 2368464                    /usr/lib/jvm/java-7-openjdk-amd64/jre/lib/amd64/jli/libjli.so
7f461aa52000-7f461aa53000 r--p 0000c000 08:03 2368464                    /usr/lib/jvm/java-7-openjdk-amd64/jre/lib/amd64/jli/libjli.so
7f461aa53000-7f461aa54000 rw-p 0000d000 08:03 2368464                    /usr/lib/jvm/java-7-openjdk-amd64/jre/lib/amd64/jli/libjli.so
7f461aa54000-7f461aa78000 r-xp 00000000 08:03 2495360                    /lib/x86_64-linux-gnu/ld-2.21.so
7f461aa7f000-7f461aa8e000 r--s 000dd000 08:03 2637194                    /root/Android/Sdk/build-tools/22.0.1/lib/dx.jar
7f461aa8e000-7f461aa99000 rw-p 00000000 00:00 0 
7f461aa99000-7f461ab4e000 rw-p 00000000 00:00 0 
7f461ab4e000-7f461ab51000 ---p 00000000 00:00 0 
7f461ab51000-7f461ac54000 rw-p 00000000 00:00 0 
7f461ac56000-7f461ac57000 rw-p 00000000 00:00 0 
7f461ac57000-7f461ac5b000 r--s 00034000 08:03 2371853                    /usr/lib/jvm/java-7-openjdk-amd64/jre/lib/ext/sunjce_provider.jar
7f461ac5b000-7f461ac5c000 r--s 00002000 08:03 2371851                    /usr/lib/jvm/java-7-openjdk-amd64/jre/lib/ext/dnsns.jar
7f461ac5c000-7f461ac60000 r--s 0003c000 08:03 2371856                    /usr/lib/jvm/java-7-openjdk-amd64/jre/lib/ext/sunpkcs11.jar
7f461ac60000-7f461ac62000 r--s 00012000 08:03 2371852                    /usr/lib/jvm/java-7-openjdk-amd64/jre/lib/ext/zipfs.jar
7f461ac62000-7f461ac66000 r--s 00085000 08:03 2371855                    /usr/lib/jvm/java-7-openjdk-amd64/jre/lib/ext/localedata.jar
7f461ac66000-7f461ac68000 r--s 00007000 08:03 806455                     /usr/share/java/java-atk-wrapper.jar
7f461ac68000-7f461ac6b000 r--s 0000f000 08:03 2371854                    /usr/lib/jvm/java-7-openjdk-amd64/jre/lib/ext/icedtea-sound.jar
7f461ac6b000-7f461ac73000 rw-s 00000000 08:03 416587                     /tmp/hsperfdata_root/9311
7f461ac73000-7f461ac74000 rw-p 00000000 00:00 0 
7f461ac74000-7f461ac75000 ---p 00000000 00:00 0 
7f461ac75000-7f461ac77000 rw-p 00000000 00:00 0 
7f461ac77000-7f461ac78000 r--p 00023000 08:03 2495360                    /lib/x86_64-linux-gnu/ld-2.21.so
7f461ac78000-7f461ac79000 rw-p 00024000 08:03 2495360                    /lib/x86_64-linux-gnu/ld-2.21.so
7f461ac79000-7f461ac7a000 rw-p 00000000 00:00 0 
7ffe1de81000-7ffe1dea2000 rw-p 00000000 00:00 0                          [stack]
7ffe1df76000-7ffe1df78000 r--p 00000000 00:00 0                          [vvar]
7ffe1df78000-7ffe1df7a000 r-xp 00000000 00:00 0                          [vdso]
ffffffffff600000-ffffffffff601000 r-xp 00000000 00:00 0                  [vsyscall]

VM Arguments:
jvm_args: -Djava.awt.headless=true -Xmx1024M -Dfile.encoding=UTF-8 -Duser.country=US -Duser.language=en -Duser.variant 
java_command: com.android.dx.command.Main --dex --force-jumbo --multi-dex --output /media/r/Dados/UFC/S5/Desenvolvimento Mobile/TP's/MyNotes/MyNotes/app/build/intermediates/transforms/dex/debug/folders/1000/10/com.android.support-support-v4-22.2.1_3b6f53b621a254cd338038de46183d688990f5a2 /media/r/Dados/UFC/S5/Desenvolvimento Mobile/TP's/MyNotes/MyNotes/app/build/intermediates/exploded-aar/com.android.support/support-v4/22.2.1/jars/classes.jar
Launcher Type: SUN_STANDARD

Environment Variables:
PATH=/root/.rbenv/plugins/ruby-build/bin:/root/.rbenv/shims:/root/.rbenv/bin:/usr/local/sbin:/usr/local/bin:/usr/sbin:/usr/bin:/sbin:/bin:/usr/games:/usr/local/games
USERNAME=root
LD_LIBRARY_PATH=.:
SHELL=/bin/bash
DISPLAY=:1

Signal Handlers:
SIGSEGV: [libjvm.so+0x996e60], sa_mask[0]=0x7ffbfeff, sa_flags=0x10000004
SIGBUS: [libjvm.so+0x996e60], sa_mask[0]=0x7ffbfeff, sa_flags=0x10000004
SIGFPE: [libjvm.so+0x7fdc90], sa_mask[0]=0x7ffbfeff, sa_flags=0x10000004
SIGPIPE: [libjvm.so+0x7fdc90], sa_mask[0]=0x7ffbfeff, sa_flags=0x10000004
SIGXFSZ: [libjvm.so+0x7fdc90], sa_mask[0]=0x7ffbfeff, sa_flags=0x10000004
SIGILL: [libjvm.so+0x7fdc90], sa_mask[0]=0x7ffbfeff, sa_flags=0x10000004
SIGUSR1: SIG_DFL, sa_mask[0]=0x00000000, sa_flags=0x00000000
SIGUSR2: [libjvm.so+0x7fdb10], sa_mask[0]=0x00000004, sa_flags=0x10000004
SIGHUP: [libjvm.so+0x7fdca0], sa_mask[0]=0x7ffbfeff, sa_flags=0x10000004
SIGINT: [libjvm.so+0x7fdca0], sa_mask[0]=0x7ffbfeff, sa_flags=0x10000004
SIGTERM: [libjvm.so+0x7fdca0], sa_mask[0]=0x7ffbfeff, sa_flags=0x10000004
SIGQUIT: [libjvm.so+0x7fdca0], sa_mask[0]=0x7ffbfeff, sa_flags=0x10000004
SIGTRAP: SIG_DFL, sa_mask[0]=0x00000000, sa_flags=0x00000000


---------------  S Y S T E M  ---------------

OS:Ubuntu 15.10 (wily)
uname:Linux 4.2.0-36-generic #42-Ubuntu SMP Thu May 12 22:05:35 UTC 2016 x86_64
libc:glibc 2.21 NPTL 2.21 
rlimit: STACK 8192k, CORE 0k, NPROC 13522, NOFILE 65536, AS infinity
load average:4,47 3,14 2,54

/proc/meminfo:
MemTotal:        3498560 kB
MemFree:           31364 kB
MemAvailable:      82276 kB
Buffers:             600 kB
Cached:            58068 kB
SwapCached:            0 kB
Active:          3240516 kB
Inactive:          41172 kB
Active(anon):    3226032 kB
Inactive(anon):    26744 kB
Active(file):      14484 kB
Inactive(file):    14428 kB
Unevictable:          16 kB
Mlocked:              16 kB
SwapTotal:             0 kB
SwapFree:              0 kB
Dirty:               100 kB
Writeback:             0 kB
AnonPages:       3223076 kB
Mapped:            49872 kB
Shmem:             29716 kB
Slab:              93632 kB
SReclaimable:      49612 kB
SUnreclaim:        44020 kB
KernelStack:       10352 kB
PageTables:        39320 kB
NFS_Unstable:          0 kB
Bounce:                0 kB
WritebackTmp:          0 kB
CommitLimit:     1749280 kB
Committed_AS:    7051928 kB
VmallocTotal:   34359738367 kB
VmallocUsed:      288344 kB
VmallocChunk:   34358947836 kB
HardwareCorrupted:     0 kB
AnonHugePages:   1562624 kB
CmaTotal:              0 kB
CmaFree:               0 kB
HugePages_Total:       0
HugePages_Free:        0
HugePages_Rsvd:        0
HugePages_Surp:        0
Hugepagesize:       2048 kB
DirectMap4k:      252472 kB
DirectMap2M:     3385344 kB
DirectMap1G:           0 kB


CPU:total 2 (2 cores per cpu, 1 threads per core) family 18 model 1 stepping 0, cmov, cx8, fxsr, mmx, sse, sse2, sse3, popcnt, mmxext, 3dnowpref, lzcnt, sse4a, tsc, tscinvbit, tscinv

/proc/cpuinfo:
processor	: 0
vendor_id	: AuthenticAMD
cpu family	: 18
model		: 1
model name	: AMD A4-3310MX APU with Radeon(tm) HD Graphics
stepping	: 0
microcode	: 0x3000027
cpu MHz		: 800.000
cache size	: 1024 KB
physical id	: 0
siblings	: 2
core id		: 0
cpu cores	: 2
apicid		: 0
initial apicid	: 0
fpu		: yes
fpu_exception	: yes
cpuid level	: 6
wp		: yes
flags		: fpu vme de pse tsc msr pae mce cx8 apic sep mtrr pge mca cmov pat pse36 clflush mmx fxsr sse sse2 ht syscall nx mmxext fxsr_opt pdpe1gb rdtscp lm 3dnowext 3dnow constant_tsc rep_good nopl nonstop_tsc extd_apicid aperfmperf pni monitor cx16 popcnt lahf_lm cmp_legacy svm extapic cr8_legacy abm sse4a misalignsse 3dnowprefetch osvw ibs skinit wdt arat cpb hw_pstate npt lbrv svm_lock nrip_save pausefilter vmmcall
bugs		: fxsave_leak sysret_ss_attrs
bogomips	: 4192.35
TLB size	: 1536 4K pages
clflush size	: 64
cache_alignment	: 64
address sizes	: 40 bits physical, 48 bits virtual
power management: ts ttp tm stc 100mhzsteps hwpstate cpb

processor	: 1
vendor_id	: AuthenticAMD
cpu family	: 18
model		: 1
model name	: AMD A4-3310MX APU with Radeon(tm) HD Graphics
stepping	: 0
microcode	: 0x3000027
cpu MHz		: 2100.000
cache size	: 1024 KB
physical id	: 0
siblings	: 2
core id		: 1
cpu cores	: 2
apicid		: 1
initial apicid	: 1
fpu		: yes
fpu_exception	: yes
cpuid level	: 6
wp		: yes
flags		: fpu vme de pse tsc msr pae mce cx8 apic sep mtrr pge mca cmov pat pse36 clflush mmx fxsr sse sse2 ht syscall nx mmxext fxsr_opt pdpe1gb rdtscp lm 3dnowext 3dnow constant_tsc rep_good nopl nonstop_tsc extd_apicid aperfmperf pni monitor cx16 popcnt lahf_lm cmp_legacy svm extapic cr8_legacy abm sse4a misalignsse 3dnowprefetch osvw ibs skinit wdt arat cpb hw_pstate npt lbrv svm_lock nrip_save pausefilter vmmcall
bugs		: fxsave_leak sysret_ss_attrs
bogomips	: 4192.35
TLB size	: 1536 4K pages
clflush size	: 64
cache_alignment	: 64
address sizes	: 40 bits physical, 48 bits virtual
power management: ts ttp tm stc 100mhzsteps hwpstate cpb



Memory: 4k page, physical 3498560k(29600k free), swap 0k(0k free)

vm_info: OpenJDK 64-Bit Server VM (24.95-b01) for linux-amd64 JRE (1.7.0_101-b00), built on Apr 24 2016 20:35:58 by "buildd" with gcc 5.2.1 20151010

time: Sun May 22 22:49:11 2016
elapsed time: 32 seconds

