#
# There is insufficient memory for the Java Runtime Environment to continue.
# Native memory allocation (malloc) failed to allocate 122683392 bytes for committing reserved memory.
# Possible reasons:
#   The system is out of physical RAM or swap space
#   In 32 bit mode, the process size limit was hit
# Possible solutions:
#   Reduce memory load on the system
#   Increase physical memory or swap space
#   Check if swap backing store is full
#   Use 64 bit Java on a 64 bit OS
#   Decrease Java heap size (-Xmx/-Xms)
#   Decrease number of Java threads
#   Decrease Java thread stack sizes (-Xss)
#   Set larger code cache with -XX:ReservedCodeCacheSize=
# This output file may be truncated or incomplete.
#
#  Out of Memory Error (os_linux.cpp:2827), pid=10529, tid=139666457818880
#
# JRE version: OpenJDK Runtime Environment (7.0_101) (build 1.7.0_101-b00)
# Java VM: OpenJDK 64-Bit Server VM (24.95-b01 mixed mode linux-amd64 compressed oops)
# Derivative: IcedTea 2.6.6
# Distribution: Ubuntu 15.10, package 7u101-2.6.6-0ubuntu0.15.10.1
# Failed to write core dump. Core dumps have been disabled. To enable core dumping, try "ulimit -c unlimited" before starting Java again
#

---------------  T H R E A D  ---------------

Current thread (0x00007f06a8071800):  VMThread [stack: 0x00007f06a18af000,0x00007f06a19b0000] [id=10540]

Stack: [0x00007f06a18af000,0x00007f06a19b0000],  sp=0x00007f06a19ae4f0,  free space=1021k
Native frames: (J=compiled Java code, j=interpreted, Vv=VM code, C=native code)
V  [libjvm.so+0x996303]
V  [libjvm.so+0x48b94f]
V  [libjvm.so+0x802a2b]
V  [libjvm.so+0x7fce1e]
V  [libjvm.so+0x872f2b]
V  [libjvm.so+0x874873]
V  [libjvm.so+0x870af8]
V  [libjvm.so+0x870ddc]
V  [libjvm.so+0x8263e3]
V  [libjvm.so+0x997da2]
V  [libjvm.so+0x99cae7]
V  [libjvm.so+0x99a378]
V  [libjvm.so+0x99b6ef]
V  [libjvm.so+0x99bbe1]
V  [libjvm.so+0x7ff952]

VM_Operation (0x00007f06af9251c0): ParallelGCFailedAllocation, mode: safepoint, requested by thread 0x00007f06a800a800


---------------  P R O C E S S  ---------------

Java Threads: ( => current thread )
  0x00007f06a80ad800 JavaThread "Service Thread" daemon [_thread_blocked, id=10548, stack(0x00007f06a0bc6000,0x00007f06a0cc7000)]
  0x00007f06a80ab000 JavaThread "C2 CompilerThread1" daemon [_thread_blocked, id=10547, stack(0x00007f06a0cc7000,0x00007f06a0dc8000)]
  0x00007f06a80a8000 JavaThread "C2 CompilerThread0" daemon [_thread_blocked, id=10546, stack(0x00007f06a0dc8000,0x00007f06a0ec9000)]
  0x00007f06a80a6000 JavaThread "Signal Dispatcher" daemon [_thread_blocked, id=10545, stack(0x00007f06a0ec9000,0x00007f06a0fca000)]
  0x00007f06a8078000 JavaThread "Finalizer" daemon [_thread_blocked, id=10544, stack(0x00007f06a16ad000,0x00007f06a17ae000)]
  0x00007f06a8076000 JavaThread "Reference Handler" daemon [_thread_blocked, id=10543, stack(0x00007f06a17ae000,0x00007f06a18af000)]
  0x00007f06a800a800 JavaThread "main" [_thread_blocked, id=10534, stack(0x00007f06af826000,0x00007f06af927000)]

Other Threads:
=>0x00007f06a8071800 VMThread [stack: 0x00007f06a18af000,0x00007f06a19b0000] [id=10540]
  0x00007f06a80b8000 WatcherThread [stack: 0x00007f06a0ac5000,0x00007f06a0bc6000] [id=10549]

VM state:at safepoint (normal execution)

VM Mutex/Monitor currently owned by a thread:  ([mutex/lock_event])
[0x00007f06a8006aa0] Threads_lock - owner thread: 0x00007f06a8071800
[0x00007f06a8006fa0] Heap_lock - owner thread: 0x00007f06a800a800

Heap
 PSYoungGen      total 125952K, used 13293K [0x00000000eaa80000, 0x00000000f3480000, 0x0000000100000000)
  eden space 112640K, 0% used [0x00000000eaa80000,0x00000000eaa80000,0x00000000f1880000)
  from space 13312K, 99% used [0x00000000f1880000,0x00000000f257b4a0,0x00000000f2580000)
  to   space 11264K, 0% used [0x00000000f2580000,0x00000000f2580000,0x00000000f3080000)
 ParOldGen       total 36352K, used 25992K [0x00000000c0000000, 0x00000000c2380000, 0x00000000eaa80000)
  object space 36352K, 71% used [0x00000000c0000000,0x00000000c1962188,0x00000000c2380000)
 PSPermGen       total 21504K, used 6267K [0x00000000b5a00000, 0x00000000b6f00000, 0x00000000c0000000)
  object space 21504K, 29% used [0x00000000b5a00000,0x00000000b601ed10,0x00000000b6f00000)

Card table byte_map: [0x00007f06ac165000,0x00007f06ac3b9000] byte_map_base: 0x00007f06abbb8000

Polling page: 0x00007f06af94c000

Code Cache  [0x00007f06a5000000, 0x00007f06a52b0000, 0x00007f06a8000000)
 total_blobs=1001 nmethods=772 adapters=181 free_code_cache=46498Kb largest_free_block=47528768

Compilation events (10 events):
Event: 22,928 Thread 0x00007f06a80ab000  822 %           com.android.dx.dex.code.OutputFinisher::performExpansion @ 31 (273 bytes)
Event: 23,058 Thread 0x00007f06a80a8000  823             com.android.dx.rop.code.RegisterSpec::equalsUsingSimpleType (27 bytes)
Event: 23,061 Thread 0x00007f06a80a8000 nmethod 823 0x00007f06a52494d0 code [0x00007f06a5249640, 0x00007f06a5249888]
Event: 23,076 Thread 0x00007f06a80a8000  824             java.util.BitSet::set (18 bytes)
Event: 23,087 Thread 0x00007f06a80a8000 nmethod 824 0x00007f06a52a6a10 code [0x00007f06a52a6b80, 0x00007f06a52a6f38]
Event: 23,087 Thread 0x00007f06a80a8000  825             com.android.dx.dex.code.form.Form35c::isCompatible (72 bytes)
Event: 23,115 Thread 0x00007f06a80a8000 nmethod 825 0x00007f06a513b510 code [0x00007f06a513b6a0, 0x00007f06a513ba78]
Event: 23,115 Thread 0x00007f06a80a8000  826             com.android.dx.dex.code.form.Form22c::isCompatible (99 bytes)
Event: 23,125 Thread 0x00007f06a80a8000 nmethod 826 0x00007f06a513ad50 code [0x00007f06a513aee0, 0x00007f06a513b118]
Event: 23,132 Thread 0x00007f06a80a8000  827             com.android.dx.dex.code.LocalList$MakeState::add (75 bytes)

GC Heap History (10 events):
Event: 4,680 GC heap after
Heap after GC invocations=2 (full 0):
 PSYoungGen      total 30720K, used 2042K [0x00000000eaa80000, 0x00000000eca80000, 0x0000000100000000)
  eden space 28672K, 0% used [0x00000000eaa80000,0x00000000eaa80000,0x00000000ec680000)
  from space 2048K, 99% used [0x00000000ec880000,0x00000000eca7eaa8,0x00000000eca80000)
  to   space 2048K, 0% used [0x00000000ec680000,0x00000000ec680000,0x00000000ec880000)
 ParOldGen       total 36352K, used 3955K [0x00000000c0000000, 0x00000000c2380000, 0x00000000eaa80000)
  object space 36352K, 10% used [0x00000000c0000000,0x00000000c03dcc90,0x00000000c2380000)
 PSPermGen       total 21504K, used 5842K [0x00000000b5a00000, 0x00000000b6f00000, 0x00000000c0000000)
  object space 21504K, 27% used [0x00000000b5a00000,0x00000000b5fb4828,0x00000000b6f00000)
}
Event: 8,401 GC heap before
{Heap before GC invocations=3 (full 0):
 PSYoungGen      total 30720K, used 30714K [0x00000000eaa80000, 0x00000000eca80000, 0x0000000100000000)
  eden space 28672K, 100% used [0x00000000eaa80000,0x00000000ec680000,0x00000000ec680000)
  from space 2048K, 99% used [0x00000000ec880000,0x00000000eca7eaa8,0x00000000eca80000)
  to   space 2048K, 0% used [0x00000000ec680000,0x00000000ec680000,0x00000000ec880000)
 ParOldGen       total 36352K, used 3955K [0x00000000c0000000, 0x00000000c2380000, 0x00000000eaa80000)
  object space 36352K, 10% used [0x00000000c0000000,0x00000000c03dcc90,0x00000000c2380000)
 PSPermGen       total 21504K, used 5902K [0x00000000b5a00000, 0x00000000b6f00000, 0x00000000c0000000)
  object space 21504K, 27% used [0x00000000b5a00000,0x00000000b5fc3a98,0x00000000b6f00000)
Event: 8,554 GC heap after
Heap after GC invocations=3 (full 0):
 PSYoungGen      total 30720K, used 2036K [0x00000000eaa80000, 0x00000000ee680000, 0x0000000100000000)
  eden space 28672K, 0% used [0x00000000eaa80000,0x00000000eaa80000,0x00000000ec680000)
  from space 2048K, 99% used [0x00000000ec680000,0x00000000ec87d088,0x00000000ec880000)
  to   space 2048K, 0% used [0x00000000ee480000,0x00000000ee480000,0x00000000ee680000)
 ParOldGen       total 36352K, used 8604K [0x00000000c0000000, 0x00000000c2380000, 0x00000000eaa80000)
  object space 36352K, 23% used [0x00000000c0000000,0x00000000c0867150,0x00000000c2380000)
 PSPermGen       total 21504K, used 5902K [0x00000000b5a00000, 0x00000000b6f00000, 0x00000000c0000000)
  object space 21504K, 27% used [0x00000000b5a00000,0x00000000b5fc3a98,0x00000000b6f00000)
}
Event: 11,166 GC heap before
{Heap before GC invocations=4 (full 0):
 PSYoungGen      total 30720K, used 30708K [0x00000000eaa80000, 0x00000000ee680000, 0x0000000100000000)
  eden space 28672K, 100% used [0x00000000eaa80000,0x00000000ec680000,0x00000000ec680000)
  from space 2048K, 99% used [0x00000000ec680000,0x00000000ec87d088,0x00000000ec880000)
  to   space 2048K, 0% used [0x00000000ee480000,0x00000000ee480000,0x00000000ee680000)
 ParOldGen       total 36352K, used 8604K [0x00000000c0000000, 0x00000000c2380000, 0x00000000eaa80000)
  object space 36352K, 23% used [0x00000000c0000000,0x00000000c0867150,0x00000000c2380000)
 PSPermGen       total 21504K, used 5933K [0x00000000b5a00000, 0x00000000b6f00000, 0x00000000c0000000)
  object space 21504K, 27% used [0x00000000b5a00000,0x00000000b5fcb650,0x00000000b6f00000)
Event: 11,221 GC heap after
Heap after GC invocations=4 (full 0):
 PSYoungGen      total 59392K, used 2021K [0x00000000eaa80000, 0x00000000ee680000, 0x0000000100000000)
  eden space 57344K, 0% used [0x00000000eaa80000,0x00000000eaa80000,0x00000000ee280000)
  from space 2048K, 98% used [0x00000000ee480000,0x00000000ee6794b0,0x00000000ee680000)
  to   space 2048K, 0% used [0x00000000ee280000,0x00000000ee280000,0x00000000ee480000)
 ParOldGen       total 36352K, used 12747K [0x00000000c0000000, 0x00000000c2380000, 0x00000000eaa80000)
  object space 36352K, 35% used [0x00000000c0000000,0x00000000c0c72c70,0x00000000c2380000)
 PSPermGen       total 21504K, used 5933K [0x00000000b5a00000, 0x00000000b6f00000, 0x00000000c0000000)
  object space 21504K, 27% used [0x00000000b5a00000,0x00000000b5fcb650,0x00000000b6f00000)
}
Event: 14,746 GC heap before
{Heap before GC invocations=5 (full 0):
 PSYoungGen      total 59392K, used 59365K [0x00000000eaa80000, 0x00000000ee680000, 0x0000000100000000)
  eden space 57344K, 100% used [0x00000000eaa80000,0x00000000ee280000,0x00000000ee280000)
  from space 2048K, 98% used [0x00000000ee480000,0x00000000ee6794b0,0x00000000ee680000)
  to   space 2048K, 0% used [0x00000000ee280000,0x00000000ee280000,0x00000000ee480000)
 ParOldGen       total 36352K, used 12747K [0x00000000c0000000, 0x00000000c2380000, 0x00000000eaa80000)
  object space 36352K, 35% used [0x00000000c0000000,0x00000000c0c72c70,0x00000000c2380000)
 PSPermGen       total 21504K, used 5980K [0x00000000b5a00000, 0x00000000b6f00000, 0x00000000c0000000)
  object space 21504K, 27% used [0x00000000b5a00000,0x00000000b5fd7160,0x00000000b6f00000)
Event: 14,884 GC heap after
Heap after GC invocations=5 (full 0):
 PSYoungGen      total 59392K, used 2042K [0x00000000eaa80000, 0x00000000f3080000, 0x0000000100000000)
  eden space 57344K, 0% used [0x00000000eaa80000,0x00000000eaa80000,0x00000000ee280000)
  from space 2048K, 99% used [0x00000000ee280000,0x00000000ee47eb20,0x00000000ee480000)
  to   space 11264K, 0% used [0x00000000f2580000,0x00000000f2580000,0x00000000f3080000)
 ParOldGen       total 36352K, used 21383K [0x00000000c0000000, 0x00000000c2380000, 0x00000000eaa80000)
  object space 36352K, 58% used [0x00000000c0000000,0x00000000c14e1c40,0x00000000c2380000)
 PSPermGen       total 21504K, used 5980K [0x00000000b5a00000, 0x00000000b6f00000, 0x00000000c0000000)
  object space 21504K, 27% used [0x00000000b5a00000,0x00000000b5fd7160,0x00000000b6f00000)
}
Event: 17,183 GC heap before
{Heap before GC invocations=6 (full 0):
 PSYoungGen      total 59392K, used 59386K [0x00000000eaa80000, 0x00000000f3080000, 0x0000000100000000)
  eden space 57344K, 100% used [0x00000000eaa80000,0x00000000ee280000,0x00000000ee280000)
  from space 2048K, 99% used [0x00000000ee280000,0x00000000ee47eb20,0x00000000ee480000)
  to   space 11264K, 0% used [0x00000000f2580000,0x00000000f2580000,0x00000000f3080000)
 ParOldGen       total 36352K, used 21383K [0x00000000c0000000, 0x00000000c2380000, 0x00000000eaa80000)
  object space 36352K, 58% used [0x00000000c0000000,0x00000000c14e1c40,0x00000000c2380000)
 PSPermGen       total 21504K, used 6013K [0x00000000b5a00000, 0x00000000b6f00000, 0x00000000c0000000)
  object space 21504K, 27% used [0x00000000b5a00000,0x00000000b5fdf4e8,0x00000000b6f00000)
Event: 17,288 GC heap after
Heap after GC invocations=6 (full 0):
 PSYoungGen      total 123904K, used 11253K [0x00000000eaa80000, 0x00000000f3480000, 0x0000000100000000)
  eden space 112640K, 0% used [0x00000000eaa80000,0x00000000eaa80000,0x00000000f1880000)
  from space 11264K, 99% used [0x00000000f2580000,0x00000000f307d680,0x00000000f3080000)
  to   space 13312K, 0% used [0x00000000f1880000,0x00000000f1880000,0x00000000f2580000)
 ParOldGen       total 36352K, used 21401K [0x00000000c0000000, 0x00000000c2380000, 0x00000000eaa80000)
  object space 36352K, 58% used [0x00000000c0000000,0x00000000c14e67c8,0x00000000c2380000)
 PSPermGen       total 21504K, used 6013K [0x00000000b5a00000, 0x00000000b6f00000, 0x00000000c0000000)
  object space 21504K, 27% used [0x00000000b5a00000,0x00000000b5fdf4e8,0x00000000b6f00000)
}
Event: 23,163 GC heap before
{Heap before GC invocations=7 (full 0):
 PSYoungGen      total 123904K, used 123893K [0x00000000eaa80000, 0x00000000f3480000, 0x0000000100000000)
  eden space 112640K, 100% used [0x00000000eaa80000,0x00000000f1880000,0x00000000f1880000)
  from space 11264K, 99% used [0x00000000f2580000,0x00000000f307d680,0x00000000f3080000)
  to   space 13312K, 0% used [0x00000000f1880000,0x00000000f1880000,0x00000000f2580000)
 ParOldGen       total 36352K, used 21401K [0x00000000c0000000, 0x00000000c2380000, 0x00000000eaa80000)
  object space 36352K, 58% used [0x00000000c0000000,0x00000000c14e67c8,0x00000000c2380000)
 PSPermGen       total 21504K, used 6267K [0x00000000b5a00000, 0x00000000b6f00000, 0x00000000c0000000)
  object space 21504K, 29% used [0x00000000b5a00000,0x00000000b601ed10,0x00000000b6f00000)

Deoptimization events (10 events):
Event: 22,097 Thread 0x00007f06a800a800 Uncommon trap: reason=unstable_if action=reinterpret pc=0x00007f06a5186500 method=com.android.dx.rop.code.RegisterSpec.matchesVariable(Lcom/android/dx/rop/code/RegisterSpec;)Z @ 59
Event: 22,113 Thread 0x00007f06a800a800 Uncommon trap: reason=class_check action=maybe_recompile pc=0x00007f06a5188798 method=com.android.dx.dex.code.OutputFinisher.massageInstructions([Lcom/android/dx/dex/code/Dop;)V @ 63
Event: 22,188 Thread 0x00007f06a800a800 Uncommon trap: reason=class_check action=maybe_recompile pc=0x00007f06a5188798 method=com.android.dx.dex.code.OutputFinisher.massageInstructions([Lcom/android/dx/dex/code/Dop;)V @ 63
Event: 22,204 Thread 0x00007f06a800a800 Uncommon trap: reason=null_check action=make_not_entrant pc=0x00007f06a5255894 method=com.android.dx.dex.code.LocalList$MakeState.finish()Lcom/android/dx/dex/code/LocalList; @ 81
Event: 22,297 Thread 0x00007f06a800a800 Uncommon trap: reason=class_check action=maybe_recompile pc=0x00007f06a5188798 method=com.android.dx.dex.code.OutputFinisher.massageInstructions([Lcom/android/dx/dex/code/Dop;)V @ 63
Event: 22,468 Thread 0x00007f06a800a800 Uncommon trap: reason=unstable_if action=reinterpret pc=0x00007f06a524ddb0 method=com.android.dx.dex.code.form.Form35c.wordCount(Lcom/android/dx/rop/code/RegisterSpecList;)I @ 65
Event: 22,664 Thread 0x00007f06a800a800 Uncommon trap: reason=array_check action=maybe_recompile pc=0x00007f06a524d568 method=java.util.ComparableTimSort.binarySort([Ljava/lang/Object;III)V @ 183
Event: 22,705 Thread 0x00007f06a800a800 Uncommon trap: reason=array_check action=maybe_recompile pc=0x00007f06a524d4b0 method=java.util.ComparableTimSort.binarySort([Ljava/lang/Object;III)V @ 193
Event: 22,814 Thread 0x00007f06a800a800 Uncommon trap: reason=array_check action=maybe_recompile pc=0x00007f06a524d4b0 method=java.util.ComparableTimSort.binarySort([Ljava/lang/Object;III)V @ 193
Event: 22,814 Thread 0x00007f06a800a800 Uncommon trap: reason=array_check action=maybe_recompile pc=0x00007f06a524d4b0 method=java.util.ComparableTimSort.binarySort([Ljava/lang/Object;III)V @ 193

Internal exceptions (10 events):
Event: 21,520 Thread 0x00007f06a800a800 Threw 0x00000000f0f816c0 at /build/openjdk-7-hZgspp/openjdk-7-7u101-2.6.6/build/openjdk/hotspot/src/share/vm/prims/jvm.cpp:1322
Event: 21,521 Thread 0x00007f06a800a800 Threw 0x00000000f0f88300 at /build/openjdk-7-hZgspp/openjdk-7-7u101-2.6.6/build/openjdk/hotspot/src/share/vm/prims/jvm.cpp:1322
Event: 21,523 Thread 0x00007f06a800a800 Threw 0x00000000f0f8b7d8 at /build/openjdk-7-hZgspp/openjdk-7-7u101-2.6.6/build/openjdk/hotspot/src/share/vm/prims/jvm.cpp:1322
Event: 21,524 Thread 0x00007f06a800a800 Threw 0x00000000f0f90be8 at /build/openjdk-7-hZgspp/openjdk-7-7u101-2.6.6/build/openjdk/hotspot/src/share/vm/prims/jvm.cpp:1322
Event: 21,525 Thread 0x00007f06a800a800 Threw 0x00000000f0f95738 at /build/openjdk-7-hZgspp/openjdk-7-7u101-2.6.6/build/openjdk/hotspot/src/share/vm/prims/jvm.cpp:1322
Event: 21,556 Thread 0x00007f06a800a800 Threw 0x00000000f0fa6620 at /build/openjdk-7-hZgspp/openjdk-7-7u101-2.6.6/build/openjdk/hotspot/src/share/vm/prims/jvm.cpp:1322
Event: 21,561 Thread 0x00007f06a800a800 Threw 0x00000000f0fa9ed0 at /build/openjdk-7-hZgspp/openjdk-7-7u101-2.6.6/build/openjdk/hotspot/src/share/vm/prims/jvm.cpp:1322
Event: 21,562 Thread 0x00007f06a800a800 Threw 0x00000000f0fad6d0 at /build/openjdk-7-hZgspp/openjdk-7-7u101-2.6.6/build/openjdk/hotspot/src/share/vm/prims/jvm.cpp:1322
Event: 21,586 Thread 0x00007f06a800a800 Threw 0x00000000f0fbefd8 at /build/openjdk-7-hZgspp/openjdk-7-7u101-2.6.6/build/openjdk/hotspot/src/share/vm/prims/jvm.cpp:1322
Event: 22,204 Thread 0x00007f06a800a800 Implicit null exception at 0x00007f06a5254be8 to 0x00007f06a5255889

Events (10 events):
Event: 22,705 Thread 0x00007f06a800a800 Uncommon trap: trap_request=0xffffffd6 fr.pc=0x00007f06a524d4b0
Event: 22,705 Thread 0x00007f06a800a800 DEOPT PACKING pc=0x00007f06a524d4b0 sp=0x00007f06af925360
Event: 22,705 Thread 0x00007f06a800a800 DEOPT UNPACKING pc=0x00007f06a5039045 sp=0x00007f06af925328 mode 2
Event: 22,814 Thread 0x00007f06a800a800 Uncommon trap: trap_request=0xffffffd6 fr.pc=0x00007f06a524d4b0
Event: 22,814 Thread 0x00007f06a800a800 DEOPT PACKING pc=0x00007f06a524d4b0 sp=0x00007f06af925360
Event: 22,814 Thread 0x00007f06a800a800 DEOPT UNPACKING pc=0x00007f06a5039045 sp=0x00007f06af925328 mode 2
Event: 22,814 Thread 0x00007f06a800a800 Uncommon trap: trap_request=0xffffffd6 fr.pc=0x00007f06a524d4b0
Event: 22,814 Thread 0x00007f06a800a800 DEOPT PACKING pc=0x00007f06a524d4b0 sp=0x00007f06af925360
Event: 22,814 Thread 0x00007f06a800a800 DEOPT UNPACKING pc=0x00007f06a5039045 sp=0x00007f06af925328 mode 2
Event: 23,161 Executing VM operation: ParallelGCFailedAllocation


Dynamic libraries:
00400000-00401000 r-xp 00000000 08:03 2368412                            /usr/lib/jvm/java-7-openjdk-amd64/jre/bin/java
00600000-00601000 r--p 00000000 08:03 2368412                            /usr/lib/jvm/java-7-openjdk-amd64/jre/bin/java
00601000-00602000 rw-p 00001000 08:03 2368412                            /usr/lib/jvm/java-7-openjdk-amd64/jre/bin/java
019ba000-019db000 rw-p 00000000 00:00 0                                  [heap]
b5a00000-b6f00000 rw-p 00000000 00:00 0 
b6f00000-c0000000 rw-p 00000000 00:00 0 
c0000000-c2380000 rw-p 00000000 00:00 0 
c2380000-eaa80000 rw-p 00000000 00:00 0 
eaa80000-f3480000 rw-p 00000000 00:00 0 
fa980000-100000000 rw-p 00000000 00:00 0 
7f0674000000-7f0674021000 rw-p 00000000 00:00 0 
7f0674021000-7f0678000000 ---p 00000000 00:00 0 
7f067af37000-7f067b238000 rw-p 00000000 00:00 0 
7f067b238000-7f067b2a4000 r-xp 00000000 08:03 2501218                    /lib/x86_64-linux-gnu/libpcre.so.3.13.1
7f067b2a4000-7f067b4a4000 ---p 0006c000 08:03 2501218                    /lib/x86_64-linux-gnu/libpcre.so.3.13.1
7f067b4a4000-7f067b4a5000 r--p 0006c000 08:03 2501218                    /lib/x86_64-linux-gnu/libpcre.so.3.13.1
7f067b4a5000-7f067b4a6000 rw-p 0006d000 08:03 2501218                    /lib/x86_64-linux-gnu/libpcre.so.3.13.1
7f067b4a6000-7f067b4ad000 r-xp 00000000 08:03 403597                     /usr/lib/x86_64-linux-gnu/libffi.so.6.0.4
7f067b4ad000-7f067b6ac000 ---p 00007000 08:03 403597                     /usr/lib/x86_64-linux-gnu/libffi.so.6.0.4
7f067b6ac000-7f067b6ad000 r--p 00006000 08:03 403597                     /usr/lib/x86_64-linux-gnu/libffi.so.6.0.4
7f067b6ad000-7f067b6ae000 rw-p 00007000 08:03 403597                     /usr/lib/x86_64-linux-gnu/libffi.so.6.0.4
7f067b6ae000-7f067b6c5000 r-xp 00000000 08:03 2505219                    /lib/x86_64-linux-gnu/libresolv-2.21.so
7f067b6c5000-7f067b8c5000 ---p 00017000 08:03 2505219                    /lib/x86_64-linux-gnu/libresolv-2.21.so
7f067b8c5000-7f067b8c6000 r--p 00017000 08:03 2505219                    /lib/x86_64-linux-gnu/libresolv-2.21.so
7f067b8c6000-7f067b8c7000 rw-p 00018000 08:03 2505219                    /lib/x86_64-linux-gnu/libresolv-2.21.so
7f067b8c7000-7f067b8c9000 rw-p 00000000 00:00 0 
7f067b8c9000-7f067b8ea000 r-xp 00000000 08:03 2495219                    /lib/x86_64-linux-gnu/libselinux.so.1
7f067b8ea000-7f067bae9000 ---p 00021000 08:03 2495219                    /lib/x86_64-linux-gnu/libselinux.so.1
7f067bae9000-7f067baea000 r--p 00020000 08:03 2495219                    /lib/x86_64-linux-gnu/libselinux.so.1
7f067baea000-7f067baeb000 rw-p 00021000 08:03 2495219                    /lib/x86_64-linux-gnu/libselinux.so.1
7f067baeb000-7f067baed000 rw-p 00000000 00:00 0 
7f067baed000-7f067baf0000 r-xp 00000000 08:03 394930                     /usr/lib/x86_64-linux-gnu/libgmodule-2.0.so.0.4600.2
7f067baf0000-7f067bcef000 ---p 00003000 08:03 394930                     /usr/lib/x86_64-linux-gnu/libgmodule-2.0.so.0.4600.2
7f067bcef000-7f067bcf0000 r--p 00002000 08:03 394930                     /usr/lib/x86_64-linux-gnu/libgmodule-2.0.so.0.4600.2
7f067bcf0000-7f067bcf1000 rw-p 00003000 08:03 394930                     /usr/lib/x86_64-linux-gnu/libgmodule-2.0.so.0.4600.2
7f067bcf1000-7f067bdfe000 r-xp 00000000 08:03 2499120                    /lib/x86_64-linux-gnu/libglib-2.0.so.0.4600.2
7f067bdfe000-7f067bffd000 ---p 0010d000 08:03 2499120                    /lib/x86_64-linux-gnu/libglib-2.0.so.0.4600.2
7f067bffd000-7f067bffe000 r--p 0010c000 08:03 2499120                    /lib/x86_64-linux-gnu/libglib-2.0.so.0.4600.2
7f067bffe000-7f067bfff000 rw-p 0010d000 08:03 2499120                    /lib/x86_64-linux-gnu/libglib-2.0.so.0.4600.2
7f067bfff000-7f067c000000 rw-p 00000000 00:00 0 
7f067c000000-7f067cf61000 rw-p 00000000 00:00 0 
7f067cf61000-7f0680000000 ---p 00000000 00:00 0 
7f0680000000-7f0680021000 rw-p 00000000 00:00 0 
7f0680021000-7f0684000000 ---p 00000000 00:00 0 
7f0684000000-7f0684021000 rw-p 00000000 00:00 0 
7f0684021000-7f0688000000 ---p 00000000 00:00 0 
7f0688000000-7f068908c000 rw-p 00000000 00:00 0 
7f068908c000-7f068c000000 ---p 00000000 00:00 0 
7f068c000000-7f068c021000 rw-p 00000000 00:00 0 
7f068c021000-7f0690000000 ---p 00000000 00:00 0 
7f0690000000-7f0690021000 rw-p 00000000 00:00 0 
7f0690021000-7f0694000000 ---p 00000000 00:00 0 
7f0694000000-7f0694021000 rw-p 00000000 00:00 0 
7f0694021000-7f0698000000 ---p 00000000 00:00 0 
7f0698000000-7f0698021000 rw-p 00000000 00:00 0 
7f0698021000-7f069c000000 ---p 00000000 00:00 0 
7f069c000000-7f069c021000 rw-p 00000000 00:00 0 
7f069c021000-7f06a0000000 ---p 00000000 00:00 0 
7f06a00a5000-7f06a00f7000 r-xp 00000000 08:03 394928                     /usr/lib/x86_64-linux-gnu/libgobject-2.0.so.0.4600.2
7f06a00f7000-7f06a02f6000 ---p 00052000 08:03 394928                     /usr/lib/x86_64-linux-gnu/libgobject-2.0.so.0.4600.2
7f06a02f6000-7f06a02f7000 r--p 00051000 08:03 394928                     /usr/lib/x86_64-linux-gnu/libgobject-2.0.so.0.4600.2
7f06a02f7000-7f06a02f8000 rw-p 00052000 08:03 394928                     /usr/lib/x86_64-linux-gnu/libgobject-2.0.so.0.4600.2
7f06a02f8000-7f06a0472000 r-xp 00000000 08:03 394924                     /usr/lib/x86_64-linux-gnu/libgio-2.0.so.0.4600.2
7f06a0472000-7f06a0671000 ---p 0017a000 08:03 394924                     /usr/lib/x86_64-linux-gnu/libgio-2.0.so.0.4600.2
7f06a0671000-7f06a0675000 r--p 00179000 08:03 394924                     /usr/lib/x86_64-linux-gnu/libgio-2.0.so.0.4600.2
7f06a0675000-7f06a0677000 rw-p 0017d000 08:03 394924                     /usr/lib/x86_64-linux-gnu/libgio-2.0.so.0.4600.2
7f06a0677000-7f06a0679000 rw-p 00000000 00:00 0 
7f06a069a000-7f06a06b1000 r-xp 00000000 08:03 2368446                    /usr/lib/jvm/java-7-openjdk-amd64/jre/lib/amd64/libnet.so
7f06a06b1000-7f06a08b1000 ---p 00017000 08:03 2368446                    /usr/lib/jvm/java-7-openjdk-amd64/jre/lib/amd64/libnet.so
7f06a08b1000-7f06a08b2000 r--p 00017000 08:03 2368446                    /usr/lib/jvm/java-7-openjdk-amd64/jre/lib/amd64/libnet.so
7f06a08b2000-7f06a08b3000 rw-p 00018000 08:03 2368446                    /usr/lib/jvm/java-7-openjdk-amd64/jre/lib/amd64/libnet.so
7f06a08b3000-7f06a08c4000 r-xp 00000000 08:03 2368467                    /usr/lib/jvm/java-7-openjdk-amd64/jre/lib/amd64/libnio.so
7f06a08c4000-7f06a0ac3000 ---p 00011000 08:03 2368467                    /usr/lib/jvm/java-7-openjdk-amd64/jre/lib/amd64/libnio.so
7f06a0ac3000-7f06a0ac4000 r--p 00010000 08:03 2368467                    /usr/lib/jvm/java-7-openjdk-amd64/jre/lib/amd64/libnio.so
7f06a0ac4000-7f06a0ac5000 rw-p 00011000 08:03 2368467                    /usr/lib/jvm/java-7-openjdk-amd64/jre/lib/amd64/libnio.so
7f06a0ac5000-7f06a0ac6000 ---p 00000000 00:00 0 
7f06a0ac6000-7f06a0bc6000 rw-p 00000000 00:00 0 
7f06a0bc6000-7f06a0bc9000 ---p 00000000 00:00 0 
7f06a0bc9000-7f06a0cc7000 rw-p 00000000 00:00 0 
7f06a0cc7000-7f06a0cca000 ---p 00000000 00:00 0 
7f06a0cca000-7f06a0dc8000 rw-p 00000000 00:00 0 
7f06a0dc8000-7f06a0dcb000 ---p 00000000 00:00 0 
7f06a0dcb000-7f06a0ec9000 rw-p 00000000 00:00 0 
7f06a0ec9000-7f06a0ecc000 ---p 00000000 00:00 0 
7f06a0ecc000-7f06a0fca000 rw-p 00000000 00:00 0 
7f06a0fca000-7f06a16ad000 r--p 00000000 08:03 401745                     /usr/lib/locale/locale-archive
7f06a16ad000-7f06a16b0000 ---p 00000000 00:00 0 
7f06a16b0000-7f06a17ae000 rw-p 00000000 00:00 0 
7f06a17ae000-7f06a17b1000 ---p 00000000 00:00 0 
7f06a17b1000-7f06a18af000 rw-p 00000000 00:00 0 
7f06a18af000-7f06a18b0000 ---p 00000000 00:00 0 
7f06a18b0000-7f06a2365000 rw-p 00000000 00:00 0 
7f06a2365000-7f06a2517000 r--s 01d32000 08:03 2371841                    /usr/lib/jvm/java-7-openjdk-amd64/jre/lib/rt.jar
7f06a2517000-7f06a4dab000 rw-p 00000000 00:00 0 
7f06a4dab000-7f06a4dac000 ---p 00000000 00:00 0 
7f06a4dac000-7f06a4eac000 rw-p 00000000 00:00 0 
7f06a4eac000-7f06a4ead000 ---p 00000000 00:00 0 
7f06a4ead000-7f06a4fb8000 rw-p 00000000 00:00 0 
7f06a4fb8000-7f06a5000000 rw-p 00000000 00:00 0 
7f06a5000000-7f06a52b0000 rwxp 00000000 00:00 0 
7f06a52b0000-7f06a81f0000 rw-p 00000000 00:00 0 
7f06a81f0000-7f06ac000000 ---p 00000000 00:00 0 
7f06ac00f000-7f06ac021000 rw-p 00000000 00:00 0 
7f06ac021000-7f06ac165000 rw-p 00000000 00:00 0 
7f06ac165000-7f06ac170000 rw-p 00000000 00:00 0 
7f06ac170000-7f06ac1b8000 rw-p 00000000 00:00 0 
7f06ac1b8000-7f06ac1ca000 rw-p 00000000 00:00 0 
7f06ac1ca000-7f06ac30d000 rw-p 00000000 00:00 0 
7f06ac30d000-7f06ac353000 rw-p 00000000 00:00 0 
7f06ac353000-7f06ac3b8000 rw-p 00000000 00:00 0 
7f06ac3b8000-7f06ac3b9000 rw-p 00000000 00:00 0 
7f06ac3b9000-7f06ac3c1000 r-xp 00000000 08:03 2368451                    /usr/lib/jvm/java-7-openjdk-amd64/jre/lib/amd64/libzip.so
7f06ac3c1000-7f06ac5c0000 ---p 00008000 08:03 2368451                    /usr/lib/jvm/java-7-openjdk-amd64/jre/lib/amd64/libzip.so
7f06ac5c0000-7f06ac5c1000 r--p 00007000 08:03 2368451                    /usr/lib/jvm/java-7-openjdk-amd64/jre/lib/amd64/libzip.so
7f06ac5c1000-7f06ac5c2000 rw-p 00008000 08:03 2368451                    /usr/lib/jvm/java-7-openjdk-amd64/jre/lib/amd64/libzip.so
7f06ac5c2000-7f06ac5cc000 r-xp 00000000 08:03 2495209                    /lib/x86_64-linux-gnu/libnss_files-2.21.so
7f06ac5cc000-7f06ac7cc000 ---p 0000a000 08:03 2495209                    /lib/x86_64-linux-gnu/libnss_files-2.21.so
7f06ac7cc000-7f06ac7cd000 r--p 0000a000 08:03 2495209                    /lib/x86_64-linux-gnu/libnss_files-2.21.so
7f06ac7cd000-7f06ac7ce000 rw-p 0000b000 08:03 2495209                    /lib/x86_64-linux-gnu/libnss_files-2.21.so
7f06ac7ce000-7f06ac7d9000 r-xp 00000000 08:03 2505221                    /lib/x86_64-linux-gnu/libnss_nis-2.21.so
7f06ac7d9000-7f06ac9d8000 ---p 0000b000 08:03 2505221                    /lib/x86_64-linux-gnu/libnss_nis-2.21.so
7f06ac9d8000-7f06ac9d9000 r--p 0000a000 08:03 2505221                    /lib/x86_64-linux-gnu/libnss_nis-2.21.so
7f06ac9d9000-7f06ac9da000 rw-p 0000b000 08:03 2505221                    /lib/x86_64-linux-gnu/libnss_nis-2.21.so
7f06ac9da000-7f06ac9f1000 r-xp 00000000 08:03 2505224                    /lib/x86_64-linux-gnu/libnsl-2.21.so
7f06ac9f1000-7f06acbf0000 ---p 00017000 08:03 2505224                    /lib/x86_64-linux-gnu/libnsl-2.21.so
7f06acbf0000-7f06acbf1000 r--p 00016000 08:03 2505224                    /lib/x86_64-linux-gnu/libnsl-2.21.so
7f06acbf1000-7f06acbf2000 rw-p 00017000 08:03 2505224                    /lib/x86_64-linux-gnu/libnsl-2.21.so
7f06acbf2000-7f06acbf4000 rw-p 00000000 00:00 0 
7f06acbf4000-7f06acbfc000 r-xp 00000000 08:03 2505103                    /lib/x86_64-linux-gnu/libnss_compat-2.21.so
7f06acbfc000-7f06acdfb000 ---p 00008000 08:03 2505103                    /lib/x86_64-linux-gnu/libnss_compat-2.21.so
7f06acdfb000-7f06acdfc000 r--p 00007000 08:03 2505103                    /lib/x86_64-linux-gnu/libnss_compat-2.21.so
7f06acdfc000-7f06acdfd000 rw-p 00008000 08:03 2505103                    /lib/x86_64-linux-gnu/libnss_compat-2.21.so
7f06acdfd000-7f06ace29000 r-xp 00000000 08:03 2368437                    /usr/lib/jvm/java-7-openjdk-amd64/jre/lib/amd64/libjava.so
7f06ace29000-7f06ad028000 ---p 0002c000 08:03 2368437                    /usr/lib/jvm/java-7-openjdk-amd64/jre/lib/amd64/libjava.so
7f06ad028000-7f06ad029000 r--p 0002b000 08:03 2368437                    /usr/lib/jvm/java-7-openjdk-amd64/jre/lib/amd64/libjava.so
7f06ad029000-7f06ad02b000 rw-p 0002c000 08:03 2368437                    /usr/lib/jvm/java-7-openjdk-amd64/jre/lib/amd64/libjava.so
7f06ad02b000-7f06ad03a000 r-xp 00000000 08:03 2368438                    /usr/lib/jvm/java-7-openjdk-amd64/jre/lib/amd64/libverify.so
7f06ad03a000-7f06ad239000 ---p 0000f000 08:03 2368438                    /usr/lib/jvm/java-7-openjdk-amd64/jre/lib/amd64/libverify.so
7f06ad239000-7f06ad23b000 r--p 0000e000 08:03 2368438                    /usr/lib/jvm/java-7-openjdk-amd64/jre/lib/amd64/libverify.so
7f06ad23b000-7f06ad23c000 rw-p 00010000 08:03 2368438                    /usr/lib/jvm/java-7-openjdk-amd64/jre/lib/amd64/libverify.so
7f06ad23c000-7f06ad243000 r-xp 00000000 08:03 2505099                    /lib/x86_64-linux-gnu/librt-2.21.so
7f06ad243000-7f06ad442000 ---p 00007000 08:03 2505099                    /lib/x86_64-linux-gnu/librt-2.21.so
7f06ad442000-7f06ad443000 r--p 00006000 08:03 2505099                    /lib/x86_64-linux-gnu/librt-2.21.so
7f06ad443000-7f06ad444000 rw-p 00007000 08:03 2505099                    /lib/x86_64-linux-gnu/librt-2.21.so
7f06ad444000-7f06ad45a000 r-xp 00000000 08:03 2495103                    /lib/x86_64-linux-gnu/libgcc_s.so.1
7f06ad45a000-7f06ad659000 ---p 00016000 08:03 2495103                    /lib/x86_64-linux-gnu/libgcc_s.so.1
7f06ad659000-7f06ad65a000 r--p 00015000 08:03 2495103                    /lib/x86_64-linux-gnu/libgcc_s.so.1
7f06ad65a000-7f06ad65b000 rw-p 00016000 08:03 2495103                    /lib/x86_64-linux-gnu/libgcc_s.so.1
7f06ad65b000-7f06ad762000 r-xp 00000000 08:03 2505124                    /lib/x86_64-linux-gnu/libm-2.21.so
7f06ad762000-7f06ad961000 ---p 00107000 08:03 2505124                    /lib/x86_64-linux-gnu/libm-2.21.so
7f06ad961000-7f06ad962000 r--p 00106000 08:03 2505124                    /lib/x86_64-linux-gnu/libm-2.21.so
7f06ad962000-7f06ad963000 rw-p 00107000 08:03 2505124                    /lib/x86_64-linux-gnu/libm-2.21.so
7f06ad963000-7f06adad6000 r-xp 00000000 08:03 404217                     /usr/lib/x86_64-linux-gnu/libstdc++.so.6.0.21
7f06adad6000-7f06adcd5000 ---p 00173000 08:03 404217                     /usr/lib/x86_64-linux-gnu/libstdc++.so.6.0.21
7f06adcd5000-7f06adcdf000 r--p 00172000 08:03 404217                     /usr/lib/x86_64-linux-gnu/libstdc++.so.6.0.21
7f06adcdf000-7f06adce1000 rw-p 0017c000 08:03 404217                     /usr/lib/x86_64-linux-gnu/libstdc++.so.6.0.21
7f06adce1000-7f06adce5000 rw-p 00000000 00:00 0 
7f06adce5000-7f06ae838000 r-xp 00000000 08:03 2368449                    /usr/lib/jvm/java-7-openjdk-amd64/jre/lib/amd64/server/libjvm.so
7f06ae838000-7f06aea37000 ---p 00b53000 08:03 2368449                    /usr/lib/jvm/java-7-openjdk-amd64/jre/lib/amd64/server/libjvm.so
7f06aea37000-7f06aeac8000 r--p 00b52000 08:03 2368449                    /usr/lib/jvm/java-7-openjdk-amd64/jre/lib/amd64/server/libjvm.so
7f06aeac8000-7f06aeaeb000 rw-p 00be3000 08:03 2368449                    /usr/lib/jvm/java-7-openjdk-amd64/jre/lib/amd64/server/libjvm.so
7f06aeaeb000-7f06aeb18000 rw-p 00000000 00:00 0 
7f06aeb18000-7f06aeb31000 r-xp 00000000 08:03 2495249                    /lib/x86_64-linux-gnu/libz.so.1.2.8
7f06aeb31000-7f06aed30000 ---p 00019000 08:03 2495249                    /lib/x86_64-linux-gnu/libz.so.1.2.8
7f06aed30000-7f06aed31000 r--p 00018000 08:03 2495249                    /lib/x86_64-linux-gnu/libz.so.1.2.8
7f06aed31000-7f06aed32000 rw-p 00019000 08:03 2495249                    /lib/x86_64-linux-gnu/libz.so.1.2.8
7f06aed32000-7f06aed4a000 r-xp 00000000 08:03 2505125                    /lib/x86_64-linux-gnu/libpthread-2.21.so
7f06aed4a000-7f06aef4a000 ---p 00018000 08:03 2505125                    /lib/x86_64-linux-gnu/libpthread-2.21.so
7f06aef4a000-7f06aef4b000 r--p 00018000 08:03 2505125                    /lib/x86_64-linux-gnu/libpthread-2.21.so
7f06aef4b000-7f06aef4c000 rw-p 00019000 08:03 2505125                    /lib/x86_64-linux-gnu/libpthread-2.21.so
7f06aef4c000-7f06aef50000 rw-p 00000000 00:00 0 
7f06aef50000-7f06aef53000 r-xp 00000000 08:03 2505214                    /lib/x86_64-linux-gnu/libdl-2.21.so
7f06aef53000-7f06af152000 ---p 00003000 08:03 2505214                    /lib/x86_64-linux-gnu/libdl-2.21.so
7f06af152000-7f06af153000 r--p 00002000 08:03 2505214                    /lib/x86_64-linux-gnu/libdl-2.21.so
7f06af153000-7f06af154000 rw-p 00003000 08:03 2505214                    /lib/x86_64-linux-gnu/libdl-2.21.so
7f06af154000-7f06af314000 r-xp 00000000 08:03 2505227                    /lib/x86_64-linux-gnu/libc-2.21.so
7f06af314000-7f06af514000 ---p 001c0000 08:03 2505227                    /lib/x86_64-linux-gnu/libc-2.21.so
7f06af514000-7f06af518000 r--p 001c0000 08:03 2505227                    /lib/x86_64-linux-gnu/libc-2.21.so
7f06af518000-7f06af51a000 rw-p 001c4000 08:03 2505227                    /lib/x86_64-linux-gnu/libc-2.21.so
7f06af51a000-7f06af51e000 rw-p 00000000 00:00 0 
7f06af51e000-7f06af52b000 r-xp 00000000 08:03 2368464                    /usr/lib/jvm/java-7-openjdk-amd64/jre/lib/amd64/jli/libjli.so
7f06af52b000-7f06af72a000 ---p 0000d000 08:03 2368464                    /usr/lib/jvm/java-7-openjdk-amd64/jre/lib/amd64/jli/libjli.so
7f06af72a000-7f06af72b000 r--p 0000c000 08:03 2368464                    /usr/lib/jvm/java-7-openjdk-amd64/jre/lib/amd64/jli/libjli.so
7f06af72b000-7f06af72c000 rw-p 0000d000 08:03 2368464                    /usr/lib/jvm/java-7-openjdk-amd64/jre/lib/amd64/jli/libjli.so
7f06af72c000-7f06af750000 r-xp 00000000 08:03 2505225                    /lib/x86_64-linux-gnu/ld-2.21.so
7f06af757000-7f06af766000 r--s 000dd000 08:03 2637194                    /root/Android/Sdk/build-tools/22.0.1/lib/dx.jar
7f06af766000-7f06af771000 rw-p 00000000 00:00 0 
7f06af771000-7f06af826000 rw-p 00000000 00:00 0 
7f06af826000-7f06af829000 ---p 00000000 00:00 0 
7f06af829000-7f06af92c000 rw-p 00000000 00:00 0 
7f06af92e000-7f06af92f000 rw-p 00000000 00:00 0 
7f06af92f000-7f06af933000 r--s 00034000 08:03 2371853                    /usr/lib/jvm/java-7-openjdk-amd64/jre/lib/ext/sunjce_provider.jar
7f06af933000-7f06af934000 r--s 00002000 08:03 2371851                    /usr/lib/jvm/java-7-openjdk-amd64/jre/lib/ext/dnsns.jar
7f06af934000-7f06af938000 r--s 0003c000 08:03 2371856                    /usr/lib/jvm/java-7-openjdk-amd64/jre/lib/ext/sunpkcs11.jar
7f06af938000-7f06af93a000 r--s 00012000 08:03 2371852                    /usr/lib/jvm/java-7-openjdk-amd64/jre/lib/ext/zipfs.jar
7f06af93a000-7f06af93e000 r--s 00085000 08:03 2371855                    /usr/lib/jvm/java-7-openjdk-amd64/jre/lib/ext/localedata.jar
7f06af93e000-7f06af940000 r--s 00007000 08:03 806455                     /usr/share/java/java-atk-wrapper.jar
7f06af940000-7f06af943000 r--s 0000f000 08:03 2371854                    /usr/lib/jvm/java-7-openjdk-amd64/jre/lib/ext/icedtea-sound.jar
7f06af943000-7f06af94b000 rw-s 00000000 08:03 418306                     /tmp/hsperfdata_root/10529
7f06af94b000-7f06af94c000 rw-p 00000000 00:00 0 
7f06af94c000-7f06af94d000 ---p 00000000 00:00 0 
7f06af94d000-7f06af94f000 rw-p 00000000 00:00 0 
7f06af94f000-7f06af950000 r--p 00023000 08:03 2505225                    /lib/x86_64-linux-gnu/ld-2.21.so
7f06af950000-7f06af951000 rw-p 00024000 08:03 2505225                    /lib/x86_64-linux-gnu/ld-2.21.so
7f06af951000-7f06af952000 rw-p 00000000 00:00 0 
7ffeae292000-7ffeae2b3000 rw-p 00000000 00:00 0                          [stack]
7ffeae2eb000-7ffeae2ed000 r--p 00000000 00:00 0                          [vvar]
7ffeae2ed000-7ffeae2ef000 r-xp 00000000 00:00 0                          [vdso]
ffffffffff600000-ffffffffff601000 r-xp 00000000 00:00 0                  [vsyscall]

VM Arguments:
jvm_args: -Djava.awt.headless=true -Xmx1024M -Dfile.encoding=UTF-8 -Duser.country=US -Duser.language=en -Duser.variant 
java_command: com.android.dx.command.Main --dex --force-jumbo --multi-dex --output /root/AndroidStudioProjects/MyNotesV2/MyNotesV2/app/build/intermediates/transforms/dex/debug/folders/1000/10/com.android.support-appcompat-v7-22.2.1_46c650a96affefd85e23aac07e8619e26c4234a7 /root/AndroidStudioProjects/MyNotesV2/MyNotesV2/app/build/intermediates/exploded-aar/com.android.support/appcompat-v7/22.2.1/jars/classes.jar
Launcher Type: SUN_STANDARD

Environment Variables:
PATH=/root/.rbenv/plugins/ruby-build/bin:/root/.rbenv/shims:/root/.rbenv/bin:/usr/local/sbin:/usr/local/bin:/usr/sbin:/usr/bin:/sbin:/bin:/usr/games:/usr/local/games
USERNAME=root
LD_LIBRARY_PATH=.:
SHELL=/bin/bash
DISPLAY=:1

Signal Handlers:
SIGSEGV: [libjvm.so+0x996e60], sa_mask[0]=0x7ffbfeff, sa_flags=0x10000004
SIGBUS: [libjvm.so+0x996e60], sa_mask[0]=0x7ffbfeff, sa_flags=0x10000004
SIGFPE: [libjvm.so+0x7fdc90], sa_mask[0]=0x7ffbfeff, sa_flags=0x10000004
SIGPIPE: [libjvm.so+0x7fdc90], sa_mask[0]=0x7ffbfeff, sa_flags=0x10000004
SIGXFSZ: [libjvm.so+0x7fdc90], sa_mask[0]=0x7ffbfeff, sa_flags=0x10000004
SIGILL: [libjvm.so+0x7fdc90], sa_mask[0]=0x7ffbfeff, sa_flags=0x10000004
SIGUSR1: SIG_DFL, sa_mask[0]=0x00000000, sa_flags=0x00000000
SIGUSR2: [libjvm.so+0x7fdb10], sa_mask[0]=0x00000004, sa_flags=0x10000004
SIGHUP: [libjvm.so+0x7fdca0], sa_mask[0]=0x7ffbfeff, sa_flags=0x10000004
SIGINT: [libjvm.so+0x7fdca0], sa_mask[0]=0x7ffbfeff, sa_flags=0x10000004
SIGTERM: [libjvm.so+0x7fdca0], sa_mask[0]=0x7ffbfeff, sa_flags=0x10000004
SIGQUIT: [libjvm.so+0x7fdca0], sa_mask[0]=0x7ffbfeff, sa_flags=0x10000004
SIGTRAP: SIG_DFL, sa_mask[0]=0x00000000, sa_flags=0x00000000


---------------  S Y S T E M  ---------------

OS:Ubuntu 15.10 (wily)
uname:Linux 4.2.0-36-generic #42-Ubuntu SMP Thu May 12 22:05:35 UTC 2016 x86_64
libc:glibc 2.21 NPTL 2.21 
rlimit: STACK 8192k, CORE 0k, NPROC 13522, NOFILE 65536, AS infinity
load average:4,15 3,53 3,49

/proc/meminfo:
MemTotal:        3498560 kB
MemFree:           31064 kB
MemAvailable:      83928 kB
Buffers:            2172 kB
Cached:            63952 kB
SwapCached:            0 kB
Active:          3252324 kB
Inactive:          38716 kB
Active(anon):    3228632 kB
Inactive(anon):    23700 kB
Active(file):      23692 kB
Inactive(file):    15016 kB
Unevictable:          16 kB
Mlocked:              16 kB
SwapTotal:             0 kB
SwapFree:              0 kB
Dirty:               120 kB
Writeback:             0 kB
AnonPages:       3224984 kB
Mapped:            47900 kB
Shmem:             27368 kB
Slab:              84816 kB
SReclaimable:      41768 kB
SUnreclaim:        43048 kB
KernelStack:       10624 kB
PageTables:        38848 kB
NFS_Unstable:          0 kB
Bounce:                0 kB
WritebackTmp:          0 kB
CommitLimit:     1749280 kB
Committed_AS:    7193040 kB
VmallocTotal:   34359738367 kB
VmallocUsed:      288356 kB
VmallocChunk:   34358947836 kB
HardwareCorrupted:     0 kB
AnonHugePages:   1363968 kB
CmaTotal:              0 kB
CmaFree:               0 kB
HugePages_Total:       0
HugePages_Free:        0
HugePages_Rsvd:        0
HugePages_Surp:        0
Hugepagesize:       2048 kB
DirectMap4k:      242232 kB
DirectMap2M:     3395584 kB
DirectMap1G:           0 kB


CPU:total 2 (2 cores per cpu, 1 threads per core) family 18 model 1 stepping 0, cmov, cx8, fxsr, mmx, sse, sse2, sse3, popcnt, mmxext, 3dnowpref, lzcnt, sse4a, tsc, tscinvbit, tscinv

/proc/cpuinfo:
processor	: 0
vendor_id	: AuthenticAMD
cpu family	: 18
model		: 1
model name	: AMD A4-3310MX APU with Radeon(tm) HD Graphics
stepping	: 0
microcode	: 0x3000027
cpu MHz		: 1000.000
cache size	: 1024 KB
physical id	: 0
siblings	: 2
core id		: 0
cpu cores	: 2
apicid		: 0
initial apicid	: 0
fpu		: yes
fpu_exception	: yes
cpuid level	: 6
wp		: yes
flags		: fpu vme de pse tsc msr pae mce cx8 apic sep mtrr pge mca cmov pat pse36 clflush mmx fxsr sse sse2 ht syscall nx mmxext fxsr_opt pdpe1gb rdtscp lm 3dnowext 3dnow constant_tsc rep_good nopl nonstop_tsc extd_apicid aperfmperf pni monitor cx16 popcnt lahf_lm cmp_legacy svm extapic cr8_legacy abm sse4a misalignsse 3dnowprefetch osvw ibs skinit wdt arat cpb hw_pstate npt lbrv svm_lock nrip_save pausefilter vmmcall
bugs		: fxsave_leak sysret_ss_attrs
bogomips	: 4192.21
TLB size	: 1536 4K pages
clflush size	: 64
cache_alignment	: 64
address sizes	: 40 bits physical, 48 bits virtual
power management: ts ttp tm stc 100mhzsteps hwpstate cpb

processor	: 1
vendor_id	: AuthenticAMD
cpu family	: 18
model		: 1
model name	: AMD A4-3310MX APU with Radeon(tm) HD Graphics
stepping	: 0
microcode	: 0x3000027
cpu MHz		: 1800.000
cache size	: 1024 KB
physical id	: 0
siblings	: 2
core id		: 1
cpu cores	: 2
apicid		: 1
initial apicid	: 1
fpu		: yes
fpu_exception	: yes
cpuid level	: 6
wp		: yes
flags		: fpu vme de pse tsc msr pae mce cx8 apic sep mtrr pge mca cmov pat pse36 clflush mmx fxsr sse sse2 ht syscall nx mmxext fxsr_opt pdpe1gb rdtscp lm 3dnowext 3dnow constant_tsc rep_good nopl nonstop_tsc extd_apicid aperfmperf pni monitor cx16 popcnt lahf_lm cmp_legacy svm extapic cr8_legacy abm sse4a misalignsse 3dnowprefetch osvw ibs skinit wdt arat cpb hw_pstate npt lbrv svm_lock nrip_save pausefilter vmmcall
bugs		: fxsave_leak sysret_ss_attrs
bogomips	: 4192.21
TLB size	: 1536 4K pages
clflush size	: 64
cache_alignment	: 64
address sizes	: 40 bits physical, 48 bits virtual
power management: ts ttp tm stc 100mhzsteps hwpstate cpb



Memory: 4k page, physical 3498560k(31064k free), swap 0k(0k free)

vm_info: OpenJDK 64-Bit Server VM (24.95-b01) for linux-amd64 JRE (1.7.0_101-b00), built on Apr 24 2016 20:35:58 by "buildd" with gcc 5.2.1 20151010

time: Sun Jun 12 17:46:17 2016
elapsed time: 27 seconds

